<?xml version="1.0" encoding="UTF-8"?>
<coverage generated="1781377088492" clover="3.2.0">
  <project timestamp="1781377088492" name="All files">
    <metrics statements="629" coveredstatements="578" conditionals="473" coveredconditionals="429" methods="127" coveredmethods="111" elements="1229" coveredelements="1118" complexity="0" loc="629" ncloc="629" packages="11" files="31" classes="31"/>
    <package name="src">
      <metrics statements="0" coveredstatements="0" conditionals="0" coveredconditionals="0" methods="0" coveredmethods="0"/>
      <file name="index.ts" path="/home/yutiuser/projects/solana/solana-sdk/src/index.ts">
        <metrics statements="0" coveredstatements="0" conditionals="0" coveredconditionals="0" methods="0" coveredmethods="0"/>
      </file>
    </package>
    <package name="src.cli">
      <metrics statements="2" coveredstatements="0" conditionals="0" coveredconditionals="0" methods="2" coveredmethods="0"/>
      <file name="health.ts" path="/home/yutiuser/projects/solana/solana-sdk/src/cli/health.ts">
        <metrics statements="1" coveredstatements="0" conditionals="0" coveredconditionals="0" methods="1" coveredmethods="0"/>
        <line num="15" count="0" type="stmt"/>
      </file>
      <file name="simulate.ts" path="/home/yutiuser/projects/solana/solana-sdk/src/cli/simulate.ts">
        <metrics statements="1" coveredstatements="0" conditionals="0" coveredconditionals="0" methods="1" coveredmethods="0"/>
        <line num="18" count="0" type="stmt"/>
      </file>
    </package>
    <package name="src.core">
      <metrics statements="29" coveredstatements="29" conditionals="20" coveredconditionals="19" methods="17" coveredmethods="17"/>
      <file name="clock.ts" path="/home/yutiuser/projects/solana/solana-sdk/src/core/clock.ts">
        <metrics statements="2" coveredstatements="2" conditionals="0" coveredconditionals="0" methods="2" coveredmethods="2"/>
        <line num="23" count="4" type="stmt"/>
        <line num="25" count="5" type="stmt"/>
      </file>
      <file name="error.ts" path="/home/yutiuser/projects/solana/solana-sdk/src/core/error.ts">
        <metrics statements="14" coveredstatements="14" conditionals="16" coveredconditionals="15" methods="4" coveredmethods="4"/>
        <line num="46" count="184" type="cond" truecount="4" falsecount="0"/>
        <line num="49" count="184" type="stmt"/>
        <line num="50" count="184" type="stmt"/>
        <line num="51" count="184" type="stmt"/>
        <line num="52" count="184" type="stmt"/>
        <line num="53" count="184" type="stmt"/>
        <line num="54" count="184" type="stmt"/>
        <line num="56" count="184" type="stmt"/>
        <line num="63" count="145" type="stmt"/>
        <line num="74" count="55" type="cond" truecount="1" falsecount="1"/>
        <line num="82" count="7" type="cond" truecount="4" falsecount="0"/>
        <line num="83" count="1" type="stmt"/>
        <line num="85" count="6" type="cond" truecount="2" falsecount="0"/>
        <line num="86" count="7" type="stmt"/>
      </file>
      <file name="random.ts" path="/home/yutiuser/projects/solana/solana-sdk/src/core/random.ts">
        <metrics statements="2" coveredstatements="2" conditionals="0" coveredconditionals="0" methods="2" coveredmethods="2"/>
        <line num="22" count="3" type="stmt"/>
        <line num="24" count="21" type="stmt"/>
      </file>
      <file name="result.ts" path="/home/yutiuser/projects/solana/solana-sdk/src/core/result.ts">
        <metrics statements="8" coveredstatements="8" conditionals="4" coveredconditionals="4" methods="6" coveredmethods="6"/>
        <line num="20" count="346" type="stmt"/>
        <line num="27" count="101" type="stmt"/>
        <line num="34" count="395" type="stmt"/>
        <line num="41" count="51" type="stmt"/>
        <line num="51" count="2" type="cond" truecount="2" falsecount="0"/>
        <line num="59" count="2" type="cond" truecount="2" falsecount="0"/>
        <line num="60" count="1" type="stmt"/>
        <line num="62" count="1" type="stmt"/>
      </file>
      <file name="timer.ts" path="/home/yutiuser/projects/solana/solana-sdk/src/core/timer.ts">
        <metrics statements="3" coveredstatements="3" conditionals="0" coveredconditionals="0" methods="3" coveredmethods="3"/>
        <line num="28" count="6" type="stmt"/>
        <line num="30" count="5" type="stmt"/>
        <line num="33" count="2" type="stmt"/>
      </file>
    </package>
    <package name="src.fee">
      <metrics statements="52" coveredstatements="52" conditionals="42" coveredconditionals="42" methods="7" coveredmethods="7"/>
      <file name="priority-fee.ts" path="/home/yutiuser/projects/solana/solana-sdk/src/fee/priority-fee.ts">
        <metrics statements="52" coveredstatements="52" conditionals="42" coveredconditionals="42" methods="7" coveredmethods="7"/>
        <line num="29" count="8" type="stmt"/>
        <line num="33" count="7" type="cond" truecount="2" falsecount="0"/>
        <line num="34" count="1" type="stmt"/>
        <line num="36" count="6" type="cond" truecount="2" falsecount="0"/>
        <line num="37" count="1" type="stmt"/>
        <line num="40" count="5" type="stmt"/>
        <line num="62" count="13" type="stmt"/>
        <line num="65" count="12" type="stmt"/>
        <line num="66" count="12" type="stmt"/>
        <line num="72" count="10" type="stmt"/>
        <line num="75" count="10" type="cond" truecount="2" falsecount="0"/>
        <line num="76" count="7" type="stmt"/>
        <line num="79" count="3" type="cond" truecount="2" falsecount="0"/>
        <line num="85" count="1" type="stmt"/>
        <line num="88" count="2" type="cond" truecount="2" falsecount="0"/>
        <line num="94" count="1" type="stmt"/>
        <line num="96" count="1" type="stmt"/>
        <line num="105" count="9" type="cond" truecount="2" falsecount="0"/>
        <line num="106" count="1" type="stmt"/>
        <line num="112" count="8" type="stmt"/>
        <line num="114" count="8" type="stmt"/>
        <line num="121" count="2" type="cond" truecount="2" falsecount="0"/>
        <line num="122" count="1" type="stmt"/>
        <line num="125" count="1" type="stmt"/>
        <line num="126" count="1" type="stmt"/>
        <line num="139" count="9" type="stmt"/>
        <line num="141" count="9" type="stmt"/>
        <line num="142" count="18" type="cond" truecount="2" falsecount="0"/>
        <line num="147" count="15" type="stmt"/>
        <line num="148" count="15" type="cond" truecount="5" falsecount="0"/>
        <line num="149" count="13" type="stmt"/>
        <line num="154" count="9" type="stmt"/>
        <line num="170" count="11" type="stmt"/>
        <line num="171" count="11" type="stmt"/>
        <line num="190" count="16" type="cond" truecount="2" falsecount="0"/>
        <line num="191" count="1" type="stmt"/>
        <line num="193" count="15" type="cond" truecount="2" falsecount="0"/>
        <line num="194" count="1" type="stmt"/>
        <line num="196" count="14" type="cond" truecount="2" falsecount="0"/>
        <line num="197" count="1" type="stmt"/>
        <line num="200" count="13" type="stmt"/>
        <line num="203" count="13" type="stmt"/>
        <line num="204" count="13" type="stmt"/>
        <line num="205" count="13" type="stmt"/>
        <line num="207" count="12" type="cond" truecount="2" falsecount="0"/>
        <line num="208" count="7" type="stmt"/>
        <line num="211" count="7" type="cond" truecount="2" falsecount="0"/>
        <line num="212" count="5" type="stmt"/>
        <line num="215" count="2" type="stmt"/>
        <line num="219" count="5" type="stmt"/>
        <line num="222" count="1" type="stmt"/>
        <line num="227" count="8" type="stmt"/>
      </file>
    </package>
    <package name="src.metrics">
      <metrics statements="6" coveredstatements="0" conditionals="0" coveredconditionals="0" methods="5" coveredmethods="0"/>
      <file name="memory.ts" path="/home/yutiuser/projects/solana/solana-sdk/src/metrics/memory.ts">
        <metrics statements="4" coveredstatements="0" conditionals="0" coveredconditionals="0" methods="3" coveredmethods="0"/>
        <line num="17" count="0" type="stmt"/>
        <line num="24" count="0" type="stmt"/>
        <line num="27" count="0" type="stmt"/>
        <line num="31" count="0" type="stmt"/>
      </file>
      <file name="otel.ts" path="/home/yutiuser/projects/solana/solana-sdk/src/metrics/otel.ts">
        <metrics statements="2" coveredstatements="0" conditionals="0" coveredconditionals="0" methods="2" coveredmethods="0"/>
        <line num="30" count="0" type="stmt"/>
        <line num="41" count="0" type="stmt"/>
      </file>
    </package>
    <package name="src.relay">
      <metrics statements="47" coveredstatements="36" conditionals="46" coveredconditionals="35" methods="3" coveredmethods="3"/>
      <file name="jito.ts" path="/home/yutiuser/projects/solana/solana-sdk/src/relay/jito.ts">
        <metrics statements="22" coveredstatements="22" conditionals="26" coveredconditionals="25" methods="2" coveredmethods="2"/>
        <line num="26" count="14" type="cond" truecount="2" falsecount="0"/>
        <line num="27" count="14" type="cond" truecount="2" falsecount="0"/>
        <line num="29" count="14" type="stmt"/>
        <line num="33" count="12" type="stmt"/>
        <line num="36" count="12" type="cond" truecount="2" falsecount="0"/>
        <line num="37" count="1" type="stmt"/>
        <line num="43" count="11" type="stmt"/>
        <line num="52" count="10" type="cond" truecount="2" falsecount="0"/>
        <line num="53" count="7" type="stmt"/>
        <line num="54" count="3" type="cond" truecount="3" falsecount="1"/>
        <line num="55" count="3" type="stmt"/>
        <line num="56" count="3" type="cond" truecount="4" falsecount="0"/>
        <line num="57" count="1" type="stmt"/>
        <line num="58" count="2" type="cond" truecount="4" falsecount="0"/>
        <line num="59" count="1" type="stmt"/>
        <line num="64" count="10" type="cond" truecount="4" falsecount="0"/>
        <line num="65" count="3" type="stmt"/>
        <line num="68" count="7" type="stmt"/>
        <line num="73" count="5" type="cond" truecount="2" falsecount="0"/>
        <line num="74" count="4" type="stmt"/>
        <line num="76" count="1" type="stmt"/>
        <line num="81" count="14" type="stmt"/>
      </file>
      <file name="router.ts" path="/home/yutiuser/projects/solana/solana-sdk/src/relay/router.ts">
        <metrics statements="25" coveredstatements="14" conditionals="20" coveredconditionals="10" methods="1" coveredmethods="1"/>
        <line num="40" count="9" type="cond" truecount="4" falsecount="0"/>
        <line num="41" count="8" type="stmt"/>
        <line num="42" count="8" type="stmt"/>
        <line num="44" count="6" type="stmt"/>
        <line num="51" count="2" type="cond" truecount="2" falsecount="0"/>
        <line num="53" count="1" type="cond" truecount="1" falsecount="1"/>
        <line num="54" count="1" type="stmt"/>
        <line num="57" count="0" type="stmt"/>
        <line num="65" count="1" type="stmt"/>
        <line num="66" count="1" type="cond" truecount="1" falsecount="1"/>
        <line num="67" count="1" type="stmt"/>
        <line num="73" count="0" type="stmt"/>
        <line num="79" count="1" type="cond" truecount="1" falsecount="1"/>
        <line num="80" count="1" type="stmt"/>
        <line num="81" count="1" type="cond" truecount="1" falsecount="1"/>
        <line num="82" count="1" type="stmt"/>
        <line num="88" count="0" type="stmt"/>
        <line num="93" count="0" type="cond" truecount="0" falsecount="2"/>
        <line num="94" count="0" type="cond" truecount="0" falsecount="2"/>
        <line num="95" count="0" type="stmt"/>
        <line num="96" count="0" type="cond" truecount="0" falsecount="2"/>
        <line num="97" count="0" type="stmt"/>
        <line num="103" count="0" type="stmt"/>
        <line num="106" count="0" type="stmt"/>
        <line num="113" count="0" type="stmt"/>
      </file>
    </package>
    <package name="src.rpc">
      <metrics statements="207" coveredstatements="198" conditionals="146" coveredconditionals="132" methods="39" coveredmethods="38"/>
      <file name="circuit-breaker.ts" path="/home/yutiuser/projects/solana/solana-sdk/src/rpc/circuit-breaker.ts">
        <metrics statements="7" coveredstatements="7" conditionals="6" coveredconditionals="6" methods="4" coveredmethods="4"/>
        <line num="23" count="35" type="stmt"/>
        <line num="39" count="17" type="stmt"/>
        <line num="56" count="5" type="cond" truecount="2" falsecount="0"/>
        <line num="75" count="82" type="cond" truecount="2" falsecount="0"/>
        <line num="80" count="6" type="stmt"/>
        <line num="81" count="6" type="stmt"/>
        <line num="87" count="76" type="stmt"/>
      </file>
      <file name="endpoint.ts" path="/home/yutiuser/projects/solana/solana-sdk/src/rpc/endpoint.ts">
        <metrics statements="26" coveredstatements="25" conditionals="16" coveredconditionals="15" methods="9" coveredmethods="9"/>
        <line num="22" count="76" type="cond" truecount="2" falsecount="0"/>
        <line num="23" count="76" type="stmt"/>
        <line num="28" count="76" type="cond" truecount="2" falsecount="0"/>
        <line num="29" count="1" type="stmt"/>
        <line num="32" count="76" type="cond" truecount="1" falsecount="1"/>
        <line num="33" count="0" type="stmt"/>
        <line num="37" count="76" type="cond" truecount="4" falsecount="0"/>
        <line num="38" count="1" type="stmt"/>
        <line num="41" count="75" type="stmt"/>
        <line num="42" count="75" type="stmt"/>
        <line num="44" count="75" type="stmt"/>
        <line num="46" count="3" type="stmt"/>
        <line num="49" count="72" type="stmt"/>
        <line num="58" count="201" type="stmt"/>
        <line num="60" count="201" type="stmt"/>
        <line num="71" count="192" type="stmt"/>
        <line num="90" count="32" type="stmt"/>
        <line num="92" count="32" type="stmt"/>
        <line num="95" count="32" type="stmt"/>
        <line num="113" count="31" type="stmt"/>
        <line num="127" count="19" type="stmt"/>
        <line num="143" count="10" type="stmt"/>
        <line num="159" count="3" type="cond" truecount="2" falsecount="0"/>
        <line num="160" count="2" type="stmt"/>
        <line num="162" count="1" type="stmt"/>
        <line num="175" count="4" type="cond" truecount="2" falsecount="0"/>
      </file>
      <file name="registry.ts" path="/home/yutiuser/projects/solana/solana-sdk/src/rpc/registry.ts">
        <metrics statements="21" coveredstatements="21" conditionals="8" coveredconditionals="8" methods="6" coveredmethods="6"/>
        <line num="24" count="46" type="cond" truecount="4" falsecount="0"/>
        <line num="25" count="1" type="stmt"/>
        <line num="29" count="45" type="stmt"/>
        <line num="30" count="45" type="stmt"/>
        <line num="32" count="45" type="stmt"/>
        <line num="33" count="63" type="stmt"/>
        <line num="34" count="63" type="cond" truecount="2" falsecount="0"/>
        <line num="35" count="1" type="stmt"/>
        <line num="38" count="62" type="stmt"/>
        <line num="39" count="62" type="stmt"/>
        <line num="42" count="62" type="cond" truecount="2" falsecount="0"/>
        <line num="43" count="60" type="stmt"/>
        <line num="44" count="60" type="stmt"/>
        <line num="49" count="59" type="stmt"/>
        <line num="51" count="44" type="stmt"/>
        <line num="58" count="44" type="stmt"/>
        <line num="61" count="44" type="stmt"/>
        <line num="62" count="59" type="stmt"/>
        <line num="67" count="150" type="stmt"/>
        <line num="71" count="27" type="stmt"/>
        <line num="75" count="153" type="stmt"/>
      </file>
      <file name="resilient-client.ts" path="/home/yutiuser/projects/solana/solana-sdk/src/rpc/resilient-client.ts">
        <metrics statements="66" coveredstatements="59" conditionals="30" coveredconditionals="25" methods="4" coveredmethods="3"/>
        <line num="53" count="4" type="stmt"/>
        <line num="62" count="3" type="stmt"/>
        <line num="64" count="3" type="cond" truecount="2" falsecount="0"/>
        <line num="65" count="2" type="stmt"/>
        <line num="67" count="1" type="stmt"/>
        <line num="90" count="32" type="stmt"/>
        <line num="91" count="32" type="stmt"/>
        <line num="94" count="32" type="stmt"/>
        <line num="96" count="32" type="stmt"/>
        <line num="97" count="32" type="stmt"/>
        <line num="100" count="32" type="stmt"/>
        <line num="101" count="53" type="stmt"/>
        <line num="104" count="53" type="stmt"/>
        <line num="105" count="53" type="stmt"/>
        <line num="106" count="53" type="stmt"/>
        <line num="107" count="76" type="stmt"/>
        <line num="108" count="76" type="stmt"/>
        <line num="112" count="53" type="stmt"/>
        <line num="118" count="53" type="cond" truecount="2" falsecount="0"/>
        <line num="119" count="2" type="stmt"/>
        <line num="122" count="51" type="stmt"/>
        <line num="125" count="51" type="cond" truecount="4" falsecount="0"/>
        <line num="126" count="9" type="stmt"/>
        <line num="127" count="9" type="cond" truecount="1" falsecount="1"/>
        <line num="128" count="9" type="stmt"/>
        <line num="129" count="9" type="stmt"/>
        <line num="132" count="51" type="stmt"/>
        <line num="134" count="51" type="stmt"/>
        <line num="137" count="51" type="cond" truecount="1" falsecount="1"/>
        <line num="138" count="0" type="stmt"/>
        <line num="139" count="0" type="stmt"/>
        <line num="140" count="0" type="stmt"/>
        <line num="141" count="0" type="stmt"/>
        <line num="145" count="51" type="cond" truecount="2" falsecount="0"/>
        <line num="148" count="53" type="stmt"/>
        <line num="151" count="53" type="stmt"/>
        <line num="154" count="51" type="stmt"/>
        <line num="157" count="51" type="cond" truecount="2" falsecount="0"/>
        <line num="158" count="20" type="stmt"/>
        <line num="159" count="20" type="stmt"/>
        <line num="161" count="20" type="stmt"/>
        <line num="170" count="31" type="stmt"/>
        <line num="173" count="31" type="cond" truecount="2" falsecount="0"/>
        <line num="174" count="5" type="stmt"/>
        <line num="175" count="5" type="stmt"/>
        <line num="177" count="26" type="stmt"/>
        <line num="180" count="31" type="stmt"/>
        <line num="183" count="31" type="cond" truecount="2" falsecount="0"/>
        <line num="185" count="10" type="cond" truecount="2" falsecount="0"/>
        <line num="186" count="4" type="stmt"/>
        <line num="187" count="4" type="stmt"/>
        <line num="188" count="4" type="stmt"/>
        <line num="191" count="6" type="stmt"/>
        <line num="192" count="6" type="stmt"/>
        <line num="193" count="6" type="stmt"/>
        <line num="194" count="6" type="stmt"/>
        <line num="198" count="21" type="stmt"/>
        <line num="199" count="21" type="cond" truecount="1" falsecount="1"/>
        <line num="200" count="0" type="stmt"/>
        <line num="201" count="0" type="stmt"/>
        <line num="207" count="6" type="cond" truecount="1" falsecount="1"/>
        <line num="210" count="6" type="cond" truecount="2" falsecount="0"/>
        <line num="211" count="3" type="stmt"/>
        <line num="218" count="3" type="cond" truecount="1" falsecount="1"/>
        <line num="219" count="3" type="stmt"/>
        <line num="224" count="0" type="stmt"/>
      </file>
      <file name="retry.ts" path="/home/yutiuser/projects/solana/solana-sdk/src/rpc/retry.ts">
        <metrics statements="11" coveredstatements="11" conditionals="4" coveredconditionals="4" methods="2" coveredmethods="2"/>
        <line num="28" count="46" type="cond" truecount="2" falsecount="0"/>
        <line num="29" count="1" type="stmt"/>
        <line num="33" count="45" type="cond" truecount="2" falsecount="0"/>
        <line num="34" count="8" type="stmt"/>
        <line num="38" count="37" type="stmt"/>
        <line num="58" count="58" type="stmt"/>
        <line num="61" count="58" type="stmt"/>
        <line num="64" count="58" type="stmt"/>
        <line num="65" count="58" type="stmt"/>
        <line num="66" count="58" type="stmt"/>
        <line num="69" count="58" type="stmt"/>
      </file>
      <file name="scoring.ts" path="/home/yutiuser/projects/solana/solana-sdk/src/rpc/scoring.ts">
        <metrics statements="27" coveredstatements="26" conditionals="14" coveredconditionals="12" methods="4" coveredmethods="4"/>
        <line num="30" count="91" type="stmt"/>
        <line num="33" count="91" type="stmt"/>
        <line num="36" count="91" type="stmt"/>
        <line num="37" count="91" type="cond" truecount="2" falsecount="0"/>
        <line num="38" count="91" type="stmt"/>
        <line num="41" count="91" type="cond" truecount="2" falsecount="0"/>
        <line num="42" count="25" type="stmt"/>
        <line num="44" count="25" type="stmt"/>
        <line num="45" count="25" type="stmt"/>
        <line num="48" count="91" type="stmt"/>
        <line num="58" count="90" type="cond" truecount="2" falsecount="0"/>
        <line num="77" count="87" type="stmt"/>
        <line num="79" count="60" type="cond" truecount="2" falsecount="0"/>
        <line num="80" count="4" type="stmt"/>
        <line num="84" count="56" type="stmt"/>
        <line num="85" count="56" type="cond" truecount="1" falsecount="1"/>
        <line num="86" count="0" type="stmt"/>
        <line num="89" count="56" type="stmt"/>
        <line num="90" count="56" type="stmt"/>
        <line num="92" count="56" type="stmt"/>
        <line num="93" count="23" type="stmt"/>
        <line num="94" count="23" type="cond" truecount="1" falsecount="1"/>
        <line num="95" count="23" type="stmt"/>
        <line num="96" count="23" type="cond" truecount="2" falsecount="0"/>
        <line num="97" count="13" type="stmt"/>
        <line num="98" count="13" type="stmt"/>
        <line num="103" count="56" type="stmt"/>
      </file>
      <file name="timeout.ts" path="/home/yutiuser/projects/solana/solana-sdk/src/rpc/timeout.ts">
        <metrics statements="23" coveredstatements="23" conditionals="10" coveredconditionals="8" methods="7" coveredmethods="7"/>
        <line num="26" count="6" type="cond" truecount="2" falsecount="0"/>
        <line num="27" count="1" type="stmt"/>
        <line num="29" count="5" type="stmt"/>
        <line num="40" count="7" type="stmt"/>
        <line num="64" count="13" type="cond" truecount="2" falsecount="0"/>
        <line num="65" count="1" type="stmt"/>
        <line num="68" count="12" type="stmt"/>
        <line num="70" count="12" type="stmt"/>
        <line num="71" count="12" type="stmt"/>
        <line num="73" count="12" type="stmt"/>
        <line num="74" count="3" type="cond" truecount="1" falsecount="1"/>
        <line num="75" count="3" type="stmt"/>
        <line num="76" count="3" type="stmt"/>
        <line num="77" count="3" type="stmt"/>
        <line num="80" count="12" type="stmt"/>
        <line num="82" count="8" type="cond" truecount="2" falsecount="0"/>
        <line num="83" count="7" type="stmt"/>
        <line num="84" count="7" type="stmt"/>
        <line num="85" count="7" type="stmt"/>
        <line num="88" count="2" type="cond" truecount="1" falsecount="1"/>
        <line num="89" count="2" type="stmt"/>
        <line num="90" count="2" type="stmt"/>
        <line num="91" count="2" type="stmt"/>
      </file>
      <file name="transport.ts" path="/home/yutiuser/projects/solana/solana-sdk/src/rpc/transport.ts">
        <metrics statements="26" coveredstatements="26" conditionals="58" coveredconditionals="54" methods="3" coveredmethods="3"/>
        <line num="25" count="65" type="stmt"/>
        <line num="31" count="65" type="cond" truecount="2" falsecount="0"/>
        <line num="32" count="6" type="stmt"/>
        <line num="35" count="65" type="stmt"/>
        <line num="54" count="61" type="stmt"/>
        <line num="56" count="61" type="stmt"/>
        <line num="58" count="61" type="cond" truecount="2" falsecount="0"/>
        <line num="59" count="61" type="stmt"/>
        <line num="62" count="61" type="cond" truecount="4" falsecount="0"/>
        <line num="63" count="4" type="stmt"/>
        <line num="66" count="61" type="stmt"/>
        <line num="67" count="26" type="stmt"/>
        <line num="69" count="26" type="stmt"/>
        <line num="76" count="35" type="stmt"/>
        <line num="77" count="35" type="stmt"/>
        <line num="79" count="35" type="stmt"/>
        <line num="102" count="54" type="cond" truecount="2" falsecount="0"/>
        <line num="103" count="36" type="stmt"/>
        <line num="107" count="18" type="cond" truecount="2" falsecount="0"/>
        <line num="110" count="54" type="cond" truecount="2" falsecount="0"/>
        <line num="117" count="3" type="cond" truecount="1" falsecount="1"/>
        <line num="121" count="15" type="cond" truecount="2" falsecount="0"/>
        <line num="128" count="5" type="cond" truecount="1" falsecount="1"/>
        <line num="132" count="10" type="cond" truecount="2" falsecount="0"/>
        <line num="141" count="6" type="cond" truecount="1" falsecount="1"/>
        <line num="145" count="4" type="cond" truecount="2" falsecount="0"/>
      </file>
    </package>
    <package name="src.sdk">
      <metrics statements="6" coveredstatements="0" conditionals="0" coveredconditionals="0" methods="6" coveredmethods="0"/>
      <file name="create-sdk.ts" path="/home/yutiuser/projects/solana/solana-sdk/src/sdk/create-sdk.ts">
        <metrics statements="6" coveredstatements="0" conditionals="0" coveredconditionals="0" methods="6" coveredmethods="0"/>
        <line num="24" count="0" type="stmt"/>
        <line num="40" count="0" type="stmt"/>
        <line num="53" count="0" type="stmt"/>
        <line num="60" count="0" type="stmt"/>
        <line num="65" count="0" type="stmt"/>
        <line num="77" count="0" type="stmt"/>
      </file>
    </package>
    <package name="src.testing">
      <metrics statements="94" coveredstatements="92" conditionals="51" coveredconditionals="49" methods="36" coveredmethods="34"/>
      <file name="fake-clock.ts" path="/home/yutiuser/projects/solana/solana-sdk/src/testing/fake-clock.ts">
        <metrics statements="5" coveredstatements="5" conditionals="2" coveredconditionals="2" methods="5" coveredmethods="5"/>
        <line num="16" count="131" type="stmt"/>
        <line num="23" count="268" type="stmt"/>
        <line num="30" count="24" type="stmt"/>
        <line num="37" count="2" type="stmt"/>
        <line num="48" count="54" type="stmt"/>
      </file>
      <file name="fake-random.ts" path="/home/yutiuser/projects/solana/solana-sdk/src/testing/fake-random.ts">
        <metrics statements="9" coveredstatements="7" conditionals="5" coveredconditionals="5" methods="6" coveredmethods="4"/>
        <line num="15" count="61" type="cond" truecount="2" falsecount="0"/>
        <line num="16" count="61" type="stmt"/>
        <line num="23" count="76" type="cond" truecount="2" falsecount="0"/>
        <line num="24" count="19" type="stmt"/>
        <line num="26" count="57" type="stmt"/>
        <line num="33" count="0" type="stmt"/>
        <line num="40" count="0" type="stmt"/>
        <line num="47" count="6" type="stmt"/>
        <line num="58" count="14" type="stmt"/>
      </file>
      <file name="fake-relay.ts" path="/home/yutiuser/projects/solana/solana-sdk/src/testing/fake-relay.ts">
        <metrics statements="12" coveredstatements="12" conditionals="6" coveredconditionals="6" methods="4" coveredmethods="4"/>
        <line num="35" count="9" type="cond" truecount="2" falsecount="0"/>
        <line num="36" count="9" type="cond" truecount="2" falsecount="0"/>
        <line num="37" count="9" type="stmt"/>
        <line num="39" count="9" type="stmt"/>
        <line num="44" count="9" type="stmt"/>
        <line num="48" count="8" type="stmt"/>
        <line num="50" count="8" type="cond" truecount="2" falsecount="0"/>
        <line num="51" count="2" type="stmt"/>
        <line num="54" count="6" type="stmt"/>
        <line num="61" count="1" type="stmt"/>
        <line num="65" count="3" type="stmt"/>
        <line num="69" count="9" type="stmt"/>
      </file>
      <file name="fake-timer.ts" path="/home/yutiuser/projects/solana/solana-sdk/src/testing/fake-timer.ts">
        <metrics statements="26" coveredstatements="26" conditionals="6" coveredconditionals="5" methods="9" coveredmethods="9"/>
        <line num="20" count="87" type="stmt"/>
        <line num="21" count="87" type="stmt"/>
        <line num="22" count="87" type="stmt"/>
        <line num="26" count="87" type="stmt"/>
        <line num="33" count="40" type="stmt"/>
        <line num="34" count="40" type="stmt"/>
        <line num="35" count="40" type="stmt"/>
        <line num="36" count="40" type="stmt"/>
        <line num="43" count="10" type="stmt"/>
        <line num="44" count="10" type="stmt"/>
        <line num="45" count="10" type="cond" truecount="1" falsecount="1"/>
        <line num="46" count="10" type="stmt"/>
        <line num="54" count="15" type="stmt"/>
        <line num="62" count="8" type="stmt"/>
        <line num="63" count="10" type="stmt"/>
        <line num="64" count="10" type="stmt"/>
        <line num="72" count="4" type="stmt"/>
        <line num="79" count="10" type="stmt"/>
        <line num="80" count="10" type="stmt"/>
        <line num="83" count="10" type="stmt"/>
        <line num="84" count="5" type="stmt"/>
        <line num="85" count="5" type="cond" truecount="4" falsecount="0"/>
        <line num="86" count="3" type="stmt"/>
        <line num="87" count="3" type="stmt"/>
        <line num="89" count="2" type="stmt"/>
        <line num="101" count="17" type="stmt"/>
      </file>
      <file name="fake-transport.ts" path="/home/yutiuser/projects/solana/solana-sdk/src/testing/fake-transport.ts">
        <metrics statements="26" coveredstatements="26" conditionals="10" coveredconditionals="10" methods="9" coveredmethods="9"/>
        <line num="33" count="181" type="stmt"/>
        <line num="34" count="181" type="cond" truecount="2" falsecount="0"/>
        <line num="39" count="181" type="stmt"/>
        <line num="48" count="169" type="stmt"/>
        <line num="49" count="169" type="cond" truecount="2" falsecount="0"/>
        <line num="50" count="8" type="stmt"/>
        <line num="52" count="169" type="stmt"/>
        <line num="54" count="169" type="stmt"/>
        <line num="55" count="169" type="cond" truecount="2" falsecount="0"/>
        <line num="56" count="1" type="stmt"/>
        <line num="59" count="168" type="cond" truecount="2" falsecount="0"/>
        <line num="60" count="50" type="stmt"/>
        <line num="63" count="118" type="stmt"/>
        <line num="67" count="12" type="stmt"/>
        <line num="71" count="18" type="cond" truecount="2" falsecount="0"/>
        <line num="72" count="12" type="stmt"/>
        <line num="74" count="10" type="stmt"/>
        <line num="78" count="181" type="stmt"/>
        <line num="87" count="5" type="stmt"/>
        <line num="90" count="5" type="stmt"/>
        <line num="91" count="5" type="stmt"/>
        <line num="98" count="5" type="stmt"/>
        <line num="99" count="5" type="stmt"/>
        <line num="106" count="2" type="stmt"/>
        <line num="107" count="2" type="stmt"/>
        <line num="114" count="5" type="stmt"/>
      </file>
      <file name="network-simulator.ts" path="/home/yutiuser/projects/solana/solana-sdk/src/testing/network-simulator.ts">
        <metrics statements="16" coveredstatements="16" conditionals="22" coveredconditionals="21" methods="3" coveredmethods="3"/>
        <line num="42" count="14" type="stmt"/>
        <line num="52" count="12" type="cond" truecount="4" falsecount="0"/>
        <line num="53" count="3" type="stmt"/>
        <line num="54" count="3" type="stmt"/>
        <line num="59" count="11" type="cond" truecount="4" falsecount="0"/>
        <line num="60" count="2" type="stmt"/>
        <line num="61" count="2" type="cond" truecount="2" falsecount="0"/>
        <line num="62" count="1" type="stmt"/>
        <line num="67" count="10" type="cond" truecount="4" falsecount="0"/>
        <line num="68" count="4" type="stmt"/>
        <line num="69" count="4" type="cond" truecount="1" falsecount="1"/>
        <line num="70" count="4" type="cond" truecount="2" falsecount="0"/>
        <line num="71" count="1" type="stmt"/>
        <line num="73" count="3" type="stmt"/>
        <line num="79" count="6" type="cond" truecount="2" falsecount="0"/>
        <line num="82" count="12" type="cond" truecount="2" falsecount="0"/>
      </file>
    </package>
    <package name="src.tx">
      <metrics statements="147" coveredstatements="138" conditionals="138" coveredconditionals="126" methods="10" coveredmethods="10"/>
      <file name="confirm.ts" path="/home/yutiuser/projects/solana/solana-sdk/src/tx/confirm.ts">
        <metrics statements="72" coveredstatements="69" conditionals="62" coveredconditionals="57" methods="5" coveredmethods="5"/>
        <line num="36" count="50" type="cond" truecount="4" falsecount="0"/>
        <line num="37" count="1" type="stmt"/>
        <line num="41" count="49" type="cond" truecount="2" falsecount="0"/>
        <line num="42" count="1" type="stmt"/>
        <line num="45" count="48" type="stmt"/>
        <line num="46" count="48" type="stmt"/>
        <line num="52" count="40" type="cond" truecount="5" falsecount="0"/>
        <line num="53" count="1" type="stmt"/>
        <line num="56" count="39" type="stmt"/>
        <line num="57" count="39" type="cond" truecount="4" falsecount="0"/>
        <line num="58" count="2" type="stmt"/>
        <line num="61" count="37" type="stmt"/>
        <line num="64" count="37" type="cond" truecount="2" falsecount="0"/>
        <line num="65" count="15" type="stmt"/>
        <line num="68" count="22" type="cond" truecount="3" falsecount="1"/>
        <line num="69" count="0" type="stmt"/>
        <line num="72" count="22" type="stmt"/>
        <line num="73" count="22" type="stmt"/>
        <line num="74" count="22" type="stmt"/>
        <line num="77" count="22" type="cond" truecount="4" falsecount="0"/>
        <line num="78" count="1" type="stmt"/>
        <line num="82" count="21" type="cond" truecount="4" falsecount="0"/>
        <line num="83" count="3" type="cond" truecount="1" falsecount="1"/>
        <line num="84" count="3" type="stmt"/>
        <line num="85" count="3" type="cond" truecount="1" falsecount="1"/>
        <line num="86" count="3" type="stmt"/>
        <line num="88" count="3" type="stmt"/>
        <line num="92" count="18" type="cond" truecount="5" falsecount="0"/>
        <line num="94" count="12" type="stmt"/>
        <line num="95" count="12" type="cond" truecount="2" falsecount="0"/>
        <line num="96" count="7" type="stmt"/>
        <line num="98" count="12" type="stmt"/>
        <line num="101" count="4" type="stmt"/>
        <line num="102" count="4" type="cond" truecount="2" falsecount="0"/>
        <line num="103" count="3" type="stmt"/>
        <line num="105" count="4" type="stmt"/>
        <line num="109" count="1" type="stmt"/>
        <line num="112" count="1" type="stmt"/>
        <line num="115" count="8" type="cond" truecount="1" falsecount="1"/>
        <line num="116" count="8" type="stmt"/>
        <line num="119" count="0" type="stmt"/>
        <line num="120" count="0" type="stmt"/>
        <line num="135" count="34" type="cond" truecount="2" falsecount="0"/>
        <line num="137" count="34" type="cond" truecount="4" falsecount="0"/>
        <line num="139" count="3" type="stmt"/>
        <line num="141" count="4" type="stmt"/>
        <line num="143" count="13" type="stmt"/>
        <line num="145" count="14" type="stmt"/>
        <line num="165" count="21" type="stmt"/>
        <line num="166" count="21" type="cond" truecount="1" falsecount="1"/>
        <line num="167" count="21" type="stmt"/>
        <line num="170" count="21" type="stmt"/>
        <line num="171" count="33" type="stmt"/>
        <line num="174" count="33" type="stmt"/>
        <line num="177" count="33" type="cond" truecount="2" falsecount="0"/>
        <line num="178" count="5" type="cond" truecount="2" falsecount="0"/>
        <line num="180" count="3" type="stmt"/>
        <line num="181" count="3" type="cond" truecount="2" falsecount="0"/>
        <line num="182" count="1" type="stmt"/>
        <line num="186" count="2" type="stmt"/>
        <line num="187" count="2" type="stmt"/>
        <line num="190" count="2" type="stmt"/>
        <line num="194" count="2" type="stmt"/>
        <line num="197" count="28" type="stmt"/>
        <line num="200" count="28" type="cond" truecount="2" falsecount="0"/>
        <line num="201" count="13" type="stmt"/>
        <line num="202" count="13" type="stmt"/>
        <line num="211" count="15" type="stmt"/>
        <line num="212" count="15" type="cond" truecount="2" falsecount="0"/>
        <line num="213" count="4" type="stmt"/>
        <line num="217" count="11" type="stmt"/>
        <line num="218" count="11" type="stmt"/>
      </file>
      <file name="send.ts" path="/home/yutiuser/projects/solana/solana-sdk/src/tx/send.ts">
        <metrics statements="75" coveredstatements="69" conditionals="76" coveredconditionals="69" methods="5" coveredmethods="5"/>
        <line num="36" count="27" type="cond" truecount="4" falsecount="0"/>
        <line num="37" count="2" type="stmt"/>
        <line num="42" count="25" type="stmt"/>
        <line num="43" count="25" type="stmt"/>
        <line num="45" count="25" type="cond" truecount="2" falsecount="0"/>
        <line num="46" count="1" type="stmt"/>
        <line num="49" count="0" type="stmt"/>
        <line num="53" count="24" type="cond" truecount="1" falsecount="1"/>
        <line num="54" count="0" type="stmt"/>
        <line num="58" count="24" type="cond" truecount="4" falsecount="0"/>
        <line num="59" count="1" type="stmt"/>
        <line num="63" count="23" type="cond" truecount="2" falsecount="0"/>
        <line num="64" count="1" type="stmt"/>
        <line num="68" count="22" type="cond" truecount="4" falsecount="0"/>
        <line num="69" count="3" type="stmt"/>
        <line num="72" count="19" type="cond" truecount="2" falsecount="0"/>
        <line num="73" count="1" type="stmt"/>
        <line num="76" count="18" type="stmt"/>
        <line num="94" count="8" type="stmt"/>
        <line num="108" count="12" type="stmt"/>
        <line num="109" count="12" type="stmt"/>
        <line num="117" count="9" type="cond" truecount="4" falsecount="0"/>
        <line num="118" count="1" type="stmt"/>
        <line num="122" count="8" type="cond" truecount="2" falsecount="0"/>
        <line num="123" count="6" type="cond" truecount="3" falsecount="1"/>
        <line num="124" count="6" type="stmt"/>
        <line num="126" count="0" type="stmt"/>
        <line num="129" count="2" type="stmt"/>
        <line num="133" count="8" type="cond" truecount="3" falsecount="1"/>
        <line num="134" count="0" type="stmt"/>
        <line num="138" count="8" type="stmt"/>
        <line num="140" count="8" type="cond" truecount="4" falsecount="0"/>
        <line num="141" count="3" type="stmt"/>
        <line num="145" count="5" type="stmt"/>
        <line num="146" count="7" type="cond" truecount="2" falsecount="0"/>
        <line num="147" count="1" type="stmt"/>
        <line num="153" count="4" type="cond" truecount="2" falsecount="0"/>
        <line num="154" count="3" type="cond" truecount="2" falsecount="0"/>
        <line num="155" count="1" type="stmt"/>
        <line num="157" count="2" type="stmt"/>
        <line num="161" count="3" type="stmt"/>
        <line num="164" count="3" type="cond" truecount="2" falsecount="0"/>
        <line num="165" count="2" type="stmt"/>
        <line num="168" count="3" type="stmt"/>
        <line num="170" count="3" type="cond" truecount="1" falsecount="1"/>
        <line num="171" count="3" type="stmt"/>
        <line num="173" count="0" type="stmt"/>
        <line num="190" count="28" type="stmt"/>
        <line num="195" count="28" type="stmt"/>
        <line num="199" count="28" type="cond" truecount="2" falsecount="0"/>
        <line num="200" count="2" type="stmt"/>
        <line num="203" count="28" type="cond" truecount="2" falsecount="0"/>
        <line num="204" count="2" type="stmt"/>
        <line num="207" count="28" type="stmt"/>
        <line num="215" count="24" type="cond" truecount="2" falsecount="0"/>
        <line num="216" count="20" type="stmt"/>
        <line num="217" count="4" type="cond" truecount="3" falsecount="1"/>
        <line num="218" count="4" type="cond" truecount="2" falsecount="0"/>
        <line num="219" count="2" type="cond" truecount="2" falsecount="0"/>
        <line num="220" count="1" type="stmt"/>
        <line num="222" count="1" type="stmt"/>
        <line num="223" count="2" type="cond" truecount="1" falsecount="1"/>
        <line num="224" count="2" type="cond" truecount="2" falsecount="0"/>
        <line num="225" count="1" type="stmt"/>
        <line num="227" count="1" type="stmt"/>
        <line num="231" count="22" type="cond" truecount="4" falsecount="0"/>
        <line num="232" count="2" type="stmt"/>
        <line num="235" count="20" type="stmt"/>
        <line num="240" count="4" type="cond" truecount="1" falsecount="1"/>
        <line num="241" count="4" type="stmt"/>
        <line num="243" count="0" type="stmt"/>
        <line num="263" count="8" type="cond" truecount="2" falsecount="0"/>
        <line num="264" count="5" type="cond" truecount="2" falsecount="0"/>
        <line num="265" count="2" type="stmt"/>
        <line num="270" count="6" type="stmt"/>
      </file>
    </package>
    <package name="src.wallet">
      <metrics statements="39" coveredstatements="33" conditionals="30" coveredconditionals="26" methods="2" coveredmethods="2"/>
      <file name="adapter.ts" path="/home/yutiuser/projects/solana/solana-sdk/src/wallet/adapter.ts">
        <metrics statements="39" coveredstatements="33" conditionals="30" coveredconditionals="26" methods="2" coveredmethods="2"/>
        <line num="29" count="18" type="cond" truecount="4" falsecount="0"/>
        <line num="30" count="1" type="stmt"/>
        <line num="35" count="17" type="stmt"/>
        <line num="36" count="17" type="stmt"/>
        <line num="38" count="17" type="cond" truecount="2" falsecount="0"/>
        <line num="39" count="1" type="stmt"/>
        <line num="42" count="0" type="stmt"/>
        <line num="46" count="16" type="cond" truecount="1" falsecount="1"/>
        <line num="47" count="0" type="stmt"/>
        <line num="50" count="16" type="stmt"/>
        <line num="51" count="16" type="stmt"/>
        <line num="54" count="13" type="cond" truecount="3" falsecount="1"/>
        <line num="55" count="0" type="stmt"/>
        <line num="62" count="13" type="stmt"/>
        <line num="64" count="13" type="cond" truecount="4" falsecount="0"/>
        <line num="65" count="1" type="stmt"/>
        <line num="75" count="12" type="stmt"/>
        <line num="76" count="12" type="stmt"/>
        <line num="78" count="12" type="cond" truecount="2" falsecount="0"/>
        <line num="79" count="1" type="stmt"/>
        <line num="84" count="0" type="stmt"/>
        <line num="90" count="11" type="cond" truecount="1" falsecount="1"/>
        <line num="91" count="0" type="stmt"/>
        <line num="95" count="11" type="stmt"/>
        <line num="99" count="11" type="cond" truecount="4" falsecount="0"/>
        <line num="100" count="3" type="stmt"/>
        <line num="103" count="11" type="stmt"/>
        <line num="105" count="3" type="cond" truecount="1" falsecount="1"/>
        <line num="106" count="0" type="stmt"/>
        <line num="108" count="3" type="stmt"/>
        <line num="132" count="8" type="stmt"/>
        <line num="133" count="8" type="cond" truecount="2" falsecount="0"/>
        <line num="134" count="2" type="stmt"/>
        <line num="137" count="6" type="stmt"/>
        <line num="140" count="6" type="stmt"/>
        <line num="147" count="6" type="stmt"/>
        <line num="148" count="6" type="cond" truecount="2" falsecount="0"/>
        <line num="149" count="5" type="stmt"/>
        <line num="154" count="1" type="stmt"/>
      </file>
    </package>
  </project>
</coverage>
