{"/home/yutiuser/projects/solana/solana-sdk/src/index.ts": {"path":"/home/yutiuser/projects/solana/solana-sdk/src/index.ts","statementMap":{},"fnMap":{},"branchMap":{},"s":{},"f":{},"b":{},"meta":{"lastBranch":0,"lastFunction":0,"lastStatement":0,"seen":{},"fnNames":{}}}
,"/home/yutiuser/projects/solana/solana-sdk/src/cli/health.ts": {"path":"/home/yutiuser/projects/solana/solana-sdk/src/cli/health.ts","statementMap":{"0":{"start":{"line":15,"column":2},"end":{"line":15,"column":null}}},"fnMap":{"0":{"name":"runHealthCheck","decl":{"start":{"line":13,"column":22},"end":{"line":13,"column":37}},"loc":{"start":{"line":13,"column":73},"end":{"line":16,"column":null}},"line":13}},"branchMap":{},"s":{"0":0},"f":{"0":0},"b":{},"meta":{"lastBranch":0,"lastFunction":1,"lastStatement":1,"seen":{"f:13:22:13:37":0,"s:15:2:15:Infinity":0},"fnNames":{}}}
,"/home/yutiuser/projects/solana/solana-sdk/src/cli/simulate.ts": {"path":"/home/yutiuser/projects/solana/solana-sdk/src/cli/simulate.ts","statementMap":{"0":{"start":{"line":18,"column":2},"end":{"line":18,"column":null}}},"fnMap":{"0":{"name":"runSimulation","decl":{"start":{"line":15,"column":22},"end":{"line":15,"column":36}},"loc":{"start":{"line":15,"column":72},"end":{"line":19,"column":null}},"line":15}},"branchMap":{},"s":{"0":0},"f":{"0":0},"b":{},"meta":{"lastBranch":0,"lastFunction":1,"lastStatement":1,"seen":{"f:15:22:15:36":0,"s:18:2:18:Infinity":0},"fnNames":{}}}
,"/home/yutiuser/projects/solana/solana-sdk/src/core/clock.ts": {"path":"/home/yutiuser/projects/solana/solana-sdk/src/core/clock.ts","statementMap":{"0":{"start":{"line":23,"column":2},"end":{"line":27,"column":null}},"1":{"start":{"line":25,"column":6},"end":{"line":25,"column":null}}},"fnMap":{"0":{"name":"createSystemClock","decl":{"start":{"line":22,"column":16},"end":{"line":22,"column":43}},"loc":{"start":{"line":22,"column":43},"end":{"line":28,"column":null}},"line":22},"1":{"name":"now","decl":{"start":{"line":24,"column":4},"end":{"line":24,"column":18}},"loc":{"start":{"line":24,"column":18},"end":{"line":26,"column":null}},"line":24}},"branchMap":{},"s":{"0":4,"1":5},"f":{"0":4,"1":5},"b":{},"meta":{"lastBranch":0,"lastFunction":2,"lastStatement":2,"seen":{"f:22:16:22:43":0,"s:23:2:27:Infinity":0,"f:24:4:24:18":1,"s:25:6:25:Infinity":1},"fnNames":{}}}
,"/home/yutiuser/projects/solana/solana-sdk/src/core/error.ts": {"path":"/home/yutiuser/projects/solana/solana-sdk/src/core/error.ts","statementMap":{"0":{"start":{"line":46,"column":4},"end":{"line":47,"column":null}},"1":{"start":{"line":49,"column":16},"end":{"line":49,"column":null}},"2":{"start":{"line":50,"column":2},"end":{"line":50,"column":null}},"3":{"start":{"line":51,"column":2},"end":{"line":51,"column":null}},"4":{"start":{"line":52,"column":2},"end":{"line":52,"column":null}},"5":{"start":{"line":53,"column":2},"end":{"line":53,"column":null}},"6":{"start":{"line":54,"column":2},"end":{"line":54,"column":null}},"7":{"start":{"line":56,"column":2},"end":{"line":56,"column":null}},"8":{"start":{"line":63,"column":2},"end":{"line":63,"column":null}},"9":{"start":{"line":71,"column":2},"end":{"line":73,"column":null}},"10":{"start":{"line":72,"column":4},"end":{"line":72,"column":null}},"11":{"start":{"line":74,"column":18},"end":{"line":74,"column":null}},"12":{"start":{"line":75,"column":2},"end":{"line":75,"column":null}}},"fnMap":{"0":{"name":"createSdkError","decl":{"start":{"line":40,"column":16},"end":{"line":40,"column":null}},"loc":{"start":{"line":44,"column":12},"end":{"line":57,"column":null}},"line":44},"1":{"name":"isRetryableSdkError","decl":{"start":{"line":62,"column":16},"end":{"line":62,"column":36}},"loc":{"start":{"line":62,"column":62},"end":{"line":64,"column":null}},"line":62},"2":{"name":"mapToSdkError","decl":{"start":{"line":70,"column":16},"end":{"line":70,"column":30}},"loc":{"start":{"line":70,"column":91},"end":{"line":76,"column":null}},"line":70}},"branchMap":{"0":{"loc":{"start":{"line":46,"column":4},"end":{"line":47,"column":null}},"type":"binary-expr","locations":[{"start":{"line":46,"column":4},"end":{"line":46,"column":null}},{"start":{"line":47,"column":5},"end":{"line":47,"column":27}},{"start":{"line":47,"column":27},"end":{"line":47,"column":54}},{"start":{"line":47,"column":54},"end":{"line":47,"column":null}}],"line":46},"1":{"loc":{"start":{"line":63,"column":9},"end":{"line":63,"column":null}},"type":"binary-expr","locations":[{"start":{"line":63,"column":9},"end":{"line":63,"column":28}},{"start":{"line":63,"column":28},"end":{"line":63,"column":null}}],"line":63},"2":{"loc":{"start":{"line":70,"column":42},"end":{"line":70,"column":91}},"type":"default-arg","locations":[{"start":{"line":70,"column":70},"end":{"line":70,"column":91}}],"line":70},"3":{"loc":{"start":{"line":71,"column":2},"end":{"line":73,"column":null}},"type":"if","locations":[{"start":{"line":71,"column":2},"end":{"line":73,"column":null}},{"start":{},"end":{}}],"line":71},"4":{"loc":{"start":{"line":71,"column":6},"end":{"line":71,"column":45}},"type":"binary-expr","locations":[{"start":{"line":71,"column":6},"end":{"line":71,"column":29}},{"start":{"line":71,"column":29},"end":{"line":71,"column":45}}],"line":71},"5":{"loc":{"start":{"line":74,"column":18},"end":{"line":74,"column":null}},"type":"cond-expr","locations":[{"start":{"line":74,"column":39},"end":{"line":74,"column":51}},{"start":{"line":74,"column":51},"end":{"line":74,"column":null}}],"line":74}},"s":{"0":52,"1":52,"2":52,"3":52,"4":52,"5":52,"6":52,"7":52,"8":15,"9":6,"10":1,"11":5,"12":6},"f":{"0":52,"1":15,"2":6},"b":{"0":[52,41,33,19],"1":[15,0],"2":[6],"3":[1,5],"4":[6,3],"5":[2,3]},"meta":{"lastBranch":6,"lastFunction":3,"lastStatement":13,"seen":{"f:40:16:40:Infinity":0,"s:46:4:47:Infinity":0,"b:46:4:46:Infinity:47:5:47:27:47:27:47:54:47:54:47:Infinity":0,"s:49:16:49:Infinity":1,"s:50:2:50:Infinity":2,"s:51:2:51:Infinity":3,"s:52:2:52:Infinity":4,"s:53:2:53:Infinity":5,"s:54:2:54:Infinity":6,"s:56:2:56:Infinity":7,"f:62:16:62:36":1,"s:63:2:63:Infinity":8,"b:63:9:63:28:63:28:63:Infinity":1,"f:70:16:70:30":2,"b:70:70:70:91":2,"b:71:2:73:Infinity:undefined:undefined:undefined:undefined":3,"s:71:2:73:Infinity":9,"b:71:6:71:29:71:29:71:45":4,"s:72:4:72:Infinity":10,"s:74:18:74:Infinity":11,"b:74:39:74:51:74:51:74:Infinity":5,"s:75:2:75:Infinity":12},"fnNames":{}}}
,"/home/yutiuser/projects/solana/solana-sdk/src/core/random.ts": {"path":"/home/yutiuser/projects/solana/solana-sdk/src/core/random.ts","statementMap":{"0":{"start":{"line":22,"column":2},"end":{"line":26,"column":null}},"1":{"start":{"line":24,"column":6},"end":{"line":24,"column":null}}},"fnMap":{"0":{"name":"createMathRandomSource","decl":{"start":{"line":21,"column":16},"end":{"line":21,"column":55}},"loc":{"start":{"line":21,"column":55},"end":{"line":27,"column":null}},"line":21},"1":{"name":"next","decl":{"start":{"line":23,"column":4},"end":{"line":23,"column":19}},"loc":{"start":{"line":23,"column":19},"end":{"line":25,"column":null}},"line":23}},"branchMap":{},"s":{"0":3,"1":21},"f":{"0":3,"1":21},"b":{},"meta":{"lastBranch":0,"lastFunction":2,"lastStatement":2,"seen":{"f:21:16:21:55":0,"s:22:2:26:Infinity":0,"f:23:4:23:19":1,"s:24:6:24:Infinity":1},"fnNames":{}}}
,"/home/yutiuser/projects/solana/solana-sdk/src/core/result.ts": {"path":"/home/yutiuser/projects/solana/solana-sdk/src/core/result.ts","statementMap":{"0":{"start":{"line":20,"column":2},"end":{"line":20,"column":null}},"1":{"start":{"line":27,"column":2},"end":{"line":27,"column":null}},"2":{"start":{"line":34,"column":2},"end":{"line":34,"column":null}},"3":{"start":{"line":41,"column":2},"end":{"line":41,"column":null}},"4":{"start":{"line":51,"column":2},"end":{"line":51,"column":null}},"5":{"start":{"line":59,"column":2},"end":{"line":61,"column":null}},"6":{"start":{"line":60,"column":4},"end":{"line":60,"column":null}},"7":{"start":{"line":62,"column":2},"end":{"line":62,"column":null}}},"fnMap":{"0":{"name":"ok","decl":{"start":{"line":19,"column":16},"end":{"line":19,"column":22}},"loc":{"start":{"line":19,"column":50},"end":{"line":21,"column":null}},"line":19},"1":{"name":"err","decl":{"start":{"line":26,"column":16},"end":{"line":26,"column":23}},"loc":{"start":{"line":26,"column":51},"end":{"line":28,"column":null}},"line":26},"2":{"name":"isOk","decl":{"start":{"line":33,"column":16},"end":{"line":33,"column":27}},"loc":{"start":{"line":33,"column":73},"end":{"line":35,"column":null}},"line":33},"3":{"name":"isErr","decl":{"start":{"line":40,"column":16},"end":{"line":40,"column":28}},"loc":{"start":{"line":40,"column":75},"end":{"line":42,"column":null}},"line":40},"4":{"name":"mapResult","decl":{"start":{"line":47,"column":16},"end":{"line":47,"column":null}},"loc":{"start":{"line":50,"column":16},"end":{"line":52,"column":null}},"line":50},"5":{"name":"unwrapResult","decl":{"start":{"line":58,"column":16},"end":{"line":58,"column":49}},"loc":{"start":{"line":58,"column":69},"end":{"line":63,"column":null}},"line":58}},"branchMap":{"0":{"loc":{"start":{"line":51,"column":9},"end":{"line":51,"column":null}},"type":"cond-expr","locations":[{"start":{"line":51,"column":19},"end":{"line":51,"column":37}},{"start":{"line":51,"column":37},"end":{"line":51,"column":null}}],"line":51},"1":{"loc":{"start":{"line":59,"column":2},"end":{"line":61,"column":null}},"type":"if","locations":[{"start":{"line":59,"column":2},"end":{"line":61,"column":null}},{"start":{},"end":{}}],"line":59}},"s":{"0":51,"1":14,"2":56,"3":18,"4":2,"5":2,"6":1,"7":1},"f":{"0":51,"1":14,"2":56,"3":18,"4":2,"5":2},"b":{"0":[1,1],"1":[1,1]},"meta":{"lastBranch":2,"lastFunction":6,"lastStatement":8,"seen":{"f:19:16:19:22":0,"s:20:2:20:Infinity":0,"f:26:16:26:23":1,"s:27:2:27:Infinity":1,"f:33:16:33:27":2,"s:34:2:34:Infinity":2,"f:40:16:40:28":3,"s:41:2:41:Infinity":3,"f:47:16:47:Infinity":4,"s:51:2:51:Infinity":4,"b:51:19:51:37:51:37:51:Infinity":0,"f:58:16:58:49":5,"b:59:2:61:Infinity:undefined:undefined:undefined:undefined":1,"s:59:2:61:Infinity":5,"s:60:4:60:Infinity":6,"s:62:2:62:Infinity":7},"fnNames":{}}}
,"/home/yutiuser/projects/solana/solana-sdk/src/core/timer.ts": {"path":"/home/yutiuser/projects/solana/solana-sdk/src/core/timer.ts","statementMap":{"0":{"start":{"line":28,"column":2},"end":{"line":35,"column":null}},"1":{"start":{"line":30,"column":6},"end":{"line":30,"column":null}},"2":{"start":{"line":33,"column":6},"end":{"line":33,"column":null}}},"fnMap":{"0":{"name":"createSystemTimer","decl":{"start":{"line":27,"column":16},"end":{"line":27,"column":43}},"loc":{"start":{"line":27,"column":43},"end":{"line":36,"column":null}},"line":27},"1":{"name":"setTimeout","decl":{"start":{"line":29,"column":4},"end":{"line":29,"column":15}},"loc":{"start":{"line":29,"column":52},"end":{"line":31,"column":null}},"line":29},"2":{"name":"clearTimeout","decl":{"start":{"line":32,"column":4},"end":{"line":32,"column":17}},"loc":{"start":{"line":32,"column":40},"end":{"line":34,"column":null}},"line":32}},"branchMap":{},"s":{"0":6,"1":5,"2":2},"f":{"0":6,"1":5,"2":2},"b":{},"meta":{"lastBranch":0,"lastFunction":3,"lastStatement":3,"seen":{"f:27:16:27:43":0,"s:28:2:35:Infinity":0,"f:29:4:29:15":1,"s:30:6:30:Infinity":1,"f:32:4:32:17":2,"s:33:6:33:Infinity":2},"fnNames":{}}}
,"/home/yutiuser/projects/solana/solana-sdk/src/fee/priority-fee.ts": {"path":"/home/yutiuser/projects/solana/solana-sdk/src/fee/priority-fee.ts","statementMap":{"0":{"start":{"line":26,"column":2},"end":{"line":26,"column":null}},"1":{"start":{"line":43,"column":2},"end":{"line":43,"column":null}},"2":{"start":{"line":60,"column":2},"end":{"line":60,"column":null}},"3":{"start":{"line":79,"column":2},"end":{"line":79,"column":null}}},"fnMap":{"0":{"name":"createStaticPriorityFeeProvider","decl":{"start":{"line":21,"column":16},"end":{"line":21,"column":null}},"loc":{"start":{"line":24,"column":23},"end":{"line":27,"column":null}},"line":24},"1":{"name":"createRpcPriorityFeeProvider","decl":{"start":{"line":38,"column":16},"end":{"line":38,"column":null}},"loc":{"start":{"line":41,"column":23},"end":{"line":44,"column":null}},"line":41},"2":{"name":"isPriorityFeeStale","decl":{"start":{"line":54,"column":16},"end":{"line":54,"column":null}},"loc":{"start":{"line":58,"column":11},"end":{"line":61,"column":null}},"line":58},"3":{"name":"getPriorityFeeEstimate","decl":{"start":{"line":73,"column":22},"end":{"line":73,"column":null}},"loc":{"start":{"line":77,"column":32},"end":{"line":80,"column":null}},"line":77}},"branchMap":{},"s":{"0":0,"1":0,"2":0,"3":0},"f":{"0":0,"1":0,"2":0,"3":0},"b":{},"meta":{"lastBranch":0,"lastFunction":4,"lastStatement":4,"seen":{"f:21:16:21:Infinity":0,"s:26:2:26:Infinity":0,"f:38:16:38:Infinity":1,"s:43:2:43:Infinity":1,"f:54:16:54:Infinity":2,"s:60:2:60:Infinity":2,"f:73:22:73:Infinity":3,"s:79:2:79:Infinity":3},"fnNames":{}}}
,"/home/yutiuser/projects/solana/solana-sdk/src/metrics/memory.ts": {"path":"/home/yutiuser/projects/solana/solana-sdk/src/metrics/memory.ts","statementMap":{"0":{"start":{"line":17,"column":2},"end":{"line":17,"column":null}},"1":{"start":{"line":24,"column":34},"end":{"line":24,"column":null}},"2":{"start":{"line":27,"column":4},"end":{"line":27,"column":null}},"3":{"start":{"line":31,"column":4},"end":{"line":31,"column":null}}},"fnMap":{"0":{"name":"createInMemoryMetricsSink","decl":{"start":{"line":15,"column":16},"end":{"line":15,"column":90}},"loc":{"start":{"line":15,"column":90},"end":{"line":18,"column":null}},"line":15},"1":{"name":"record","decl":{"start":{"line":26,"column":2},"end":{"line":26,"column":9}},"loc":{"start":{"line":26,"column":35},"end":{"line":28,"column":null}},"line":26},"2":{"name":"getEvents","decl":{"start":{"line":30,"column":2},"end":{"line":30,"column":29}},"loc":{"start":{"line":30,"column":29},"end":{"line":32,"column":null}},"line":30}},"branchMap":{},"s":{"0":0,"1":0,"2":0,"3":0},"f":{"0":0,"1":0,"2":0},"b":{},"meta":{"lastBranch":0,"lastFunction":3,"lastStatement":4,"seen":{"f:15:16:15:90":0,"s:17:2:17:Infinity":0,"s:24:34:24:Infinity":1,"f:26:2:26:9":1,"s:27:4:27:Infinity":2,"f:30:2:30:29":2,"s:31:4:31:Infinity":3},"fnNames":{}}}
,"/home/yutiuser/projects/solana/solana-sdk/src/metrics/otel.ts": {"path":"/home/yutiuser/projects/solana/solana-sdk/src/metrics/otel.ts","statementMap":{"0":{"start":{"line":30,"column":2},"end":{"line":30,"column":null}},"1":{"start":{"line":41,"column":2},"end":{"line":41,"column":null}}},"fnMap":{"0":{"name":"createOtelMetricsSink","decl":{"start":{"line":26,"column":16},"end":{"line":26,"column":null}},"loc":{"start":{"line":28,"column":15},"end":{"line":31,"column":null}},"line":28},"1":{"name":"mapMetricEventToOtelPayload","decl":{"start":{"line":39,"column":16},"end":{"line":39,"column":44}},"loc":{"start":{"line":39,"column":77},"end":{"line":42,"column":null}},"line":39}},"branchMap":{},"s":{"0":0,"1":0},"f":{"0":0,"1":0},"b":{},"meta":{"lastBranch":0,"lastFunction":2,"lastStatement":2,"seen":{"f:26:16:26:Infinity":0,"s:30:2:30:Infinity":0,"f:39:16:39:44":1,"s:41:2:41:Infinity":1},"fnNames":{}}}
,"/home/yutiuser/projects/solana/solana-sdk/src/relay/jito.ts": {"path":"/home/yutiuser/projects/solana/solana-sdk/src/relay/jito.ts","statementMap":{"0":{"start":{"line":26,"column":2},"end":{"line":26,"column":null}}},"fnMap":{"0":{"name":"createJitoRelayClient","decl":{"start":{"line":21,"column":16},"end":{"line":21,"column":38}},"loc":{"start":{"line":24,"column":16},"end":{"line":27,"column":null}},"line":24}},"branchMap":{},"s":{"0":0},"f":{"0":0},"b":{},"meta":{"lastBranch":0,"lastFunction":1,"lastStatement":1,"seen":{"f:21:16:21:38":0,"s:26:2:26:Infinity":0},"fnNames":{}}}
,"/home/yutiuser/projects/solana/solana-sdk/src/relay/router.ts": {"path":"/home/yutiuser/projects/solana/solana-sdk/src/relay/router.ts","statementMap":{"0":{"start":{"line":39,"column":2},"end":{"line":39,"column":null}}},"fnMap":{"0":{"name":"routeTransaction","decl":{"start":{"line":30,"column":22},"end":{"line":30,"column":null}},"loc":{"start":{"line":36,"column":39},"end":{"line":40,"column":null}},"line":36}},"branchMap":{},"s":{"0":0},"f":{"0":0},"b":{},"meta":{"lastBranch":0,"lastFunction":1,"lastStatement":1,"seen":{"f:30:22:30:Infinity":0,"s:39:2:39:Infinity":0},"fnNames":{}}}
,"/home/yutiuser/projects/solana/solana-sdk/src/rpc/circuit-breaker.ts": {"path":"/home/yutiuser/projects/solana/solana-sdk/src/rpc/circuit-breaker.ts","statementMap":{"0":{"start":{"line":23,"column":2},"end":{"line":23,"column":null}},"1":{"start":{"line":39,"column":2},"end":{"line":42,"column":null}},"2":{"start":{"line":56,"column":2},"end":{"line":56,"column":null}},"3":{"start":{"line":70,"column":2},"end":{"line":77,"column":null}},"4":{"start":{"line":72,"column":45},"end":{"line":72,"column":null}},"5":{"start":{"line":73,"column":4},"end":{"line":76,"column":null}},"6":{"start":{"line":78,"column":2},"end":{"line":78,"column":null}}},"fnMap":{"0":{"name":"shouldOpenCircuit","decl":{"start":{"line":19,"column":16},"end":{"line":19,"column":null}},"loc":{"start":{"line":22,"column":11},"end":{"line":24,"column":null}},"line":22},"1":{"name":"openCircuit","decl":{"start":{"line":34,"column":16},"end":{"line":34,"column":null}},"loc":{"start":{"line":38,"column":20},"end":{"line":43,"column":null}},"line":38},"2":{"name":"isCircuitOpen","decl":{"start":{"line":52,"column":16},"end":{"line":52,"column":null}},"loc":{"start":{"line":55,"column":11},"end":{"line":57,"column":null}},"line":55},"3":{"name":"maybeCloseCircuit","decl":{"start":{"line":66,"column":16},"end":{"line":66,"column":null}},"loc":{"start":{"line":69,"column":20},"end":{"line":79,"column":null}},"line":69}},"branchMap":{"0":{"loc":{"start":{"line":56,"column":9},"end":{"line":56,"column":null}},"type":"binary-expr","locations":[{"start":{"line":56,"column":9},"end":{"line":56,"column":49}},{"start":{"line":56,"column":49},"end":{"line":56,"column":null}}],"line":56},"1":{"loc":{"start":{"line":70,"column":2},"end":{"line":77,"column":null}},"type":"if","locations":[{"start":{"line":70,"column":2},"end":{"line":77,"column":null}},{"start":{},"end":{}}],"line":70}},"s":{"0":4,"1":12,"2":11,"3":6,"4":5,"5":5,"6":1},"f":{"0":4,"1":12,"2":11,"3":6},"b":{"0":[11,9],"1":[5,1]},"meta":{"lastBranch":2,"lastFunction":4,"lastStatement":7,"seen":{"f:19:16:19:Infinity":0,"s:23:2:23:Infinity":0,"f:34:16:34:Infinity":1,"s:39:2:42:Infinity":1,"f:52:16:52:Infinity":2,"s:56:2:56:Infinity":2,"b:56:9:56:49:56:49:56:Infinity":0,"f:66:16:66:Infinity":3,"b:70:2:77:Infinity:undefined:undefined:undefined:undefined":1,"s:70:2:77:Infinity":3,"s:72:45:72:Infinity":4,"s:73:4:76:Infinity":5,"s:78:2:78:Infinity":6},"fnNames":{}}}
,"/home/yutiuser/projects/solana/solana-sdk/src/rpc/endpoint.ts": {"path":"/home/yutiuser/projects/solana/solana-sdk/src/rpc/endpoint.ts","statementMap":{"0":{"start":{"line":22,"column":22},"end":{"line":22,"column":null}},"1":{"start":{"line":23,"column":36},"end":{"line":28,"column":null}},"2":{"start":{"line":31,"column":2},"end":{"line":33,"column":null}},"3":{"start":{"line":32,"column":4},"end":{"line":32,"column":null}},"4":{"start":{"line":35,"column":2},"end":{"line":41,"column":null}},"5":{"start":{"line":36,"column":19},"end":{"line":36,"column":null}},"6":{"start":{"line":38,"column":4},"end":{"line":38,"column":null}},"7":{"start":{"line":40,"column":4},"end":{"line":40,"column":null}},"8":{"start":{"line":43,"column":2},"end":{"line":43,"column":null}},"9":{"start":{"line":52,"column":21},"end":{"line":52,"column":null}},"10":{"start":{"line":54,"column":2},"end":{"line":57,"column":null}},"11":{"start":{"line":65,"column":2},"end":{"line":72,"column":null}},"12":{"start":{"line":84,"column":23},"end":{"line":84,"column":null}},"13":{"start":{"line":86,"column":8},"end":{"line":87,"column":null}},"14":{"start":{"line":89,"column":2},"end":{"line":96,"column":null}},"15":{"start":{"line":108,"column":2},"end":{"line":113,"column":null}},"16":{"start":{"line":124,"column":2},"end":{"line":128,"column":null}},"17":{"start":{"line":125,"column":4},"end":{"line":125,"column":null}},"18":{"start":{"line":127,"column":4},"end":{"line":127,"column":null}},"19":{"start":{"line":140,"column":2},"end":{"line":140,"column":null}}},"fnMap":{"0":{"name":"normalizeRpcEndpointConfig","decl":{"start":{"line":18,"column":16},"end":{"line":18,"column":null}},"loc":{"start":{"line":20,"column":39},"end":{"line":44,"column":null}},"line":20},"1":{"name":"createEndpointId","decl":{"start":{"line":50,"column":16},"end":{"line":50,"column":33}},"loc":{"start":{"line":50,"column":68},"end":{"line":58,"column":null}},"line":50},"2":{"name":"createInitialEndpointState","decl":{"start":{"line":64,"column":16},"end":{"line":64,"column":43}},"loc":{"start":{"line":64,"column":88},"end":{"line":73,"column":null}},"line":64},"3":{"name":"recordEndpointSuccess","decl":{"start":{"line":79,"column":16},"end":{"line":79,"column":null}},"loc":{"start":{"line":83,"column":20},"end":{"line":97,"column":null}},"line":83},"4":{"name":"recordEndpointFailure","decl":{"start":{"line":103,"column":16},"end":{"line":103,"column":null}},"loc":{"start":{"line":107,"column":20},"end":{"line":114,"column":null}},"line":107},"5":{"name":"applyEndpointAttemptOutcome","decl":{"start":{"line":119,"column":16},"end":{"line":119,"column":null}},"loc":{"start":{"line":123,"column":20},"end":{"line":129,"column":null}},"line":123},"6":{"name":"isEndpointHealthy","decl":{"start":{"line":134,"column":16},"end":{"line":134,"column":null}},"loc":{"start":{"line":137,"column":11},"end":{"line":141,"column":null}},"line":137}},"branchMap":{"0":{"loc":{"start":{"line":22,"column":22},"end":{"line":22,"column":null}},"type":"cond-expr","locations":[{"start":{"line":22,"column":50},"end":{"line":22,"column":67}},{"start":{"line":22,"column":67},"end":{"line":22,"column":null}}],"line":22},"1":{"loc":{"start":{"line":25,"column":12},"end":{"line":25,"column":null}},"type":"binary-expr","locations":[{"start":{"line":25,"column":12},"end":{"line":25,"column":34}},{"start":{"line":25,"column":34},"end":{"line":25,"column":null}}],"line":25},"2":{"loc":{"start":{"line":31,"column":2},"end":{"line":33,"column":null}},"type":"if","locations":[{"start":{"line":31,"column":2},"end":{"line":33,"column":null}},{"start":{},"end":{}}],"line":31},"3":{"loc":{"start":{"line":31,"column":6},"end":{"line":31,"column":47}},"type":"binary-expr","locations":[{"start":{"line":31,"column":6},"end":{"line":31,"column":21}},{"start":{"line":31,"column":21},"end":{"line":31,"column":47}}],"line":31},"4":{"loc":{"start":{"line":124,"column":2},"end":{"line":128,"column":null}},"type":"if","locations":[{"start":{"line":124,"column":2},"end":{"line":128,"column":null}},{"start":{"line":126,"column":9},"end":{"line":128,"column":null}}],"line":124},"5":{"loc":{"start":{"line":140,"column":9},"end":{"line":140,"column":null}},"type":"binary-expr","locations":[{"start":{"line":140,"column":9},"end":{"line":140,"column":36}},{"start":{"line":140,"column":36},"end":{"line":140,"column":null}}],"line":140}},"s":{"0":31,"1":31,"2":31,"3":1,"4":30,"5":30,"6":30,"7":3,"8":27,"9":111,"10":111,"11":102,"12":12,"13":12,"14":12,"15":10,"16":3,"17":2,"18":1,"19":4},"f":{"0":31,"1":111,"2":102,"3":12,"4":10,"5":3,"6":4},"b":{"0":[25,6],"1":[31,27],"2":[1,30],"3":[31,30],"4":[2,1],"5":[4,3]},"meta":{"lastBranch":6,"lastFunction":7,"lastStatement":20,"seen":{"f:18:16:18:Infinity":0,"s:22:22:22:Infinity":0,"b:22:50:22:67:22:67:22:Infinity":0,"s:23:36:28:Infinity":1,"b:25:12:25:34:25:34:25:Infinity":1,"b:31:2:33:Infinity:undefined:undefined:undefined:undefined":2,"s:31:2:33:Infinity":2,"b:31:6:31:21:31:21:31:47":3,"s:32:4:32:Infinity":3,"s:35:2:41:Infinity":4,"s:36:19:36:Infinity":5,"s:38:4:38:Infinity":6,"s:40:4:40:Infinity":7,"s:43:2:43:Infinity":8,"f:50:16:50:33":1,"s:52:21:52:Infinity":9,"s:54:2:57:Infinity":10,"f:64:16:64:43":2,"s:65:2:72:Infinity":11,"f:79:16:79:Infinity":3,"s:84:23:84:Infinity":12,"s:86:8:87:Infinity":13,"s:89:2:96:Infinity":14,"f:103:16:103:Infinity":4,"s:108:2:113:Infinity":15,"f:119:16:119:Infinity":5,"b:124:2:128:Infinity:126:9:128:Infinity":4,"s:124:2:128:Infinity":16,"s:125:4:125:Infinity":17,"s:127:4:127:Infinity":18,"f:134:16:134:Infinity":6,"s:140:2:140:Infinity":19,"b:140:9:140:36:140:36:140:Infinity":5},"fnNames":{}}}
,"/home/yutiuser/projects/solana/solana-sdk/src/rpc/registry.ts": {"path":"/home/yutiuser/projects/solana/solana-sdk/src/rpc/registry.ts","statementMap":{"0":{"start":{"line":24,"column":2},"end":{"line":26,"column":null}},"1":{"start":{"line":25,"column":4},"end":{"line":25,"column":null}},"2":{"start":{"line":29,"column":42},"end":{"line":29,"column":null}},"3":{"start":{"line":30,"column":18},"end":{"line":30,"column":null}},"4":{"start":{"line":32,"column":2},"end":{"line":46,"column":null}},"5":{"start":{"line":33,"column":10},"end":{"line":33,"column":null}},"6":{"start":{"line":34,"column":4},"end":{"line":36,"column":null}},"7":{"start":{"line":35,"column":6},"end":{"line":35,"column":null}},"8":{"start":{"line":38,"column":30},"end":{"line":38,"column":null}},"9":{"start":{"line":39,"column":10},"end":{"line":39,"column":null}},"10":{"start":{"line":42,"column":4},"end":{"line":45,"column":null}},"11":{"start":{"line":43,"column":6},"end":{"line":43,"column":null}},"12":{"start":{"line":44,"column":6},"end":{"line":44,"column":null}},"13":{"start":{"line":49,"column":17},"end":{"line":49,"column":null}},"14":{"start":{"line":49,"column":33},"end":{"line":49,"column":78}},"15":{"start":{"line":51,"column":2},"end":{"line":51,"column":null}},"16":{"start":{"line":58,"column":50},"end":{"line":58,"column":null}},"17":{"start":{"line":61,"column":4},"end":{"line":63,"column":null}},"18":{"start":{"line":62,"column":6},"end":{"line":62,"column":null}},"19":{"start":{"line":67,"column":4},"end":{"line":67,"column":null}},"20":{"start":{"line":71,"column":4},"end":{"line":71,"column":null}},"21":{"start":{"line":75,"column":4},"end":{"line":75,"column":null}}},"fnMap":{"0":{"name":"createEndpointRegistry","decl":{"start":{"line":21,"column":16},"end":{"line":21,"column":null}},"loc":{"start":{"line":23,"column":38},"end":{"line":52,"column":null}},"line":23},"1":{"name":"(anonymous_1)","decl":{"start":{"line":49,"column":28},"end":{"line":49,"column":33}},"loc":{"start":{"line":49,"column":33},"end":{"line":49,"column":78}},"line":49},"2":{"name":"constructor","decl":{"start":{"line":60,"column":2},"end":{"line":60,"column":14}},"loc":{"start":{"line":60,"column":42},"end":{"line":64,"column":null}},"line":60},"3":{"name":"getAll","decl":{"start":{"line":66,"column":2},"end":{"line":66,"column":31}},"loc":{"start":{"line":66,"column":31},"end":{"line":68,"column":null}},"line":66},"4":{"name":"getById","decl":{"start":{"line":70,"column":2},"end":{"line":70,"column":10}},"loc":{"start":{"line":70,"column":52},"end":{"line":72,"column":null}},"line":70},"5":{"name":"upsert","decl":{"start":{"line":74,"column":2},"end":{"line":74,"column":9}},"loc":{"start":{"line":74,"column":40},"end":{"line":76,"column":null}},"line":74}},"branchMap":{"0":{"loc":{"start":{"line":24,"column":2},"end":{"line":26,"column":null}},"type":"if","locations":[{"start":{"line":24,"column":2},"end":{"line":26,"column":null}},{"start":{},"end":{}}],"line":24},"1":{"loc":{"start":{"line":24,"column":6},"end":{"line":24,"column":40}},"type":"binary-expr","locations":[{"start":{"line":24,"column":6},"end":{"line":24,"column":18}},{"start":{"line":24,"column":18},"end":{"line":24,"column":40}}],"line":24},"2":{"loc":{"start":{"line":34,"column":4},"end":{"line":36,"column":null}},"type":"if","locations":[{"start":{"line":34,"column":4},"end":{"line":36,"column":null}},{"start":{},"end":{}}],"line":34},"3":{"loc":{"start":{"line":42,"column":4},"end":{"line":45,"column":null}},"type":"if","locations":[{"start":{"line":42,"column":4},"end":{"line":45,"column":null}},{"start":{},"end":{}}],"line":42}},"s":{"0":13,"1":1,"2":12,"3":12,"4":12,"5":18,"6":18,"7":1,"8":17,"9":17,"10":17,"11":15,"12":15,"13":11,"14":14,"15":11,"16":11,"17":11,"18":14,"19":12,"20":3,"21":1},"f":{"0":13,"1":14,"2":11,"3":12,"4":3,"5":1},"b":{"0":[1,12],"1":[13,13],"2":[1,17],"3":[15,2]},"meta":{"lastBranch":4,"lastFunction":6,"lastStatement":22,"seen":{"f:21:16:21:Infinity":0,"b:24:2:26:Infinity:undefined:undefined:undefined:undefined":0,"s:24:2:26:Infinity":0,"b:24:6:24:18:24:18:24:40":1,"s:25:4:25:Infinity":1,"s:29:42:29:Infinity":2,"s:30:18:30:Infinity":3,"s:32:2:46:Infinity":4,"s:33:10:33:Infinity":5,"b:34:4:36:Infinity:undefined:undefined:undefined:undefined":2,"s:34:4:36:Infinity":6,"s:35:6:35:Infinity":7,"s:38:30:38:Infinity":8,"s:39:10:39:Infinity":9,"b:42:4:45:Infinity:undefined:undefined:undefined:undefined":3,"s:42:4:45:Infinity":10,"s:43:6:43:Infinity":11,"s:44:6:44:Infinity":12,"s:49:17:49:Infinity":13,"f:49:28:49:33":1,"s:49:33:49:78":14,"s:51:2:51:Infinity":15,"s:58:50:58:Infinity":16,"f:60:2:60:14":2,"s:61:4:63:Infinity":17,"s:62:6:62:Infinity":18,"f:66:2:66:31":3,"s:67:4:67:Infinity":19,"f:70:2:70:10":4,"s:71:4:71:Infinity":20,"f:74:2:74:9":5,"s:75:4:75:Infinity":21},"fnNames":{}}}
,"/home/yutiuser/projects/solana/solana-sdk/src/rpc/resilient-client.ts": {"path":"/home/yutiuser/projects/solana/solana-sdk/src/rpc/resilient-client.ts","statementMap":{"0":{"start":{"line":48,"column":2},"end":{"line":48,"column":null}},"1":{"start":{"line":74,"column":2},"end":{"line":74,"column":null}}},"fnMap":{"0":{"name":"createResilientRpcClient","decl":{"start":{"line":42,"column":16},"end":{"line":42,"column":null}},"loc":{"start":{"line":46,"column":16},"end":{"line":49,"column":null}},"line":46},"1":{"name":"executeResilientRpcRequest","decl":{"start":{"line":61,"column":22},"end":{"line":61,"column":null}},"loc":{"start":{"line":67,"column":48},"end":{"line":75,"column":null}},"line":67}},"branchMap":{},"s":{"0":0,"1":0},"f":{"0":0,"1":0},"b":{},"meta":{"lastBranch":0,"lastFunction":2,"lastStatement":2,"seen":{"f:42:16:42:Infinity":0,"s:48:2:48:Infinity":0,"f:61:22:61:Infinity":1,"s:74:2:74:Infinity":1},"fnNames":{}}}
,"/home/yutiuser/projects/solana/solana-sdk/src/rpc/retry.ts": {"path":"/home/yutiuser/projects/solana/solana-sdk/src/rpc/retry.ts","statementMap":{"0":{"start":{"line":28,"column":2},"end":{"line":30,"column":null}},"1":{"start":{"line":29,"column":4},"end":{"line":29,"column":null}},"2":{"start":{"line":33,"column":2},"end":{"line":35,"column":null}},"3":{"start":{"line":34,"column":4},"end":{"line":34,"column":null}},"4":{"start":{"line":38,"column":2},"end":{"line":38,"column":null}},"5":{"start":{"line":58,"column":27},"end":{"line":58,"column":null}},"6":{"start":{"line":61,"column":22},"end":{"line":61,"column":null}},"7":{"start":{"line":64,"column":22},"end":{"line":64,"column":null}},"8":{"start":{"line":65,"column":27},"end":{"line":65,"column":null}},"9":{"start":{"line":66,"column":26},"end":{"line":66,"column":null}},"10":{"start":{"line":69,"column":2},"end":{"line":69,"column":null}}},"fnMap":{"0":{"name":"shouldRetry","decl":{"start":{"line":22,"column":16},"end":{"line":22,"column":null}},"loc":{"start":{"line":26,"column":11},"end":{"line":39,"column":null}},"line":26},"1":{"name":"computeBackoffMs","decl":{"start":{"line":52,"column":16},"end":{"line":52,"column":null}},"loc":{"start":{"line":56,"column":10},"end":{"line":70,"column":null}},"line":56}},"branchMap":{"0":{"loc":{"start":{"line":28,"column":2},"end":{"line":30,"column":null}},"type":"if","locations":[{"start":{"line":28,"column":2},"end":{"line":30,"column":null}},{"start":{},"end":{}}],"line":28},"1":{"loc":{"start":{"line":33,"column":2},"end":{"line":35,"column":null}},"type":"if","locations":[{"start":{"line":33,"column":2},"end":{"line":35,"column":null}},{"start":{},"end":{}}],"line":33}},"s":{"0":15,"1":1,"2":14,"3":2,"4":12,"5":37,"6":37,"7":37,"8":37,"9":37,"10":37},"f":{"0":15,"1":37},"b":{"0":[1,14],"1":[2,12]},"meta":{"lastBranch":2,"lastFunction":2,"lastStatement":11,"seen":{"f:22:16:22:Infinity":0,"b:28:2:30:Infinity:undefined:undefined:undefined:undefined":0,"s:28:2:30:Infinity":0,"s:29:4:29:Infinity":1,"b:33:2:35:Infinity:undefined:undefined:undefined:undefined":1,"s:33:2:35:Infinity":2,"s:34:4:34:Infinity":3,"s:38:2:38:Infinity":4,"f:52:16:52:Infinity":1,"s:58:27:58:Infinity":5,"s:61:22:61:Infinity":6,"s:64:22:64:Infinity":7,"s:65:27:65:Infinity":8,"s:66:26:66:Infinity":9,"s:69:2:69:Infinity":10},"fnNames":{}}}
,"/home/yutiuser/projects/solana/solana-sdk/src/rpc/scoring.ts": {"path":"/home/yutiuser/projects/solana/solana-sdk/src/rpc/scoring.ts","statementMap":{"0":{"start":{"line":30,"column":14},"end":{"line":30,"column":null}},"1":{"start":{"line":33,"column":2},"end":{"line":33,"column":null}},"2":{"start":{"line":36,"column":24},"end":{"line":36,"column":null}},"3":{"start":{"line":37,"column":22},"end":{"line":37,"column":null}},"4":{"start":{"line":38,"column":2},"end":{"line":38,"column":null}},"5":{"start":{"line":41,"column":2},"end":{"line":46,"column":null}},"6":{"start":{"line":42,"column":31},"end":{"line":42,"column":null}},"7":{"start":{"line":44,"column":26},"end":{"line":44,"column":null}},"8":{"start":{"line":45,"column":4},"end":{"line":45,"column":null}},"9":{"start":{"line":48,"column":2},"end":{"line":48,"column":null}},"10":{"start":{"line":58,"column":2},"end":{"line":58,"column":null}},"11":{"start":{"line":77,"column":20},"end":{"line":77,"column":null}},"12":{"start":{"line":77,"column":45},"end":{"line":77,"column":81}},"13":{"start":{"line":79,"column":2},"end":{"line":81,"column":null}},"14":{"start":{"line":80,"column":4},"end":{"line":80,"column":null}},"15":{"start":{"line":84,"column":24},"end":{"line":84,"column":null}},"16":{"start":{"line":85,"column":2},"end":{"line":87,"column":null}},"17":{"start":{"line":86,"column":4},"end":{"line":86,"column":null}},"18":{"start":{"line":89,"column":21},"end":{"line":89,"column":null}},"19":{"start":{"line":90,"column":18},"end":{"line":90,"column":null}},"20":{"start":{"line":92,"column":2},"end":{"line":101,"column":null}},"21":{"start":{"line":92,"column":15},"end":{"line":92,"column":18}},"22":{"start":{"line":93,"column":21},"end":{"line":93,"column":null}},"23":{"start":{"line":94,"column":4},"end":{"line":100,"column":null}},"24":{"start":{"line":95,"column":20},"end":{"line":95,"column":null}},"25":{"start":{"line":96,"column":6},"end":{"line":99,"column":null}},"26":{"start":{"line":97,"column":8},"end":{"line":97,"column":null}},"27":{"start":{"line":98,"column":8},"end":{"line":98,"column":null}},"28":{"start":{"line":103,"column":2},"end":{"line":103,"column":null}}},"fnMap":{"0":{"name":"scoreEndpoint","decl":{"start":{"line":25,"column":16},"end":{"line":25,"column":null}},"loc":{"start":{"line":29,"column":10},"end":{"line":49,"column":null}},"line":29},"1":{"name":"isEndpointCircuitOpen","decl":{"start":{"line":54,"column":16},"end":{"line":54,"column":null}},"loc":{"start":{"line":57,"column":11},"end":{"line":59,"column":null}},"line":57},"2":{"name":"selectBestEndpoint","decl":{"start":{"line":71,"column":16},"end":{"line":71,"column":null}},"loc":{"start":{"line":75,"column":38},"end":{"line":104,"column":null}},"line":75},"3":{"name":"(anonymous_3)","decl":{"start":{"line":77,"column":27},"end":{"line":77,"column":35}},"loc":{"start":{"line":77,"column":45},"end":{"line":77,"column":81}},"line":77}},"branchMap":{"0":{"loc":{"start":{"line":37,"column":22},"end":{"line":37,"column":null}},"type":"cond-expr","locations":[{"start":{"line":37,"column":42},"end":{"line":37,"column":79}},{"start":{"line":37,"column":79},"end":{"line":37,"column":null}}],"line":37},"1":{"loc":{"start":{"line":41,"column":2},"end":{"line":46,"column":null}},"type":"if","locations":[{"start":{"line":41,"column":2},"end":{"line":46,"column":null}},{"start":{},"end":{}}],"line":41},"2":{"loc":{"start":{"line":58,"column":9},"end":{"line":58,"column":null}},"type":"binary-expr","locations":[{"start":{"line":58,"column":9},"end":{"line":58,"column":49}},{"start":{"line":58,"column":49},"end":{"line":58,"column":null}}],"line":58},"3":{"loc":{"start":{"line":79,"column":2},"end":{"line":81,"column":null}},"type":"if","locations":[{"start":{"line":79,"column":2},"end":{"line":81,"column":null}},{"start":{},"end":{}}],"line":79},"4":{"loc":{"start":{"line":85,"column":2},"end":{"line":87,"column":null}},"type":"if","locations":[{"start":{"line":85,"column":2},"end":{"line":87,"column":null}},{"start":{},"end":{}}],"line":85},"5":{"loc":{"start":{"line":94,"column":4},"end":{"line":100,"column":null}},"type":"if","locations":[{"start":{"line":94,"column":4},"end":{"line":100,"column":null}},{"start":{},"end":{}}],"line":94},"6":{"loc":{"start":{"line":96,"column":6},"end":{"line":99,"column":null}},"type":"if","locations":[{"start":{"line":96,"column":6},"end":{"line":99,"column":null}},{"start":{},"end":{}}],"line":96}},"s":{"0":19,"1":19,"2":19,"3":19,"4":19,"5":19,"6":4,"7":4,"8":4,"9":19,"10":14,"11":7,"12":11,"13":7,"14":2,"15":5,"16":5,"17":0,"18":5,"19":5,"20":5,"21":5,"22":2,"23":2,"24":2,"25":2,"26":1,"27":1,"28":5},"f":{"0":19,"1":14,"2":7,"3":11},"b":{"0":[2,17],"1":[4,15],"2":[14,6],"3":[2,5],"4":[0,5],"5":[2,0],"6":[1,1]},"meta":{"lastBranch":7,"lastFunction":4,"lastStatement":29,"seen":{"f:25:16:25:Infinity":0,"s:30:14:30:Infinity":0,"s:33:2:33:Infinity":1,"s:36:24:36:Infinity":2,"s:37:22:37:Infinity":3,"b:37:42:37:79:37:79:37:Infinity":0,"s:38:2:38:Infinity":4,"b:41:2:46:Infinity:undefined:undefined:undefined:undefined":1,"s:41:2:46:Infinity":5,"s:42:31:42:Infinity":6,"s:44:26:44:Infinity":7,"s:45:4:45:Infinity":8,"s:48:2:48:Infinity":9,"f:54:16:54:Infinity":1,"s:58:2:58:Infinity":10,"b:58:9:58:49:58:49:58:Infinity":2,"f:71:16:71:Infinity":2,"s:77:20:77:Infinity":11,"f:77:27:77:35":3,"s:77:45:77:81":12,"b:79:2:81:Infinity:undefined:undefined:undefined:undefined":3,"s:79:2:81:Infinity":13,"s:80:4:80:Infinity":14,"s:84:24:84:Infinity":15,"b:85:2:87:Infinity:undefined:undefined:undefined:undefined":4,"s:85:2:87:Infinity":16,"s:86:4:86:Infinity":17,"s:89:21:89:Infinity":18,"s:90:18:90:Infinity":19,"s:92:2:101:Infinity":20,"s:92:15:92:18":21,"s:93:21:93:Infinity":22,"b:94:4:100:Infinity:undefined:undefined:undefined:undefined":5,"s:94:4:100:Infinity":23,"s:95:20:95:Infinity":24,"b:96:6:99:Infinity:undefined:undefined:undefined:undefined":6,"s:96:6:99:Infinity":25,"s:97:8:97:Infinity":26,"s:98:8:98:Infinity":27,"s:103:2:103:Infinity":28},"fnNames":{}}}
,"/home/yutiuser/projects/solana/solana-sdk/src/rpc/timeout.ts": {"path":"/home/yutiuser/projects/solana/solana-sdk/src/rpc/timeout.ts","statementMap":{"0":{"start":{"line":26,"column":2},"end":{"line":28,"column":null}},"1":{"start":{"line":27,"column":4},"end":{"line":27,"column":null}},"2":{"start":{"line":29,"column":2},"end":{"line":29,"column":null}},"3":{"start":{"line":40,"column":2},"end":{"line":44,"column":null}},"4":{"start":{"line":64,"column":2},"end":{"line":66,"column":null}},"5":{"start":{"line":65,"column":4},"end":{"line":65,"column":null}},"6":{"start":{"line":68,"column":22},"end":{"line":68,"column":null}},"7":{"start":{"line":70,"column":2},"end":{"line":100,"column":null}},"8":{"start":{"line":71,"column":19},"end":{"line":71,"column":null}},"9":{"start":{"line":74,"column":4},"end":{"line":83,"column":null}},"10":{"start":{"line":76,"column":8},"end":{"line":76,"column":null}},"11":{"start":{"line":77,"column":8},"end":{"line":77,"column":null}},"12":{"start":{"line":80,"column":8},"end":{"line":80,"column":null}},"13":{"start":{"line":81,"column":8},"end":{"line":81,"column":null}},"14":{"start":{"line":86,"column":26},"end":{"line":92,"column":null}},"15":{"start":{"line":87,"column":6},"end":{"line":91,"column":null}},"16":{"start":{"line":88,"column":8},"end":{"line":88,"column":null}},"17":{"start":{"line":89,"column":26},"end":{"line":89,"column":null}},"18":{"start":{"line":90,"column":8},"end":{"line":90,"column":null}},"19":{"start":{"line":95,"column":4},"end":{"line":99,"column":null}},"20":{"start":{"line":96,"column":6},"end":{"line":98,"column":null}},"21":{"start":{"line":97,"column":8},"end":{"line":97,"column":null}}},"fnMap":{"0":{"name":"isWithinTimeout","decl":{"start":{"line":21,"column":16},"end":{"line":21,"column":null}},"loc":{"start":{"line":25,"column":11},"end":{"line":30,"column":null}},"line":25},"1":{"name":"createTimeoutError","decl":{"start":{"line":35,"column":16},"end":{"line":35,"column":null}},"loc":{"start":{"line":39,"column":12},"end":{"line":45,"column":null}},"line":39},"2":{"name":"withTimeout","decl":{"start":{"line":57,"column":22},"end":{"line":57,"column":null}},"loc":{"start":{"line":63,"column":14},"end":{"line":101,"column":null}},"line":63},"3":{"name":"(anonymous_3)","decl":{"start":{"line":70,"column":13},"end":{"line":70,"column":22}},"loc":{"start":{"line":70,"column":42},"end":{"line":100,"column":3}},"line":70},"4":{"name":"(anonymous_4)","decl":{"start":{"line":74,"column":12},"end":{"line":74,"column":null}},"loc":{"start":{"line":75,"column":17},"end":{"line":78,"column":null}},"line":75},"5":{"name":"(anonymous_5)","decl":{"start":{"line":78,"column":6},"end":{"line":78,"column":null}},"loc":{"start":{"line":79,"column":17},"end":{"line":82,"column":null}},"line":79},"6":{"name":"(anonymous_6)","decl":{"start":{"line":86,"column":32},"end":{"line":86,"column":49}},"loc":{"start":{"line":86,"column":49},"end":{"line":92,"column":7}},"line":86},"7":{"name":"(anonymous_7)","decl":{"start":{"line":95,"column":12},"end":{"line":95,"column":26}},"loc":{"start":{"line":95,"column":26},"end":{"line":99,"column":5}},"line":95}},"branchMap":{"0":{"loc":{"start":{"line":26,"column":2},"end":{"line":28,"column":null}},"type":"if","locations":[{"start":{"line":26,"column":2},"end":{"line":28,"column":null}},{"start":{},"end":{}}],"line":26},"1":{"loc":{"start":{"line":64,"column":2},"end":{"line":66,"column":null}},"type":"if","locations":[{"start":{"line":64,"column":2},"end":{"line":66,"column":null}},{"start":{},"end":{}}],"line":64},"2":{"loc":{"start":{"line":87,"column":6},"end":{"line":91,"column":null}},"type":"if","locations":[{"start":{"line":87,"column":6},"end":{"line":91,"column":null}},{"start":{},"end":{}}],"line":87},"3":{"loc":{"start":{"line":96,"column":6},"end":{"line":98,"column":null}},"type":"if","locations":[{"start":{"line":96,"column":6},"end":{"line":98,"column":null}},{"start":{},"end":{}}],"line":96}},"s":{"0":6,"1":1,"2":5,"3":6,"4":9,"5":1,"6":8,"7":8,"8":8,"9":8,"10":4,"11":4,"12":2,"13":2,"14":8,"15":2,"16":2,"17":2,"18":2,"19":8,"20":6,"21":6},"f":{"0":6,"1":6,"2":9,"3":8,"4":4,"5":2,"6":2,"7":6},"b":{"0":[1,5],"1":[1,8],"2":[2,0],"3":[6,0]},"meta":{"lastBranch":4,"lastFunction":8,"lastStatement":22,"seen":{"f:21:16:21:Infinity":0,"b:26:2:28:Infinity:undefined:undefined:undefined:undefined":0,"s:26:2:28:Infinity":0,"s:27:4:27:Infinity":1,"s:29:2:29:Infinity":2,"f:35:16:35:Infinity":1,"s:40:2:44:Infinity":3,"f:57:22:57:Infinity":2,"b:64:2:66:Infinity:undefined:undefined:undefined:undefined":1,"s:64:2:66:Infinity":4,"s:65:4:65:Infinity":5,"s:68:22:68:Infinity":6,"s:70:2:100:Infinity":7,"f:70:13:70:22":3,"s:71:19:71:Infinity":8,"s:74:4:83:Infinity":9,"f:74:12:74:Infinity":4,"s:76:8:76:Infinity":10,"s:77:8:77:Infinity":11,"f:78:6:78:Infinity":5,"s:80:8:80:Infinity":12,"s:81:8:81:Infinity":13,"s:86:26:92:Infinity":14,"f:86:32:86:49":6,"b:87:6:91:Infinity:undefined:undefined:undefined:undefined":2,"s:87:6:91:Infinity":15,"s:88:8:88:Infinity":16,"s:89:26:89:Infinity":17,"s:90:8:90:Infinity":18,"s:95:4:99:Infinity":19,"f:95:12:95:26":7,"b:96:6:98:Infinity:undefined:undefined:undefined:undefined":3,"s:96:6:98:Infinity":20,"s:97:8:97:Infinity":21},"fnNames":{}}}
,"/home/yutiuser/projects/solana/solana-sdk/src/rpc/transport.ts": {"path":"/home/yutiuser/projects/solana/solana-sdk/src/rpc/transport.ts","statementMap":{"0":{"start":{"line":24,"column":2},"end":{"line":24,"column":null}},"1":{"start":{"line":44,"column":2},"end":{"line":44,"column":null}},"2":{"start":{"line":61,"column":2},"end":{"line":61,"column":null}}},"fnMap":{"0":{"name":"createRpcRequestContext","decl":{"start":{"line":17,"column":16},"end":{"line":17,"column":null}},"loc":{"start":{"line":22,"column":30},"end":{"line":25,"column":null}},"line":22},"1":{"name":"executeRpcAttempt","decl":{"start":{"line":37,"column":22},"end":{"line":37,"column":null}},"loc":{"start":{"line":41,"column":38},"end":{"line":45,"column":null}},"line":41},"2":{"name":"mapTransportErrorToSdkError","decl":{"start":{"line":59,"column":16},"end":{"line":59,"column":44}},"loc":{"start":{"line":59,"column":70},"end":{"line":62,"column":null}},"line":59}},"branchMap":{},"s":{"0":0,"1":0,"2":0},"f":{"0":0,"1":0,"2":0},"b":{},"meta":{"lastBranch":0,"lastFunction":3,"lastStatement":3,"seen":{"f:17:16:17:Infinity":0,"s:24:2:24:Infinity":0,"f:37:22:37:Infinity":1,"s:44:2:44:Infinity":1,"f:59:16:59:44":2,"s:61:2:61:Infinity":2},"fnNames":{}}}
,"/home/yutiuser/projects/solana/solana-sdk/src/sdk/create-sdk.ts": {"path":"/home/yutiuser/projects/solana/solana-sdk/src/sdk/create-sdk.ts","statementMap":{"0":{"start":{"line":24,"column":2},"end":{"line":24,"column":null}},"1":{"start":{"line":40,"column":2},"end":{"line":40,"column":null}},"2":{"start":{"line":53,"column":4},"end":{"line":53,"column":null}},"3":{"start":{"line":60,"column":4},"end":{"line":60,"column":null}},"4":{"start":{"line":65,"column":4},"end":{"line":65,"column":null}},"5":{"start":{"line":77,"column":4},"end":{"line":77,"column":null}}},"fnMap":{"0":{"name":"validateSdkConfig","decl":{"start":{"line":21,"column":16},"end":{"line":21,"column":34}},"loc":{"start":{"line":21,"column":94},"end":{"line":25,"column":null}},"line":21},"1":{"name":"createSolanaReliabilitySdk","decl":{"start":{"line":36,"column":22},"end":{"line":36,"column":null}},"loc":{"start":{"line":38,"column":51},"end":{"line":41,"column":null}},"line":38},"2":{"name":"sendTransaction","decl":{"start":{"line":47,"column":8},"end":{"line":47,"column":null}},"loc":{"start":{"line":51,"column":21},"end":{"line":54,"column":null}},"line":51},"3":{"name":"confirmTransaction","decl":{"start":{"line":56,"column":8},"end":{"line":56,"column":null}},"loc":{"start":{"line":58,"column":52},"end":{"line":61,"column":null}},"line":58},"4":{"name":"getPriorityFee","decl":{"start":{"line":63,"column":8},"end":{"line":63,"column":42}},"loc":{"start":{"line":63,"column":42},"end":{"line":66,"column":null}},"line":63},"5":{"name":"getEndpointHealth","decl":{"start":{"line":68,"column":8},"end":{"line":68,"column":null}},"loc":{"start":{"line":75,"column":5},"end":{"line":78,"column":null}},"line":75}},"branchMap":{},"s":{"0":0,"1":0,"2":0,"3":0,"4":0,"5":0},"f":{"0":0,"1":0,"2":0,"3":0,"4":0,"5":0},"b":{},"meta":{"lastBranch":0,"lastFunction":6,"lastStatement":6,"seen":{"f:21:16:21:34":0,"s:24:2:24:Infinity":0,"f:36:22:36:Infinity":1,"s:40:2:40:Infinity":1,"f:47:8:47:Infinity":2,"s:53:4:53:Infinity":2,"f:56:8:56:Infinity":3,"s:60:4:60:Infinity":3,"f:63:8:63:42":4,"s:65:4:65:Infinity":4,"f:68:8:68:Infinity":5,"s:77:4:77:Infinity":5},"fnNames":{}}}
,"/home/yutiuser/projects/solana/solana-sdk/src/testing/fake-clock.ts": {"path":"/home/yutiuser/projects/solana/solana-sdk/src/testing/fake-clock.ts","statementMap":{"0":{"start":{"line":31,"column":20},"end":{"line":31,"column":null}},"1":{"start":{"line":33,"column":2},"end":{"line":45,"column":null}},"2":{"start":{"line":35,"column":6},"end":{"line":35,"column":null}},"3":{"start":{"line":39,"column":6},"end":{"line":39,"column":null}},"4":{"start":{"line":43,"column":6},"end":{"line":43,"column":null}}},"fnMap":{"0":{"name":"createFakeClock","decl":{"start":{"line":30,"column":16},"end":{"line":30,"column":32}},"loc":{"start":{"line":30,"column":64},"end":{"line":46,"column":null}},"line":30},"1":{"name":"now","decl":{"start":{"line":34,"column":4},"end":{"line":34,"column":18}},"loc":{"start":{"line":34,"column":18},"end":{"line":36,"column":null}},"line":34},"2":{"name":"advance","decl":{"start":{"line":38,"column":4},"end":{"line":38,"column":12}},"loc":{"start":{"line":38,"column":30},"end":{"line":40,"column":null}},"line":38},"3":{"name":"set","decl":{"start":{"line":42,"column":4},"end":{"line":42,"column":8}},"loc":{"start":{"line":42,"column":26},"end":{"line":44,"column":null}},"line":42}},"branchMap":{"0":{"loc":{"start":{"line":30,"column":32},"end":{"line":30,"column":64}},"type":"default-arg","locations":[{"start":{"line":30,"column":50},"end":{"line":30,"column":64}}],"line":30}},"s":{"0":17,"1":17,"2":16,"3":12,"4":2},"f":{"0":17,"1":16,"2":12,"3":2},"b":{"0":[17]},"meta":{"lastBranch":1,"lastFunction":4,"lastStatement":5,"seen":{"f:30:16:30:32":0,"b:30:50:30:64":0,"s:31:20:31:Infinity":0,"s:33:2:45:Infinity":1,"f:34:4:34:18":1,"s:35:6:35:Infinity":2,"f:38:4:38:12":2,"s:39:6:39:Infinity":3,"f:42:4:42:8":3,"s:43:6:43:Infinity":4},"fnNames":{}}}
,"/home/yutiuser/projects/solana/solana-sdk/src/testing/fake-random.ts": {"path":"/home/yutiuser/projects/solana/solana-sdk/src/testing/fake-random.ts","statementMap":{"0":{"start":{"line":26,"column":26},"end":{"line":26,"column":null}},"1":{"start":{"line":28,"column":2},"end":{"line":39,"column":null}},"2":{"start":{"line":30,"column":6},"end":{"line":32,"column":null}},"3":{"start":{"line":31,"column":8},"end":{"line":31,"column":null}},"4":{"start":{"line":33,"column":6},"end":{"line":33,"column":null}},"5":{"start":{"line":37,"column":6},"end":{"line":37,"column":null}}},"fnMap":{"0":{"name":"createFakeRandom","decl":{"start":{"line":25,"column":16},"end":{"line":25,"column":33}},"loc":{"start":{"line":25,"column":71},"end":{"line":40,"column":null}},"line":25},"1":{"name":"next","decl":{"start":{"line":29,"column":4},"end":{"line":29,"column":19}},"loc":{"start":{"line":29,"column":19},"end":{"line":34,"column":null}},"line":29},"2":{"name":"pushSequence","decl":{"start":{"line":36,"column":4},"end":{"line":36,"column":17}},"loc":{"start":{"line":36,"column":41},"end":{"line":38,"column":null}},"line":36}},"branchMap":{"0":{"loc":{"start":{"line":25,"column":33},"end":{"line":25,"column":71}},"type":"default-arg","locations":[{"start":{"line":25,"column":56},"end":{"line":25,"column":71}}],"line":25},"1":{"loc":{"start":{"line":30,"column":6},"end":{"line":32,"column":null}},"type":"if","locations":[{"start":{"line":30,"column":6},"end":{"line":32,"column":null}},{"start":{},"end":{}}],"line":30}},"s":{"0":14,"1":14,"2":49,"3":13,"4":36,"5":6},"f":{"0":14,"1":49,"2":6},"b":{"0":[14],"1":[13,36]},"meta":{"lastBranch":2,"lastFunction":3,"lastStatement":6,"seen":{"f:25:16:25:33":0,"b:25:56:25:71":0,"s:26:26:26:Infinity":0,"s:28:2:39:Infinity":1,"f:29:4:29:19":1,"b:30:6:32:Infinity:undefined:undefined:undefined:undefined":1,"s:30:6:32:Infinity":2,"s:31:8:31:Infinity":3,"s:33:6:33:Infinity":4,"f:36:4:36:17":2,"s:37:6:37:Infinity":5},"fnNames":{}}}
,"/home/yutiuser/projects/solana/solana-sdk/src/testing/fake-relay.ts": {"path":"/home/yutiuser/projects/solana/solana-sdk/src/testing/fake-relay.ts","statementMap":{"0":{"start":{"line":25,"column":2},"end":{"line":25,"column":null}}},"fnMap":{"0":{"name":"createFakeRelayClient","decl":{"start":{"line":19,"column":16},"end":{"line":19,"column":38}},"loc":{"start":{"line":23,"column":16},"end":{"line":26,"column":null}},"line":23}},"branchMap":{},"s":{"0":0},"f":{"0":0},"b":{},"meta":{"lastBranch":0,"lastFunction":1,"lastStatement":1,"seen":{"f:19:16:19:38":0,"s:25:2:25:Infinity":0},"fnNames":{}}}
,"/home/yutiuser/projects/solana/solana-sdk/src/testing/fake-timer.ts": {"path":"/home/yutiuser/projects/solana/solana-sdk/src/testing/fake-timer.ts","statementMap":{"0":{"start":{"line":42,"column":15},"end":{"line":42,"column":null}},"1":{"start":{"line":43,"column":20},"end":{"line":43,"column":null}},"2":{"start":{"line":44,"column":41},"end":{"line":44,"column":null}},"3":{"start":{"line":46,"column":2},"end":{"line":89,"column":null}},"4":{"start":{"line":48,"column":17},"end":{"line":48,"column":null}},"5":{"start":{"line":49,"column":20},"end":{"line":49,"column":null}},"6":{"start":{"line":50,"column":6},"end":{"line":50,"column":null}},"7":{"start":{"line":51,"column":6},"end":{"line":51,"column":null}},"8":{"start":{"line":55,"column":17},"end":{"line":55,"column":null}},"9":{"start":{"line":56,"column":20},"end":{"line":56,"column":null}},"10":{"start":{"line":56,"column":48},"end":{"line":56,"column":60}},"11":{"start":{"line":57,"column":6},"end":{"line":59,"column":null}},"12":{"start":{"line":58,"column":8},"end":{"line":58,"column":null}},"13":{"start":{"line":63,"column":6},"end":{"line":63,"column":null}},"14":{"start":{"line":68,"column":6},"end":{"line":71,"column":null}},"15":{"start":{"line":69,"column":19},"end":{"line":69,"column":null}},"16":{"start":{"line":70,"column":8},"end":{"line":70,"column":null}},"17":{"start":{"line":75,"column":6},"end":{"line":75,"column":null}},"18":{"start":{"line":76,"column":6},"end":{"line":76,"column":null}},"19":{"start":{"line":79,"column":6},"end":{"line":87,"column":null}},"20":{"start":{"line":80,"column":19},"end":{"line":80,"column":null}},"21":{"start":{"line":81,"column":8},"end":{"line":86,"column":null}},"22":{"start":{"line":82,"column":10},"end":{"line":82,"column":null}},"23":{"start":{"line":83,"column":10},"end":{"line":83,"column":null}},"24":{"start":{"line":85,"column":10},"end":{"line":85,"column":null}}},"fnMap":{"0":{"name":"createFakeTimer","decl":{"start":{"line":35,"column":16},"end":{"line":35,"column":45}},"loc":{"start":{"line":35,"column":45},"end":{"line":90,"column":null}},"line":35},"1":{"name":"setTimeout","decl":{"start":{"line":47,"column":4},"end":{"line":47,"column":15}},"loc":{"start":{"line":47,"column":52},"end":{"line":52,"column":null}},"line":47},"2":{"name":"clearTimeout","decl":{"start":{"line":54,"column":4},"end":{"line":54,"column":17}},"loc":{"start":{"line":54,"column":40},"end":{"line":60,"column":null}},"line":54},"3":{"name":"(anonymous_3)","decl":{"start":{"line":56,"column":30},"end":{"line":56,"column":41}},"loc":{"start":{"line":56,"column":48},"end":{"line":56,"column":60}},"line":56},"4":{"name":"pendingCount","decl":{"start":{"line":62,"column":4},"end":{"line":62,"column":27}},"loc":{"start":{"line":62,"column":27},"end":{"line":64,"column":null}},"line":62},"5":{"name":"flushAll","decl":{"start":{"line":66,"column":4},"end":{"line":66,"column":21}},"loc":{"start":{"line":66,"column":21},"end":{"line":72,"column":null}},"line":66},"6":{"name":"advanceAndFlush","decl":{"start":{"line":74,"column":4},"end":{"line":74,"column":20}},"loc":{"start":{"line":74,"column":56},"end":{"line":88,"column":null}},"line":74}},"branchMap":{"0":{"loc":{"start":{"line":57,"column":6},"end":{"line":59,"column":null}},"type":"if","locations":[{"start":{"line":57,"column":6},"end":{"line":59,"column":null}},{"start":{},"end":{}}],"line":57},"1":{"loc":{"start":{"line":81,"column":8},"end":{"line":86,"column":null}},"type":"if","locations":[{"start":{"line":81,"column":8},"end":{"line":86,"column":null}},{"start":{"line":84,"column":15},"end":{"line":86,"column":null}}],"line":81},"2":{"loc":{"start":{"line":81,"column":12},"end":{"line":81,"column":43}},"type":"binary-expr","locations":[{"start":{"line":81,"column":12},"end":{"line":81,"column":18}},{"start":{"line":81,"column":18},"end":{"line":81,"column":43}}],"line":81}},"s":{"0":17,"1":17,"2":17,"3":17,"4":20,"5":20,"6":20,"7":20,"8":7,"9":7,"10":7,"11":7,"12":7,"13":15,"14":4,"15":7,"16":7,"17":5,"18":5,"19":5,"20":5,"21":5,"22":3,"23":3,"24":2},"f":{"0":17,"1":20,"2":7,"3":7,"4":15,"5":4,"6":5},"b":{"0":[7,0],"1":[3,2],"2":[5,5]},"meta":{"lastBranch":3,"lastFunction":7,"lastStatement":25,"seen":{"f:35:16:35:45":0,"s:42:15:42:Infinity":0,"s:43:20:43:Infinity":1,"s:44:41:44:Infinity":2,"s:46:2:89:Infinity":3,"f:47:4:47:15":1,"s:48:17:48:Infinity":4,"s:49:20:49:Infinity":5,"s:50:6:50:Infinity":6,"s:51:6:51:Infinity":7,"f:54:4:54:17":2,"s:55:17:55:Infinity":8,"s:56:20:56:Infinity":9,"f:56:30:56:41":3,"s:56:48:56:60":10,"b:57:6:59:Infinity:undefined:undefined:undefined:undefined":0,"s:57:6:59:Infinity":11,"s:58:8:58:Infinity":12,"f:62:4:62:27":4,"s:63:6:63:Infinity":13,"f:66:4:66:21":5,"s:68:6:71:Infinity":14,"s:69:19:69:Infinity":15,"s:70:8:70:Infinity":16,"f:74:4:74:20":6,"s:75:6:75:Infinity":17,"s:76:6:76:Infinity":18,"s:79:6:87:Infinity":19,"s:80:19:80:Infinity":20,"b:81:8:86:Infinity:84:15:86:Infinity":1,"s:81:8:86:Infinity":21,"b:81:12:81:18:81:18:81:43":2,"s:82:10:82:Infinity":22,"s:83:10:83:Infinity":23,"s:85:10:85:Infinity":24},"fnNames":{}}}
,"/home/yutiuser/projects/solana/solana-sdk/src/testing/fake-transport.ts": {"path":"/home/yutiuser/projects/solana/solana-sdk/src/testing/fake-transport.ts","statementMap":{"0":{"start":{"line":24,"column":2},"end":{"line":24,"column":null}},"1":{"start":{"line":33,"column":79},"end":{"line":33,"column":null}},"2":{"start":{"line":36,"column":4},"end":{"line":36,"column":null}},"3":{"start":{"line":37,"column":4},"end":{"line":37,"column":null}},"4":{"start":{"line":44,"column":4},"end":{"line":44,"column":null}},"5":{"start":{"line":45,"column":4},"end":{"line":45,"column":null}},"6":{"start":{"line":52,"column":4},"end":{"line":52,"column":null}},"7":{"start":{"line":53,"column":4},"end":{"line":53,"column":null}},"8":{"start":{"line":60,"column":4},"end":{"line":64,"column":null}}},"fnMap":{"0":{"name":"createFakeRpcTransport","decl":{"start":{"line":18,"column":16},"end":{"line":18,"column":39}},"loc":{"start":{"line":22,"column":17},"end":{"line":25,"column":null}},"line":22},"1":{"name":"constructor","decl":{"start":{"line":35,"column":2},"end":{"line":35,"column":14}},"loc":{"start":{"line":35,"column":55},"end":{"line":38,"column":null}},"line":35},"2":{"name":"withResponse","decl":{"start":{"line":43,"column":2},"end":{"line":43,"column":15}},"loc":{"start":{"line":43,"column":56},"end":{"line":46,"column":null}},"line":43},"3":{"name":"withError","decl":{"start":{"line":51,"column":2},"end":{"line":51,"column":12}},"loc":{"start":{"line":51,"column":51},"end":{"line":54,"column":null}},"line":51},"4":{"name":"build","decl":{"start":{"line":59,"column":2},"end":{"line":59,"column":24}},"loc":{"start":{"line":59,"column":24},"end":{"line":65,"column":null}},"line":59}},"branchMap":{},"s":{"0":0,"1":0,"2":0,"3":0,"4":0,"5":0,"6":0,"7":0,"8":0},"f":{"0":0,"1":0,"2":0,"3":0,"4":0},"b":{},"meta":{"lastBranch":0,"lastFunction":5,"lastStatement":9,"seen":{"f:18:16:18:39":0,"s:24:2:24:Infinity":0,"s:33:79:33:Infinity":1,"f:35:2:35:14":1,"s:36:4:36:Infinity":2,"s:37:4:37:Infinity":3,"f:43:2:43:15":2,"s:44:4:44:Infinity":4,"s:45:4:45:Infinity":5,"f:51:2:51:12":3,"s:52:4:52:Infinity":6,"s:53:4:53:Infinity":7,"f:59:2:59:24":4,"s:60:4:64:Infinity":8},"fnNames":{}}}
,"/home/yutiuser/projects/solana/solana-sdk/src/testing/network-simulator.ts": {"path":"/home/yutiuser/projects/solana/solana-sdk/src/testing/network-simulator.ts","statementMap":{"0":{"start":{"line":42,"column":2},"end":{"line":42,"column":null}}},"fnMap":{"0":{"name":"simulateNetworkBehavior","decl":{"start":{"line":36,"column":16},"end":{"line":36,"column":null}},"loc":{"start":{"line":40,"column":16},"end":{"line":43,"column":null}},"line":40}},"branchMap":{},"s":{"0":0},"f":{"0":0},"b":{},"meta":{"lastBranch":0,"lastFunction":1,"lastStatement":1,"seen":{"f:36:16:36:Infinity":0,"s:42:2:42:Infinity":0},"fnNames":{}}}
,"/home/yutiuser/projects/solana/solana-sdk/src/tx/confirm.ts": {"path":"/home/yutiuser/projects/solana/solana-sdk/src/tx/confirm.ts","statementMap":{"0":{"start":{"line":30,"column":2},"end":{"line":30,"column":null}},"1":{"start":{"line":41,"column":2},"end":{"line":41,"column":null}},"2":{"start":{"line":62,"column":2},"end":{"line":62,"column":null}}},"fnMap":{"0":{"name":"fetchTransactionStatus","decl":{"start":{"line":25,"column":22},"end":{"line":25,"column":null}},"loc":{"start":{"line":28,"column":38},"end":{"line":31,"column":null}},"line":28},"1":{"name":"isTerminalStatus","decl":{"start":{"line":39,"column":16},"end":{"line":39,"column":33}},"loc":{"start":{"line":39,"column":69},"end":{"line":42,"column":null}},"line":39},"2":{"name":"pollTransactionConfirmation","decl":{"start":{"line":54,"column":22},"end":{"line":54,"column":null}},"loc":{"start":{"line":59,"column":39},"end":{"line":63,"column":null}},"line":59}},"branchMap":{},"s":{"0":0,"1":0,"2":0},"f":{"0":0,"1":0,"2":0},"b":{},"meta":{"lastBranch":0,"lastFunction":3,"lastStatement":3,"seen":{"f:25:22:25:Infinity":0,"s:30:2:30:Infinity":0,"f:39:16:39:33":1,"s:41:2:41:Infinity":1,"f:54:22:54:Infinity":2,"s:62:2:62:Infinity":2},"fnNames":{}}}
,"/home/yutiuser/projects/solana/solana-sdk/src/tx/send.ts": {"path":"/home/yutiuser/projects/solana/solana-sdk/src/tx/send.ts","statementMap":{"0":{"start":{"line":34,"column":2},"end":{"line":34,"column":null}},"1":{"start":{"line":49,"column":2},"end":{"line":49,"column":null}},"2":{"start":{"line":64,"column":2},"end":{"line":64,"column":null}},"3":{"start":{"line":81,"column":2},"end":{"line":81,"column":null}},"4":{"start":{"line":103,"column":2},"end":{"line":103,"column":null}}},"fnMap":{"0":{"name":"buildPreparedTransaction","decl":{"start":{"line":28,"column":16},"end":{"line":28,"column":null}},"loc":{"start":{"line":32,"column":31},"end":{"line":35,"column":null}},"line":32},"1":{"name":"isBlockhashExpired","decl":{"start":{"line":44,"column":16},"end":{"line":44,"column":null}},"loc":{"start":{"line":47,"column":11},"end":{"line":50,"column":null}},"line":47},"2":{"name":"simulateTransaction","decl":{"start":{"line":59,"column":22},"end":{"line":59,"column":null}},"loc":{"start":{"line":62,"column":63},"end":{"line":65,"column":null}},"line":62},"3":{"name":"sendTransactionViaRpc","decl":{"start":{"line":75,"column":22},"end":{"line":75,"column":null}},"loc":{"start":{"line":79,"column":42},"end":{"line":82,"column":null}},"line":79},"4":{"name":"sendTransactionWithResilience","decl":{"start":{"line":95,"column":22},"end":{"line":95,"column":null}},"loc":{"start":{"line":100,"column":42},"end":{"line":104,"column":null}},"line":100}},"branchMap":{},"s":{"0":0,"1":0,"2":0,"3":0,"4":0},"f":{"0":0,"1":0,"2":0,"3":0,"4":0},"b":{},"meta":{"lastBranch":0,"lastFunction":5,"lastStatement":5,"seen":{"f:28:16:28:Infinity":0,"s:34:2:34:Infinity":0,"f:44:16:44:Infinity":1,"s:49:2:49:Infinity":1,"f:59:22:59:Infinity":2,"s:64:2:64:Infinity":2,"f:75:22:75:Infinity":3,"s:81:2:81:Infinity":3,"f:95:22:95:Infinity":4,"s:103:2:103:Infinity":4},"fnNames":{}}}
,"/home/yutiuser/projects/solana/solana-sdk/src/wallet/adapter.ts": {"path":"/home/yutiuser/projects/solana/solana-sdk/src/wallet/adapter.ts","statementMap":{"0":{"start":{"line":24,"column":2},"end":{"line":24,"column":null}},"1":{"start":{"line":41,"column":2},"end":{"line":41,"column":null}}},"fnMap":{"0":{"name":"signTransactionWithWallet","decl":{"start":{"line":19,"column":22},"end":{"line":19,"column":null}},"loc":{"start":{"line":22,"column":27},"end":{"line":25,"column":null}},"line":22},"1":{"name":"sendViaWallet","decl":{"start":{"line":35,"column":22},"end":{"line":35,"column":null}},"loc":{"start":{"line":39,"column":27},"end":{"line":42,"column":null}},"line":39}},"branchMap":{},"s":{"0":0,"1":0},"f":{"0":0,"1":0},"b":{},"meta":{"lastBranch":0,"lastFunction":2,"lastStatement":2,"seen":{"f:19:22:19:Infinity":0,"s:24:2:24:Infinity":0,"f:35:22:35:Infinity":1,"s:41:2:41:Infinity":1},"fnNames":{}}}
}
