{"/home/yutiuser/projects/solana/solana-sdk/src/index.ts": {"path":"/home/yutiuser/projects/solana/solana-sdk/src/index.ts","statementMap":{},"fnMap":{},"branchMap":{},"s":{},"f":{},"b":{},"meta":{"lastBranch":0,"lastFunction":0,"lastStatement":0,"seen":{},"fnNames":{}}}
,"/home/yutiuser/projects/solana/solana-sdk/src/cli/health.ts": {"path":"/home/yutiuser/projects/solana/solana-sdk/src/cli/health.ts","statementMap":{"0":{"start":{"line":15,"column":2},"end":{"line":15,"column":null}}},"fnMap":{"0":{"name":"runHealthCheck","decl":{"start":{"line":13,"column":22},"end":{"line":13,"column":37}},"loc":{"start":{"line":13,"column":73},"end":{"line":16,"column":null}},"line":13}},"branchMap":{},"s":{"0":0},"f":{"0":0},"b":{},"meta":{"lastBranch":0,"lastFunction":1,"lastStatement":1,"seen":{"f:13:22:13:37":0,"s:15:2:15:Infinity":0},"fnNames":{}}}
,"/home/yutiuser/projects/solana/solana-sdk/src/cli/simulate.ts": {"path":"/home/yutiuser/projects/solana/solana-sdk/src/cli/simulate.ts","statementMap":{"0":{"start":{"line":18,"column":2},"end":{"line":18,"column":null}}},"fnMap":{"0":{"name":"runSimulation","decl":{"start":{"line":15,"column":22},"end":{"line":15,"column":36}},"loc":{"start":{"line":15,"column":72},"end":{"line":19,"column":null}},"line":15}},"branchMap":{},"s":{"0":0},"f":{"0":0},"b":{},"meta":{"lastBranch":0,"lastFunction":1,"lastStatement":1,"seen":{"f:15:22:15:36":0,"s:18:2:18:Infinity":0},"fnNames":{}}}
,"/home/yutiuser/projects/solana/solana-sdk/src/core/clock.ts": {"path":"/home/yutiuser/projects/solana/solana-sdk/src/core/clock.ts","statementMap":{"0":{"start":{"line":23,"column":2},"end":{"line":27,"column":null}},"1":{"start":{"line":25,"column":6},"end":{"line":25,"column":null}}},"fnMap":{"0":{"name":"createSystemClock","decl":{"start":{"line":22,"column":16},"end":{"line":22,"column":43}},"loc":{"start":{"line":22,"column":43},"end":{"line":28,"column":null}},"line":22},"1":{"name":"now","decl":{"start":{"line":24,"column":4},"end":{"line":24,"column":18}},"loc":{"start":{"line":24,"column":18},"end":{"line":26,"column":null}},"line":24}},"branchMap":{},"s":{"0":4,"1":5},"f":{"0":4,"1":5},"b":{},"meta":{"lastBranch":0,"lastFunction":2,"lastStatement":2,"seen":{"f:22:16:22:43":0,"s:23:2:27:Infinity":0,"f:24:4:24:18":1,"s:25:6:25:Infinity":1},"fnNames":{}}}
,"/home/yutiuser/projects/solana/solana-sdk/src/core/error.ts": {"path":"/home/yutiuser/projects/solana/solana-sdk/src/core/error.ts","statementMap":{"0":{"start":{"line":46,"column":4},"end":{"line":47,"column":null}},"1":{"start":{"line":49,"column":16},"end":{"line":49,"column":null}},"2":{"start":{"line":50,"column":2},"end":{"line":50,"column":null}},"3":{"start":{"line":51,"column":2},"end":{"line":51,"column":null}},"4":{"start":{"line":52,"column":2},"end":{"line":52,"column":null}},"5":{"start":{"line":53,"column":2},"end":{"line":53,"column":null}},"6":{"start":{"line":54,"column":2},"end":{"line":54,"column":null}},"7":{"start":{"line":56,"column":2},"end":{"line":56,"column":null}},"8":{"start":{"line":63,"column":2},"end":{"line":66,"column":null}},"9":{"start":{"line":74,"column":2},"end":{"line":74,"column":null}},"10":{"start":{"line":82,"column":2},"end":{"line":84,"column":null}},"11":{"start":{"line":83,"column":4},"end":{"line":83,"column":null}},"12":{"start":{"line":85,"column":18},"end":{"line":85,"column":null}},"13":{"start":{"line":86,"column":2},"end":{"line":86,"column":null}}},"fnMap":{"0":{"name":"createSdkError","decl":{"start":{"line":40,"column":16},"end":{"line":40,"column":null}},"loc":{"start":{"line":44,"column":12},"end":{"line":57,"column":null}},"line":44},"1":{"name":"isKindOfSdkError","decl":{"start":{"line":62,"column":16},"end":{"line":62,"column":33}},"loc":{"start":{"line":62,"column":68},"end":{"line":68,"column":null}},"line":62},"2":{"name":"isRetryableSdkError","decl":{"start":{"line":73,"column":16},"end":{"line":73,"column":36}},"loc":{"start":{"line":73,"column":62},"end":{"line":75,"column":null}},"line":73},"3":{"name":"mapToSdkError","decl":{"start":{"line":81,"column":16},"end":{"line":81,"column":30}},"loc":{"start":{"line":81,"column":91},"end":{"line":87,"column":null}},"line":81}},"branchMap":{"0":{"loc":{"start":{"line":46,"column":4},"end":{"line":47,"column":null}},"type":"binary-expr","locations":[{"start":{"line":46,"column":4},"end":{"line":46,"column":null}},{"start":{"line":47,"column":5},"end":{"line":47,"column":27}},{"start":{"line":47,"column":27},"end":{"line":47,"column":54}},{"start":{"line":47,"column":54},"end":{"line":47,"column":null}}],"line":46},"1":{"loc":{"start":{"line":64,"column":4},"end":{"line":66,"column":null}},"type":"binary-expr","locations":[{"start":{"line":64,"column":4},"end":{"line":64,"column":null}},{"start":{"line":65,"column":4},"end":{"line":65,"column":null}},{"start":{"line":66,"column":4},"end":{"line":66,"column":null}}],"line":64},"2":{"loc":{"start":{"line":74,"column":9},"end":{"line":74,"column":null}},"type":"binary-expr","locations":[{"start":{"line":74,"column":9},"end":{"line":74,"column":28}},{"start":{"line":74,"column":28},"end":{"line":74,"column":null}}],"line":74},"3":{"loc":{"start":{"line":81,"column":42},"end":{"line":81,"column":91}},"type":"default-arg","locations":[{"start":{"line":81,"column":70},"end":{"line":81,"column":91}}],"line":81},"4":{"loc":{"start":{"line":82,"column":2},"end":{"line":84,"column":null}},"type":"if","locations":[{"start":{"line":82,"column":2},"end":{"line":84,"column":null}},{"start":{},"end":{}}],"line":82},"5":{"loc":{"start":{"line":82,"column":6},"end":{"line":82,"column":45}},"type":"binary-expr","locations":[{"start":{"line":82,"column":6},"end":{"line":82,"column":29}},{"start":{"line":82,"column":29},"end":{"line":82,"column":45}}],"line":82},"6":{"loc":{"start":{"line":85,"column":18},"end":{"line":85,"column":null}},"type":"cond-expr","locations":[{"start":{"line":85,"column":39},"end":{"line":85,"column":51}},{"start":{"line":85,"column":51},"end":{"line":85,"column":null}}],"line":85}},"s":{"0":184,"1":184,"2":184,"3":184,"4":184,"5":184,"6":184,"7":184,"8":145,"9":55,"10":7,"11":1,"12":6,"13":7},"f":{"0":184,"1":145,"2":55,"3":7},"b":{"0":[184,155,135,89],"1":[145,142,120],"2":[55,0],"3":[7],"4":[1,6],"5":[7,4],"6":[3,3]},"meta":{"lastBranch":7,"lastFunction":4,"lastStatement":14,"seen":{"f:40:16:40:Infinity":0,"s:46:4:47:Infinity":0,"b:46:4:46:Infinity:47:5:47:27:47:27:47:54:47:54:47:Infinity":0,"s:49:16:49:Infinity":1,"s:50:2:50:Infinity":2,"s:51:2:51:Infinity":3,"s:52:2:52:Infinity":4,"s:53:2:53:Infinity":5,"s:54:2:54:Infinity":6,"s:56:2:56:Infinity":7,"f:62:16:62:33":1,"s:63:2:66:Infinity":8,"b:64:4:64:Infinity:65:4:65:Infinity:66:4:66:Infinity":1,"f:73:16:73:36":2,"s:74:2:74:Infinity":9,"b:74:9:74:28:74:28:74:Infinity":2,"f:81:16:81:30":3,"b:81:70:81:91":3,"b:82:2:84:Infinity:undefined:undefined:undefined:undefined":4,"s:82:2:84:Infinity":10,"b:82:6:82:29:82:29:82:45":5,"s:83:4:83:Infinity":11,"s:85:18:85:Infinity":12,"b:85:39:85:51:85:51:85:Infinity":6,"s:86:2:86:Infinity":13},"fnNames":{}}}
,"/home/yutiuser/projects/solana/solana-sdk/src/core/random.ts": {"path":"/home/yutiuser/projects/solana/solana-sdk/src/core/random.ts","statementMap":{"0":{"start":{"line":22,"column":2},"end":{"line":26,"column":null}},"1":{"start":{"line":24,"column":6},"end":{"line":24,"column":null}}},"fnMap":{"0":{"name":"createMathRandomSource","decl":{"start":{"line":21,"column":16},"end":{"line":21,"column":55}},"loc":{"start":{"line":21,"column":55},"end":{"line":27,"column":null}},"line":21},"1":{"name":"next","decl":{"start":{"line":23,"column":4},"end":{"line":23,"column":19}},"loc":{"start":{"line":23,"column":19},"end":{"line":25,"column":null}},"line":23}},"branchMap":{},"s":{"0":3,"1":21},"f":{"0":3,"1":21},"b":{},"meta":{"lastBranch":0,"lastFunction":2,"lastStatement":2,"seen":{"f:21:16:21:55":0,"s:22:2:26:Infinity":0,"f:23:4:23:19":1,"s:24:6:24:Infinity":1},"fnNames":{}}}
,"/home/yutiuser/projects/solana/solana-sdk/src/core/result.ts": {"path":"/home/yutiuser/projects/solana/solana-sdk/src/core/result.ts","statementMap":{"0":{"start":{"line":20,"column":2},"end":{"line":20,"column":null}},"1":{"start":{"line":27,"column":2},"end":{"line":27,"column":null}},"2":{"start":{"line":34,"column":2},"end":{"line":34,"column":null}},"3":{"start":{"line":41,"column":2},"end":{"line":41,"column":null}},"4":{"start":{"line":51,"column":2},"end":{"line":51,"column":null}},"5":{"start":{"line":59,"column":2},"end":{"line":61,"column":null}},"6":{"start":{"line":60,"column":4},"end":{"line":60,"column":null}},"7":{"start":{"line":62,"column":2},"end":{"line":62,"column":null}}},"fnMap":{"0":{"name":"ok","decl":{"start":{"line":19,"column":16},"end":{"line":19,"column":22}},"loc":{"start":{"line":19,"column":50},"end":{"line":21,"column":null}},"line":19},"1":{"name":"err","decl":{"start":{"line":26,"column":16},"end":{"line":26,"column":23}},"loc":{"start":{"line":26,"column":51},"end":{"line":28,"column":null}},"line":26},"2":{"name":"isOk","decl":{"start":{"line":33,"column":16},"end":{"line":33,"column":27}},"loc":{"start":{"line":33,"column":73},"end":{"line":35,"column":null}},"line":33},"3":{"name":"isErr","decl":{"start":{"line":40,"column":16},"end":{"line":40,"column":28}},"loc":{"start":{"line":40,"column":75},"end":{"line":42,"column":null}},"line":40},"4":{"name":"mapResult","decl":{"start":{"line":47,"column":16},"end":{"line":47,"column":null}},"loc":{"start":{"line":50,"column":16},"end":{"line":52,"column":null}},"line":50},"5":{"name":"unwrapResult","decl":{"start":{"line":58,"column":16},"end":{"line":58,"column":49}},"loc":{"start":{"line":58,"column":69},"end":{"line":63,"column":null}},"line":58}},"branchMap":{"0":{"loc":{"start":{"line":51,"column":9},"end":{"line":51,"column":null}},"type":"cond-expr","locations":[{"start":{"line":51,"column":19},"end":{"line":51,"column":37}},{"start":{"line":51,"column":37},"end":{"line":51,"column":null}}],"line":51},"1":{"loc":{"start":{"line":59,"column":2},"end":{"line":61,"column":null}},"type":"if","locations":[{"start":{"line":59,"column":2},"end":{"line":61,"column":null}},{"start":{},"end":{}}],"line":59}},"s":{"0":346,"1":101,"2":395,"3":51,"4":2,"5":2,"6":1,"7":1},"f":{"0":346,"1":101,"2":395,"3":51,"4":2,"5":2},"b":{"0":[1,1],"1":[1,1]},"meta":{"lastBranch":2,"lastFunction":6,"lastStatement":8,"seen":{"f:19:16:19:22":0,"s:20:2:20:Infinity":0,"f:26:16:26:23":1,"s:27:2:27:Infinity":1,"f:33:16:33:27":2,"s:34:2:34:Infinity":2,"f:40:16:40:28":3,"s:41:2:41:Infinity":3,"f:47:16:47:Infinity":4,"s:51:2:51:Infinity":4,"b:51:19:51:37:51:37:51:Infinity":0,"f:58:16:58:49":5,"b:59:2:61:Infinity:undefined:undefined:undefined:undefined":1,"s:59:2:61:Infinity":5,"s:60:4:60:Infinity":6,"s:62:2:62:Infinity":7},"fnNames":{}}}
,"/home/yutiuser/projects/solana/solana-sdk/src/core/timer.ts": {"path":"/home/yutiuser/projects/solana/solana-sdk/src/core/timer.ts","statementMap":{"0":{"start":{"line":28,"column":2},"end":{"line":35,"column":null}},"1":{"start":{"line":30,"column":6},"end":{"line":30,"column":null}},"2":{"start":{"line":33,"column":6},"end":{"line":33,"column":null}}},"fnMap":{"0":{"name":"createSystemTimer","decl":{"start":{"line":27,"column":16},"end":{"line":27,"column":43}},"loc":{"start":{"line":27,"column":43},"end":{"line":36,"column":null}},"line":27},"1":{"name":"setTimeout","decl":{"start":{"line":29,"column":4},"end":{"line":29,"column":15}},"loc":{"start":{"line":29,"column":52},"end":{"line":31,"column":null}},"line":29},"2":{"name":"clearTimeout","decl":{"start":{"line":32,"column":4},"end":{"line":32,"column":17}},"loc":{"start":{"line":32,"column":40},"end":{"line":34,"column":null}},"line":32}},"branchMap":{},"s":{"0":6,"1":5,"2":2},"f":{"0":6,"1":5,"2":2},"b":{},"meta":{"lastBranch":0,"lastFunction":3,"lastStatement":3,"seen":{"f:27:16:27:43":0,"s:28:2:35:Infinity":0,"f:29:4:29:15":1,"s:30:6:30:Infinity":1,"f:32:4:32:17":2,"s:33:6:33:Infinity":2},"fnNames":{}}}
,"/home/yutiuser/projects/solana/solana-sdk/src/fee/priority-fee.ts": {"path":"/home/yutiuser/projects/solana/solana-sdk/src/fee/priority-fee.ts","statementMap":{"0":{"start":{"line":29,"column":2},"end":{"line":46,"column":null}},"1":{"start":{"line":33,"column":6},"end":{"line":35,"column":null}},"2":{"start":{"line":34,"column":8},"end":{"line":34,"column":null}},"3":{"start":{"line":36,"column":6},"end":{"line":38,"column":null}},"4":{"start":{"line":37,"column":8},"end":{"line":37,"column":null}},"5":{"start":{"line":40,"column":6},"end":{"line":44,"column":null}},"6":{"start":{"line":62,"column":2},"end":{"line":129,"column":null}},"7":{"start":{"line":65,"column":6},"end":{"line":127,"column":null}},"8":{"start":{"line":66,"column":25},"end":{"line":69,"column":null}},"9":{"start":{"line":72,"column":29},"end":{"line":72,"column":null}},"10":{"start":{"line":75,"column":8},"end":{"line":102,"column":null}},"11":{"start":{"line":76,"column":10},"end":{"line":76,"column":null}},"12":{"start":{"line":79,"column":13},"end":{"line":102,"column":null}},"13":{"start":{"line":85,"column":10},"end":{"line":85,"column":null}},"14":{"start":{"line":88,"column":13},"end":{"line":102,"column":null}},"15":{"start":{"line":94,"column":10},"end":{"line":94,"column":null}},"16":{"start":{"line":96,"column":10},"end":{"line":101,"column":null}},"17":{"start":{"line":105,"column":8},"end":{"line":109,"column":null}},"18":{"start":{"line":106,"column":10},"end":{"line":108,"column":null}},"19":{"start":{"line":112,"column":23},"end":{"line":112,"column":null}},"20":{"start":{"line":114,"column":8},"end":{"line":118,"column":null}},"21":{"start":{"line":121,"column":8},"end":{"line":123,"column":null}},"22":{"start":{"line":122,"column":10},"end":{"line":122,"column":null}},"23":{"start":{"line":125,"column":14},"end":{"line":125,"column":null}},"24":{"start":{"line":126,"column":8},"end":{"line":126,"column":null}},"25":{"start":{"line":139,"column":25},"end":{"line":139,"column":null}},"26":{"start":{"line":141,"column":2},"end":{"line":152,"column":null}},"27":{"start":{"line":142,"column":4},"end":{"line":151,"column":null}},"28":{"start":{"line":147,"column":19},"end":{"line":147,"column":null}},"29":{"start":{"line":148,"column":6},"end":{"line":150,"column":null}},"30":{"start":{"line":149,"column":8},"end":{"line":149,"column":null}},"31":{"start":{"line":154,"column":2},"end":{"line":154,"column":null}},"32":{"start":{"line":170,"column":20},"end":{"line":170,"column":null}},"33":{"start":{"line":171,"column":2},"end":{"line":171,"column":null}},"34":{"start":{"line":190,"column":2},"end":{"line":192,"column":null}},"35":{"start":{"line":191,"column":4},"end":{"line":191,"column":null}},"36":{"start":{"line":193,"column":2},"end":{"line":195,"column":null}},"37":{"start":{"line":194,"column":4},"end":{"line":194,"column":null}},"38":{"start":{"line":196,"column":2},"end":{"line":198,"column":null}},"39":{"start":{"line":197,"column":4},"end":{"line":197,"column":null}},"40":{"start":{"line":200,"column":16},"end":{"line":200,"column":null}},"41":{"start":{"line":203,"column":2},"end":{"line":224,"column":null}},"42":{"start":{"line":204,"column":4},"end":{"line":223,"column":null}},"43":{"start":{"line":205,"column":21},"end":{"line":205,"column":null}},"44":{"start":{"line":207,"column":6},"end":{"line":216,"column":null}},"45":{"start":{"line":208,"column":25},"end":{"line":208,"column":null}},"46":{"start":{"line":211,"column":8},"end":{"line":213,"column":null}},"47":{"start":{"line":212,"column":10},"end":{"line":212,"column":null}},"48":{"start":{"line":215,"column":8},"end":{"line":215,"column":null}},"49":{"start":{"line":219,"column":6},"end":{"line":219,"column":null}},"50":{"start":{"line":222,"column":6},"end":{"line":222,"column":null}},"51":{"start":{"line":227,"column":2},"end":{"line":231,"column":null}}},"fnMap":{"0":{"name":"createStaticPriorityFeeProvider","decl":{"start":{"line":25,"column":16},"end":{"line":25,"column":null}},"loc":{"start":{"line":28,"column":23},"end":{"line":47,"column":null}},"line":28},"1":{"name":"getEstimate","decl":{"start":{"line":31,"column":10},"end":{"line":31,"column":22}},"loc":{"start":{"line":31,"column":85},"end":{"line":45,"column":null}},"line":31},"2":{"name":"createRpcPriorityFeeProvider","decl":{"start":{"line":58,"column":16},"end":{"line":58,"column":null}},"loc":{"start":{"line":61,"column":23},"end":{"line":130,"column":null}},"line":61},"3":{"name":"getEstimate_2","decl":{"start":{"line":64,"column":10},"end":{"line":64,"column":22}},"loc":{"start":{"line":64,"column":85},"end":{"line":128,"column":null}},"line":64},"4":{"name":"extractFeesFromArray","decl":{"start":{"line":138,"column":9},"end":{"line":138,"column":30}},"loc":{"start":{"line":138,"column":58},"end":{"line":155,"column":null}},"line":138},"5":{"name":"isPriorityFeeStale","decl":{"start":{"line":165,"column":16},"end":{"line":165,"column":null}},"loc":{"start":{"line":169,"column":11},"end":{"line":172,"column":null}},"line":169},"6":{"name":"getPriorityFeeEstimate","decl":{"start":{"line":184,"column":22},"end":{"line":184,"column":null}},"loc":{"start":{"line":188,"column":50},"end":{"line":232,"column":null}},"line":188}},"branchMap":{"0":{"loc":{"start":{"line":33,"column":6},"end":{"line":35,"column":null}},"type":"if","locations":[{"start":{"line":33,"column":6},"end":{"line":35,"column":null}},{"start":{},"end":{}}],"line":33},"1":{"loc":{"start":{"line":36,"column":6},"end":{"line":38,"column":null}},"type":"if","locations":[{"start":{"line":36,"column":6},"end":{"line":38,"column":null}},{"start":{},"end":{}}],"line":36},"2":{"loc":{"start":{"line":75,"column":8},"end":{"line":102,"column":null}},"type":"if","locations":[{"start":{"line":75,"column":8},"end":{"line":102,"column":null}},{"start":{"line":79,"column":13},"end":{"line":102,"column":null}}],"line":75},"3":{"loc":{"start":{"line":79,"column":13},"end":{"line":102,"column":null}},"type":"if","locations":[{"start":{"line":79,"column":13},"end":{"line":102,"column":null}},{"start":{"line":88,"column":13},"end":{"line":102,"column":null}}],"line":79},"4":{"loc":{"start":{"line":80,"column":10},"end":{"line":83,"column":null}},"type":"binary-expr","locations":[{"start":{"line":80,"column":10},"end":{"line":80,"column":null}},{"start":{"line":81,"column":10},"end":{"line":81,"column":null}},{"start":{"line":82,"column":10},"end":{"line":82,"column":null}},{"start":{"line":83,"column":10},"end":{"line":83,"column":null}}],"line":80},"5":{"loc":{"start":{"line":88,"column":13},"end":{"line":102,"column":null}},"type":"if","locations":[{"start":{"line":88,"column":13},"end":{"line":102,"column":null}},{"start":{"line":95,"column":15},"end":{"line":102,"column":null}}],"line":88},"6":{"loc":{"start":{"line":89,"column":10},"end":{"line":92,"column":null}},"type":"binary-expr","locations":[{"start":{"line":89,"column":10},"end":{"line":89,"column":null}},{"start":{"line":90,"column":10},"end":{"line":90,"column":null}},{"start":{"line":91,"column":10},"end":{"line":91,"column":null}},{"start":{"line":92,"column":10},"end":{"line":92,"column":null}}],"line":89},"7":{"loc":{"start":{"line":105,"column":8},"end":{"line":109,"column":null}},"type":"if","locations":[{"start":{"line":105,"column":8},"end":{"line":109,"column":null}},{"start":{},"end":{}}],"line":105},"8":{"loc":{"start":{"line":121,"column":8},"end":{"line":123,"column":null}},"type":"if","locations":[{"start":{"line":121,"column":8},"end":{"line":123,"column":null}},{"start":{},"end":{}}],"line":121},"9":{"loc":{"start":{"line":142,"column":4},"end":{"line":151,"column":null}},"type":"if","locations":[{"start":{"line":142,"column":4},"end":{"line":151,"column":null}},{"start":{},"end":{}}],"line":142},"10":{"loc":{"start":{"line":143,"column":6},"end":{"line":145,"column":null}},"type":"binary-expr","locations":[{"start":{"line":143,"column":6},"end":{"line":143,"column":null}},{"start":{"line":144,"column":6},"end":{"line":144,"column":null}},{"start":{"line":145,"column":6},"end":{"line":145,"column":null}}],"line":143},"11":{"loc":{"start":{"line":148,"column":6},"end":{"line":150,"column":null}},"type":"if","locations":[{"start":{"line":148,"column":6},"end":{"line":150,"column":null}},{"start":{},"end":{}}],"line":148},"12":{"loc":{"start":{"line":148,"column":10},"end":{"line":148,"column":71}},"type":"binary-expr","locations":[{"start":{"line":148,"column":10},"end":{"line":148,"column":37}},{"start":{"line":148,"column":37},"end":{"line":148,"column":61}},{"start":{"line":148,"column":61},"end":{"line":148,"column":71}}],"line":148},"13":{"loc":{"start":{"line":190,"column":2},"end":{"line":192,"column":null}},"type":"if","locations":[{"start":{"line":190,"column":2},"end":{"line":192,"column":null}},{"start":{},"end":{}}],"line":190},"14":{"loc":{"start":{"line":193,"column":2},"end":{"line":195,"column":null}},"type":"if","locations":[{"start":{"line":193,"column":2},"end":{"line":195,"column":null}},{"start":{},"end":{}}],"line":193},"15":{"loc":{"start":{"line":196,"column":2},"end":{"line":198,"column":null}},"type":"if","locations":[{"start":{"line":196,"column":2},"end":{"line":198,"column":null}},{"start":{},"end":{}}],"line":196},"16":{"loc":{"start":{"line":207,"column":6},"end":{"line":216,"column":null}},"type":"if","locations":[{"start":{"line":207,"column":6},"end":{"line":216,"column":null}},{"start":{},"end":{}}],"line":207},"17":{"loc":{"start":{"line":211,"column":8},"end":{"line":213,"column":null}},"type":"if","locations":[{"start":{"line":211,"column":8},"end":{"line":213,"column":null}},{"start":{},"end":{}}],"line":211}},"s":{"0":8,"1":7,"2":1,"3":6,"4":1,"5":5,"6":13,"7":12,"8":12,"9":10,"10":10,"11":7,"12":3,"13":1,"14":2,"15":1,"16":1,"17":9,"18":1,"19":8,"20":8,"21":2,"22":1,"23":1,"24":1,"25":9,"26":9,"27":18,"28":15,"29":15,"30":13,"31":9,"32":11,"33":11,"34":16,"35":1,"36":15,"37":1,"38":14,"39":1,"40":13,"41":13,"42":13,"43":13,"44":12,"45":7,"46":7,"47":5,"48":2,"49":5,"50":1,"51":8},"f":{"0":8,"1":7,"2":13,"3":12,"4":9,"5":11,"6":16},"b":{"0":[1,6],"1":[1,5],"2":[7,3],"3":[1,2],"4":[3,3,2,1],"5":[1,1],"6":[2,2,1,1],"7":[1,8],"8":[1,1],"9":[15,3],"10":[18,18,18],"11":[13,2],"12":[15,14,14],"13":[1,15],"14":[1,14],"15":[1,13],"16":[7,5],"17":[5,2]},"meta":{"lastBranch":18,"lastFunction":7,"lastStatement":52,"seen":{"f:25:16:25:Infinity":0,"s:29:2:46:Infinity":0,"f:31:10:31:22":1,"b:33:6:35:Infinity:undefined:undefined:undefined:undefined":0,"s:33:6:35:Infinity":1,"s:34:8:34:Infinity":2,"b:36:6:38:Infinity:undefined:undefined:undefined:undefined":1,"s:36:6:38:Infinity":3,"s:37:8:37:Infinity":4,"s:40:6:44:Infinity":5,"f:58:16:58:Infinity":2,"s:62:2:129:Infinity":6,"f:64:10:64:22":3,"s:65:6:127:Infinity":7,"s:66:25:69:Infinity":8,"s:72:29:72:Infinity":9,"b:75:8:102:Infinity:79:13:102:Infinity":2,"s:75:8:102:Infinity":10,"s:76:10:76:Infinity":11,"b:79:13:102:Infinity:88:13:102:Infinity":3,"s:79:13:102:Infinity":12,"b:80:10:80:Infinity:81:10:81:Infinity:82:10:82:Infinity:83:10:83:Infinity":4,"s:85:10:85:Infinity":13,"b:88:13:102:Infinity:95:15:102:Infinity":5,"s:88:13:102:Infinity":14,"b:89:10:89:Infinity:90:10:90:Infinity:91:10:91:Infinity:92:10:92:Infinity":6,"s:94:10:94:Infinity":15,"s:96:10:101:Infinity":16,"b:105:8:109:Infinity:undefined:undefined:undefined:undefined":7,"s:105:8:109:Infinity":17,"s:106:10:108:Infinity":18,"s:112:23:112:Infinity":19,"s:114:8:118:Infinity":20,"b:121:8:123:Infinity:undefined:undefined:undefined:undefined":8,"s:121:8:123:Infinity":21,"s:122:10:122:Infinity":22,"s:125:14:125:Infinity":23,"s:126:8:126:Infinity":24,"f:138:9:138:30":4,"s:139:25:139:Infinity":25,"s:141:2:152:Infinity":26,"b:142:4:151:Infinity:undefined:undefined:undefined:undefined":9,"s:142:4:151:Infinity":27,"b:143:6:143:Infinity:144:6:144:Infinity:145:6:145:Infinity":10,"s:147:19:147:Infinity":28,"b:148:6:150:Infinity:undefined:undefined:undefined:undefined":11,"s:148:6:150:Infinity":29,"b:148:10:148:37:148:37:148:61:148:61:148:71":12,"s:149:8:149:Infinity":30,"s:154:2:154:Infinity":31,"f:165:16:165:Infinity":5,"s:170:20:170:Infinity":32,"s:171:2:171:Infinity":33,"f:184:22:184:Infinity":6,"b:190:2:192:Infinity:undefined:undefined:undefined:undefined":13,"s:190:2:192:Infinity":34,"s:191:4:191:Infinity":35,"b:193:2:195:Infinity:undefined:undefined:undefined:undefined":14,"s:193:2:195:Infinity":36,"s:194:4:194:Infinity":37,"b:196:2:198:Infinity:undefined:undefined:undefined:undefined":15,"s:196:2:198:Infinity":38,"s:197:4:197:Infinity":39,"s:200:16:200:Infinity":40,"s:203:2:224:Infinity":41,"s:204:4:223:Infinity":42,"s:205:21:205:Infinity":43,"b:207:6:216:Infinity:undefined:undefined:undefined:undefined":16,"s:207:6:216:Infinity":44,"s:208:25:208:Infinity":45,"b:211:8:213:Infinity:undefined:undefined:undefined:undefined":17,"s:211:8:213:Infinity":46,"s:212:10:212:Infinity":47,"s:215:8:215:Infinity":48,"s:219:6:219:Infinity":49,"s:222:6:222:Infinity":50,"s:227:2:231:Infinity":51},"fnNames":{}}}
,"/home/yutiuser/projects/solana/solana-sdk/src/metrics/memory.ts": {"path":"/home/yutiuser/projects/solana/solana-sdk/src/metrics/memory.ts","statementMap":{"0":{"start":{"line":17,"column":2},"end":{"line":17,"column":null}},"1":{"start":{"line":24,"column":34},"end":{"line":24,"column":null}},"2":{"start":{"line":27,"column":4},"end":{"line":27,"column":null}},"3":{"start":{"line":31,"column":4},"end":{"line":31,"column":null}}},"fnMap":{"0":{"name":"createInMemoryMetricsSink","decl":{"start":{"line":15,"column":16},"end":{"line":15,"column":90}},"loc":{"start":{"line":15,"column":90},"end":{"line":18,"column":null}},"line":15},"1":{"name":"record","decl":{"start":{"line":26,"column":2},"end":{"line":26,"column":9}},"loc":{"start":{"line":26,"column":35},"end":{"line":28,"column":null}},"line":26},"2":{"name":"getEvents","decl":{"start":{"line":30,"column":2},"end":{"line":30,"column":29}},"loc":{"start":{"line":30,"column":29},"end":{"line":32,"column":null}},"line":30}},"branchMap":{},"s":{"0":0,"1":0,"2":0,"3":0},"f":{"0":0,"1":0,"2":0},"b":{},"meta":{"lastBranch":0,"lastFunction":3,"lastStatement":4,"seen":{"f:15:16:15:90":0,"s:17:2:17:Infinity":0,"s:24:34:24:Infinity":1,"f:26:2:26:9":1,"s:27:4:27:Infinity":2,"f:30:2:30:29":2,"s:31:4:31:Infinity":3},"fnNames":{}}}
,"/home/yutiuser/projects/solana/solana-sdk/src/metrics/otel.ts": {"path":"/home/yutiuser/projects/solana/solana-sdk/src/metrics/otel.ts","statementMap":{"0":{"start":{"line":30,"column":2},"end":{"line":30,"column":null}},"1":{"start":{"line":41,"column":2},"end":{"line":41,"column":null}}},"fnMap":{"0":{"name":"createOtelMetricsSink","decl":{"start":{"line":26,"column":16},"end":{"line":26,"column":null}},"loc":{"start":{"line":28,"column":15},"end":{"line":31,"column":null}},"line":28},"1":{"name":"mapMetricEventToOtelPayload","decl":{"start":{"line":39,"column":16},"end":{"line":39,"column":44}},"loc":{"start":{"line":39,"column":77},"end":{"line":42,"column":null}},"line":39}},"branchMap":{},"s":{"0":0,"1":0},"f":{"0":0,"1":0},"b":{},"meta":{"lastBranch":0,"lastFunction":2,"lastStatement":2,"seen":{"f:26:16:26:Infinity":0,"s:30:2:30:Infinity":0,"f:39:16:39:44":1,"s:41:2:41:Infinity":1},"fnNames":{}}}
,"/home/yutiuser/projects/solana/solana-sdk/src/relay/jito.ts": {"path":"/home/yutiuser/projects/solana/solana-sdk/src/relay/jito.ts","statementMap":{"0":{"start":{"line":26,"column":15},"end":{"line":26,"column":null}},"1":{"start":{"line":27,"column":17},"end":{"line":27,"column":null}},"2":{"start":{"line":29,"column":30},"end":{"line":79,"column":null}},"3":{"start":{"line":33,"column":6},"end":{"line":77,"column":null}},"4":{"start":{"line":36,"column":8},"end":{"line":47,"column":null}},"5":{"start":{"line":37,"column":10},"end":{"line":40,"column":null}},"6":{"start":{"line":43,"column":10},"end":{"line":46,"column":null}},"7":{"start":{"line":52,"column":8},"end":{"line":61,"column":null}},"8":{"start":{"line":53,"column":10},"end":{"line":53,"column":null}},"9":{"start":{"line":54,"column":15},"end":{"line":61,"column":null}},"10":{"start":{"line":55,"column":22},"end":{"line":55,"column":null}},"11":{"start":{"line":56,"column":10},"end":{"line":60,"column":null}},"12":{"start":{"line":57,"column":12},"end":{"line":57,"column":null}},"13":{"start":{"line":58,"column":17},"end":{"line":60,"column":null}},"14":{"start":{"line":59,"column":12},"end":{"line":59,"column":null}},"15":{"start":{"line":64,"column":8},"end":{"line":66,"column":null}},"16":{"start":{"line":65,"column":10},"end":{"line":65,"column":null}},"17":{"start":{"line":68,"column":8},"end":{"line":71,"column":null}},"18":{"start":{"line":73,"column":8},"end":{"line":75,"column":null}},"19":{"start":{"line":74,"column":10},"end":{"line":74,"column":null}},"20":{"start":{"line":76,"column":8},"end":{"line":76,"column":null}},"21":{"start":{"line":81,"column":2},"end":{"line":81,"column":null}}},"fnMap":{"0":{"name":"createJitoRelayClient","decl":{"start":{"line":19,"column":16},"end":{"line":19,"column":null}},"loc":{"start":{"line":25,"column":15},"end":{"line":82,"column":null}},"line":25},"1":{"name":"sendTransaction","decl":{"start":{"line":32,"column":10},"end":{"line":32,"column":26}},"loc":{"start":{"line":32,"column":68},"end":{"line":78,"column":null}},"line":32}},"branchMap":{"0":{"loc":{"start":{"line":26,"column":15},"end":{"line":26,"column":null}},"type":"binary-expr","locations":[{"start":{"line":26,"column":15},"end":{"line":26,"column":32}},{"start":{"line":26,"column":32},"end":{"line":26,"column":null}}],"line":26},"1":{"loc":{"start":{"line":27,"column":17},"end":{"line":27,"column":null}},"type":"binary-expr","locations":[{"start":{"line":27,"column":17},"end":{"line":27,"column":36}},{"start":{"line":27,"column":36},"end":{"line":27,"column":null}}],"line":27},"2":{"loc":{"start":{"line":36,"column":8},"end":{"line":47,"column":null}},"type":"if","locations":[{"start":{"line":36,"column":8},"end":{"line":47,"column":null}},{"start":{"line":41,"column":15},"end":{"line":47,"column":null}}],"line":36},"3":{"loc":{"start":{"line":52,"column":8},"end":{"line":61,"column":null}},"type":"if","locations":[{"start":{"line":52,"column":8},"end":{"line":61,"column":null}},{"start":{"line":54,"column":15},"end":{"line":61,"column":null}}],"line":52},"4":{"loc":{"start":{"line":54,"column":15},"end":{"line":61,"column":null}},"type":"if","locations":[{"start":{"line":54,"column":15},"end":{"line":61,"column":null}},{"start":{},"end":{}}],"line":54},"5":{"loc":{"start":{"line":54,"column":19},"end":{"line":54,"column":61}},"type":"binary-expr","locations":[{"start":{"line":54,"column":19},"end":{"line":54,"column":31}},{"start":{"line":54,"column":31},"end":{"line":54,"column":61}}],"line":54},"6":{"loc":{"start":{"line":56,"column":10},"end":{"line":60,"column":null}},"type":"if","locations":[{"start":{"line":56,"column":10},"end":{"line":60,"column":null}},{"start":{"line":58,"column":17},"end":{"line":60,"column":null}}],"line":56},"7":{"loc":{"start":{"line":56,"column":14},"end":{"line":56,"column":65}},"type":"binary-expr","locations":[{"start":{"line":56,"column":14},"end":{"line":56,"column":33}},{"start":{"line":56,"column":33},"end":{"line":56,"column":65}}],"line":56},"8":{"loc":{"start":{"line":58,"column":17},"end":{"line":60,"column":null}},"type":"if","locations":[{"start":{"line":58,"column":17},"end":{"line":60,"column":null}},{"start":{},"end":{}}],"line":58},"9":{"loc":{"start":{"line":58,"column":21},"end":{"line":58,"column":78}},"type":"binary-expr","locations":[{"start":{"line":58,"column":21},"end":{"line":58,"column":43}},{"start":{"line":58,"column":43},"end":{"line":58,"column":78}}],"line":58},"10":{"loc":{"start":{"line":64,"column":8},"end":{"line":66,"column":null}},"type":"if","locations":[{"start":{"line":64,"column":8},"end":{"line":66,"column":null}},{"start":{},"end":{}}],"line":64},"11":{"loc":{"start":{"line":64,"column":12},"end":{"line":64,"column":57}},"type":"binary-expr","locations":[{"start":{"line":64,"column":12},"end":{"line":64,"column":26}},{"start":{"line":64,"column":26},"end":{"line":64,"column":57}}],"line":64},"12":{"loc":{"start":{"line":73,"column":8},"end":{"line":75,"column":null}},"type":"if","locations":[{"start":{"line":73,"column":8},"end":{"line":75,"column":null}},{"start":{},"end":{}}],"line":73}},"s":{"0":14,"1":14,"2":14,"3":12,"4":12,"5":1,"6":11,"7":10,"8":7,"9":3,"10":3,"11":3,"12":1,"13":2,"14":1,"15":10,"16":3,"17":7,"18":5,"19":4,"20":1,"21":14},"f":{"0":14,"1":12},"b":{"0":[14,13],"1":[14,13],"2":[1,11],"3":[7,3],"4":[3,0],"5":[3,3],"6":[1,2],"7":[3,1],"8":[1,1],"9":[2,1],"10":[3,7],"11":[10,8],"12":[4,1]},"meta":{"lastBranch":13,"lastFunction":2,"lastStatement":22,"seen":{"f:19:16:19:Infinity":0,"s:26:15:26:Infinity":0,"b:26:15:26:32:26:32:26:Infinity":0,"s:27:17:27:Infinity":1,"b:27:17:27:36:27:36:27:Infinity":1,"s:29:30:79:Infinity":2,"f:32:10:32:26":1,"s:33:6:77:Infinity":3,"b:36:8:47:Infinity:41:15:47:Infinity":2,"s:36:8:47:Infinity":4,"s:37:10:40:Infinity":5,"s:43:10:46:Infinity":6,"b:52:8:61:Infinity:54:15:61:Infinity":3,"s:52:8:61:Infinity":7,"s:53:10:53:Infinity":8,"b:54:15:61:Infinity:undefined:undefined:undefined:undefined":4,"s:54:15:61:Infinity":9,"b:54:19:54:31:54:31:54:61":5,"s:55:22:55:Infinity":10,"b:56:10:60:Infinity:58:17:60:Infinity":6,"s:56:10:60:Infinity":11,"b:56:14:56:33:56:33:56:65":7,"s:57:12:57:Infinity":12,"b:58:17:60:Infinity:undefined:undefined:undefined:undefined":8,"s:58:17:60:Infinity":13,"b:58:21:58:43:58:43:58:78":9,"s:59:12:59:Infinity":14,"b:64:8:66:Infinity:undefined:undefined:undefined:undefined":10,"s:64:8:66:Infinity":15,"b:64:12:64:26:64:26:64:57":11,"s:65:10:65:Infinity":16,"s:68:8:71:Infinity":17,"b:73:8:75:Infinity:undefined:undefined:undefined:undefined":12,"s:73:8:75:Infinity":18,"s:74:10:74:Infinity":19,"s:76:8:76:Infinity":20,"s:81:2:81:Infinity":21},"fnNames":{}}}
,"/home/yutiuser/projects/solana/solana-sdk/src/relay/router.ts": {"path":"/home/yutiuser/projects/solana/solana-sdk/src/relay/router.ts","statementMap":{"0":{"start":{"line":40,"column":2},"end":{"line":76,"column":null}},"1":{"start":{"line":41,"column":4},"end":{"line":75,"column":null}},"2":{"start":{"line":42,"column":26},"end":{"line":42,"column":null}},"3":{"start":{"line":44,"column":6},"end":{"line":48,"column":null}},"4":{"start":{"line":51,"column":6},"end":{"line":62,"column":null}},"5":{"start":{"line":53,"column":8},"end":{"line":55,"column":null}},"6":{"start":{"line":54,"column":10},"end":{"line":54,"column":null}},"7":{"start":{"line":57,"column":8},"end":{"line":61,"column":null}},"8":{"start":{"line":65,"column":24},"end":{"line":65,"column":null}},"9":{"start":{"line":66,"column":6},"end":{"line":74,"column":null}},"10":{"start":{"line":67,"column":8},"end":{"line":71,"column":null}},"11":{"start":{"line":73,"column":8},"end":{"line":73,"column":null}},"12":{"start":{"line":79,"column":2},"end":{"line":90,"column":null}},"13":{"start":{"line":80,"column":22},"end":{"line":80,"column":null}},"14":{"start":{"line":81,"column":4},"end":{"line":89,"column":null}},"15":{"start":{"line":82,"column":6},"end":{"line":86,"column":null}},"16":{"start":{"line":88,"column":6},"end":{"line":88,"column":null}},"17":{"start":{"line":93,"column":2},"end":{"line":110,"column":null}},"18":{"start":{"line":94,"column":4},"end":{"line":109,"column":null}},"19":{"start":{"line":95,"column":24},"end":{"line":95,"column":null}},"20":{"start":{"line":96,"column":6},"end":{"line":104,"column":null}},"21":{"start":{"line":97,"column":8},"end":{"line":101,"column":null}},"22":{"start":{"line":103,"column":8},"end":{"line":103,"column":null}},"23":{"start":{"line":106,"column":6},"end":{"line":108,"column":null}},"24":{"start":{"line":113,"column":2},"end":{"line":113,"column":null}}},"fnMap":{"0":{"name":"routeTransaction","decl":{"start":{"line":32,"column":22},"end":{"line":32,"column":null}},"loc":{"start":{"line":38,"column":44},"end":{"line":114,"column":null}},"line":38}},"branchMap":{"0":{"loc":{"start":{"line":40,"column":2},"end":{"line":76,"column":null}},"type":"if","locations":[{"start":{"line":40,"column":2},"end":{"line":76,"column":null}},{"start":{},"end":{}}],"line":40},"1":{"loc":{"start":{"line":40,"column":6},"end":{"line":40,"column":49}},"type":"binary-expr","locations":[{"start":{"line":40,"column":6},"end":{"line":40,"column":28}},{"start":{"line":40,"column":28},"end":{"line":40,"column":49}}],"line":40},"2":{"loc":{"start":{"line":51,"column":6},"end":{"line":62,"column":null}},"type":"if","locations":[{"start":{"line":51,"column":6},"end":{"line":62,"column":null}},{"start":{},"end":{}}],"line":51},"3":{"loc":{"start":{"line":53,"column":8},"end":{"line":55,"column":null}},"type":"if","locations":[{"start":{"line":53,"column":8},"end":{"line":55,"column":null}},{"start":{},"end":{}}],"line":53},"4":{"loc":{"start":{"line":66,"column":6},"end":{"line":74,"column":null}},"type":"if","locations":[{"start":{"line":66,"column":6},"end":{"line":74,"column":null}},{"start":{"line":72,"column":13},"end":{"line":74,"column":null}}],"line":66},"5":{"loc":{"start":{"line":79,"column":2},"end":{"line":90,"column":null}},"type":"if","locations":[{"start":{"line":79,"column":2},"end":{"line":90,"column":null}},{"start":{},"end":{}}],"line":79},"6":{"loc":{"start":{"line":81,"column":4},"end":{"line":89,"column":null}},"type":"if","locations":[{"start":{"line":81,"column":4},"end":{"line":89,"column":null}},{"start":{"line":87,"column":11},"end":{"line":89,"column":null}}],"line":81},"7":{"loc":{"start":{"line":93,"column":2},"end":{"line":110,"column":null}},"type":"if","locations":[{"start":{"line":93,"column":2},"end":{"line":110,"column":null}},{"start":{},"end":{}}],"line":93},"8":{"loc":{"start":{"line":94,"column":4},"end":{"line":109,"column":null}},"type":"if","locations":[{"start":{"line":94,"column":4},"end":{"line":109,"column":null}},{"start":{"line":105,"column":11},"end":{"line":109,"column":null}}],"line":94},"9":{"loc":{"start":{"line":96,"column":6},"end":{"line":104,"column":null}},"type":"if","locations":[{"start":{"line":96,"column":6},"end":{"line":104,"column":null}},{"start":{"line":102,"column":13},"end":{"line":104,"column":null}}],"line":96}},"s":{"0":9,"1":8,"2":8,"3":6,"4":2,"5":1,"6":1,"7":0,"8":1,"9":1,"10":1,"11":0,"12":1,"13":1,"14":1,"15":1,"16":0,"17":0,"18":0,"19":0,"20":0,"21":0,"22":0,"23":0,"24":0},"f":{"0":9},"b":{"0":[8,1],"1":[9,8],"2":[1,1],"3":[1,0],"4":[1,0],"5":[1,0],"6":[1,0],"7":[0,0],"8":[0,0],"9":[0,0]},"meta":{"lastBranch":10,"lastFunction":1,"lastStatement":25,"seen":{"f:32:22:32:Infinity":0,"b:40:2:76:Infinity:undefined:undefined:undefined:undefined":0,"s:40:2:76:Infinity":0,"b:40:6:40:28:40:28:40:49":1,"s:41:4:75:Infinity":1,"s:42:26:42:Infinity":2,"s:44:6:48:Infinity":3,"b:51:6:62:Infinity:undefined:undefined:undefined:undefined":2,"s:51:6:62:Infinity":4,"b:53:8:55:Infinity:undefined:undefined:undefined:undefined":3,"s:53:8:55:Infinity":5,"s:54:10:54:Infinity":6,"s:57:8:61:Infinity":7,"s:65:24:65:Infinity":8,"b:66:6:74:Infinity:72:13:74:Infinity":4,"s:66:6:74:Infinity":9,"s:67:8:71:Infinity":10,"s:73:8:73:Infinity":11,"b:79:2:90:Infinity:undefined:undefined:undefined:undefined":5,"s:79:2:90:Infinity":12,"s:80:22:80:Infinity":13,"b:81:4:89:Infinity:87:11:89:Infinity":6,"s:81:4:89:Infinity":14,"s:82:6:86:Infinity":15,"s:88:6:88:Infinity":16,"b:93:2:110:Infinity:undefined:undefined:undefined:undefined":7,"s:93:2:110:Infinity":17,"b:94:4:109:Infinity:105:11:109:Infinity":8,"s:94:4:109:Infinity":18,"s:95:24:95:Infinity":19,"b:96:6:104:Infinity:102:13:104:Infinity":9,"s:96:6:104:Infinity":20,"s:97:8:101:Infinity":21,"s:103:8:103:Infinity":22,"s:106:6:108:Infinity":23,"s:113:2:113:Infinity":24},"fnNames":{}}}
,"/home/yutiuser/projects/solana/solana-sdk/src/rpc/circuit-breaker.ts": {"path":"/home/yutiuser/projects/solana/solana-sdk/src/rpc/circuit-breaker.ts","statementMap":{"0":{"start":{"line":23,"column":2},"end":{"line":23,"column":null}},"1":{"start":{"line":39,"column":2},"end":{"line":42,"column":null}},"2":{"start":{"line":56,"column":2},"end":{"line":56,"column":null}},"3":{"start":{"line":75,"column":2},"end":{"line":85,"column":null}},"4":{"start":{"line":80,"column":45},"end":{"line":80,"column":null}},"5":{"start":{"line":81,"column":4},"end":{"line":84,"column":null}},"6":{"start":{"line":87,"column":2},"end":{"line":87,"column":null}}},"fnMap":{"0":{"name":"shouldOpenCircuit","decl":{"start":{"line":19,"column":16},"end":{"line":19,"column":null}},"loc":{"start":{"line":22,"column":11},"end":{"line":24,"column":null}},"line":22},"1":{"name":"openCircuit","decl":{"start":{"line":34,"column":16},"end":{"line":34,"column":null}},"loc":{"start":{"line":38,"column":20},"end":{"line":43,"column":null}},"line":38},"2":{"name":"isCircuitOpen","decl":{"start":{"line":52,"column":16},"end":{"line":52,"column":null}},"loc":{"start":{"line":55,"column":11},"end":{"line":57,"column":null}},"line":55},"3":{"name":"maybeCloseCircuit","decl":{"start":{"line":70,"column":16},"end":{"line":70,"column":null}},"loc":{"start":{"line":73,"column":20},"end":{"line":88,"column":null}},"line":73}},"branchMap":{"0":{"loc":{"start":{"line":56,"column":9},"end":{"line":56,"column":null}},"type":"binary-expr","locations":[{"start":{"line":56,"column":9},"end":{"line":56,"column":49}},{"start":{"line":56,"column":49},"end":{"line":56,"column":null}}],"line":56},"1":{"loc":{"start":{"line":75,"column":2},"end":{"line":85,"column":null}},"type":"if","locations":[{"start":{"line":75,"column":2},"end":{"line":85,"column":null}},{"start":{},"end":{}}],"line":75},"2":{"loc":{"start":{"line":76,"column":4},"end":{"line":77,"column":null}},"type":"binary-expr","locations":[{"start":{"line":76,"column":4},"end":{"line":76,"column":null}},{"start":{"line":77,"column":4},"end":{"line":77,"column":null}}],"line":76}},"s":{"0":35,"1":17,"2":5,"3":82,"4":6,"5":6,"6":76},"f":{"0":35,"1":17,"2":5,"3":82},"b":{"0":[5,4],"1":[6,76],"2":[82,11]},"meta":{"lastBranch":3,"lastFunction":4,"lastStatement":7,"seen":{"f:19:16:19:Infinity":0,"s:23:2:23:Infinity":0,"f:34:16:34:Infinity":1,"s:39:2:42:Infinity":1,"f:52:16:52:Infinity":2,"s:56:2:56:Infinity":2,"b:56:9:56:49:56:49:56:Infinity":0,"f:70:16:70:Infinity":3,"b:75:2:85:Infinity:undefined:undefined:undefined:undefined":1,"s:75:2:85:Infinity":3,"b:76:4:76:Infinity:77:4:77:Infinity":2,"s:80:45:80:Infinity":4,"s:81:4:84:Infinity":5,"s:87:2:87:Infinity":6},"fnNames":{}}}
,"/home/yutiuser/projects/solana/solana-sdk/src/rpc/endpoint.ts": {"path":"/home/yutiuser/projects/solana/solana-sdk/src/rpc/endpoint.ts","statementMap":{"0":{"start":{"line":22,"column":22},"end":{"line":22,"column":null}},"1":{"start":{"line":23,"column":36},"end":{"line":26,"column":null}},"2":{"start":{"line":28,"column":2},"end":{"line":30,"column":null}},"3":{"start":{"line":29,"column":4},"end":{"line":29,"column":null}},"4":{"start":{"line":32,"column":2},"end":{"line":34,"column":null}},"5":{"start":{"line":33,"column":4},"end":{"line":33,"column":null}},"6":{"start":{"line":37,"column":2},"end":{"line":39,"column":null}},"7":{"start":{"line":38,"column":4},"end":{"line":38,"column":null}},"8":{"start":{"line":41,"column":2},"end":{"line":47,"column":null}},"9":{"start":{"line":42,"column":19},"end":{"line":42,"column":null}},"10":{"start":{"line":44,"column":4},"end":{"line":44,"column":null}},"11":{"start":{"line":46,"column":4},"end":{"line":46,"column":null}},"12":{"start":{"line":49,"column":2},"end":{"line":49,"column":null}},"13":{"start":{"line":58,"column":21},"end":{"line":58,"column":null}},"14":{"start":{"line":60,"column":2},"end":{"line":63,"column":null}},"15":{"start":{"line":71,"column":2},"end":{"line":78,"column":null}},"16":{"start":{"line":90,"column":23},"end":{"line":90,"column":null}},"17":{"start":{"line":92,"column":8},"end":{"line":93,"column":null}},"18":{"start":{"line":95,"column":2},"end":{"line":102,"column":null}},"19":{"start":{"line":113,"column":2},"end":{"line":117,"column":null}},"20":{"start":{"line":127,"column":2},"end":{"line":131,"column":null}},"21":{"start":{"line":143,"column":2},"end":{"line":148,"column":null}},"22":{"start":{"line":159,"column":2},"end":{"line":163,"column":null}},"23":{"start":{"line":160,"column":4},"end":{"line":160,"column":null}},"24":{"start":{"line":162,"column":4},"end":{"line":162,"column":null}},"25":{"start":{"line":175,"column":2},"end":{"line":175,"column":null}}},"fnMap":{"0":{"name":"normalizeRpcEndpointConfig","decl":{"start":{"line":18,"column":16},"end":{"line":18,"column":null}},"loc":{"start":{"line":20,"column":39},"end":{"line":50,"column":null}},"line":20},"1":{"name":"createEndpointId","decl":{"start":{"line":56,"column":16},"end":{"line":56,"column":33}},"loc":{"start":{"line":56,"column":68},"end":{"line":64,"column":null}},"line":56},"2":{"name":"createInitialEndpointState","decl":{"start":{"line":70,"column":16},"end":{"line":70,"column":43}},"loc":{"start":{"line":70,"column":88},"end":{"line":79,"column":null}},"line":70},"3":{"name":"recordEndpointSuccess","decl":{"start":{"line":85,"column":16},"end":{"line":85,"column":null}},"loc":{"start":{"line":89,"column":20},"end":{"line":103,"column":null}},"line":89},"4":{"name":"recordAttemptFailure","decl":{"start":{"line":109,"column":16},"end":{"line":109,"column":null}},"loc":{"start":{"line":112,"column":20},"end":{"line":118,"column":null}},"line":112},"5":{"name":"recordRequestFailure","decl":{"start":{"line":123,"column":16},"end":{"line":123,"column":null}},"loc":{"start":{"line":126,"column":20},"end":{"line":132,"column":null}},"line":126},"6":{"name":"recordEndpointFailure","decl":{"start":{"line":138,"column":16},"end":{"line":138,"column":null}},"loc":{"start":{"line":142,"column":20},"end":{"line":149,"column":null}},"line":142},"7":{"name":"applyEndpointAttemptOutcome","decl":{"start":{"line":154,"column":16},"end":{"line":154,"column":null}},"loc":{"start":{"line":158,"column":20},"end":{"line":164,"column":null}},"line":158},"8":{"name":"isEndpointHealthy","decl":{"start":{"line":169,"column":16},"end":{"line":169,"column":null}},"loc":{"start":{"line":172,"column":11},"end":{"line":176,"column":null}},"line":172}},"branchMap":{"0":{"loc":{"start":{"line":22,"column":22},"end":{"line":22,"column":null}},"type":"cond-expr","locations":[{"start":{"line":22,"column":50},"end":{"line":22,"column":67}},{"start":{"line":22,"column":67},"end":{"line":22,"column":null}}],"line":22},"1":{"loc":{"start":{"line":25,"column":12},"end":{"line":25,"column":null}},"type":"binary-expr","locations":[{"start":{"line":25,"column":12},"end":{"line":25,"column":34}},{"start":{"line":25,"column":34},"end":{"line":25,"column":null}}],"line":25},"2":{"loc":{"start":{"line":28,"column":2},"end":{"line":30,"column":null}},"type":"if","locations":[{"start":{"line":28,"column":2},"end":{"line":30,"column":null}},{"start":{},"end":{}}],"line":28},"3":{"loc":{"start":{"line":32,"column":2},"end":{"line":34,"column":null}},"type":"if","locations":[{"start":{"line":32,"column":2},"end":{"line":34,"column":null}},{"start":{},"end":{}}],"line":32},"4":{"loc":{"start":{"line":37,"column":2},"end":{"line":39,"column":null}},"type":"if","locations":[{"start":{"line":37,"column":2},"end":{"line":39,"column":null}},{"start":{},"end":{}}],"line":37},"5":{"loc":{"start":{"line":37,"column":6},"end":{"line":37,"column":47}},"type":"binary-expr","locations":[{"start":{"line":37,"column":6},"end":{"line":37,"column":21}},{"start":{"line":37,"column":21},"end":{"line":37,"column":47}}],"line":37},"6":{"loc":{"start":{"line":159,"column":2},"end":{"line":163,"column":null}},"type":"if","locations":[{"start":{"line":159,"column":2},"end":{"line":163,"column":null}},{"start":{"line":161,"column":9},"end":{"line":163,"column":null}}],"line":159},"7":{"loc":{"start":{"line":175,"column":9},"end":{"line":175,"column":null}},"type":"binary-expr","locations":[{"start":{"line":175,"column":9},"end":{"line":175,"column":36}},{"start":{"line":175,"column":36},"end":{"line":175,"column":null}}],"line":175}},"s":{"0":76,"1":76,"2":76,"3":1,"4":76,"5":0,"6":76,"7":1,"8":75,"9":75,"10":75,"11":3,"12":72,"13":201,"14":201,"15":192,"16":32,"17":32,"18":32,"19":31,"20":19,"21":10,"22":3,"23":2,"24":1,"25":4},"f":{"0":76,"1":201,"2":192,"3":32,"4":31,"5":19,"6":10,"7":3,"8":4},"b":{"0":[69,7],"1":[76,72],"2":[1,75],"3":[0,76],"4":[1,75],"5":[76,75],"6":[2,1],"7":[4,3]},"meta":{"lastBranch":8,"lastFunction":9,"lastStatement":26,"seen":{"f:18:16:18:Infinity":0,"s:22:22:22:Infinity":0,"b:22:50:22:67:22:67:22:Infinity":0,"s:23:36:26:Infinity":1,"b:25:12:25:34:25:34:25:Infinity":1,"b:28:2:30:Infinity:undefined:undefined:undefined:undefined":2,"s:28:2:30:Infinity":2,"s:29:4:29:Infinity":3,"b:32:2:34:Infinity:undefined:undefined:undefined:undefined":3,"s:32:2:34:Infinity":4,"s:33:4:33:Infinity":5,"b:37:2:39:Infinity:undefined:undefined:undefined:undefined":4,"s:37:2:39:Infinity":6,"b:37:6:37:21:37:21:37:47":5,"s:38:4:38:Infinity":7,"s:41:2:47:Infinity":8,"s:42:19:42:Infinity":9,"s:44:4:44:Infinity":10,"s:46:4:46:Infinity":11,"s:49:2:49:Infinity":12,"f:56:16:56:33":1,"s:58:21:58:Infinity":13,"s:60:2:63:Infinity":14,"f:70:16:70:43":2,"s:71:2:78:Infinity":15,"f:85:16:85:Infinity":3,"s:90:23:90:Infinity":16,"s:92:8:93:Infinity":17,"s:95:2:102:Infinity":18,"f:109:16:109:Infinity":4,"s:113:2:117:Infinity":19,"f:123:16:123:Infinity":5,"s:127:2:131:Infinity":20,"f:138:16:138:Infinity":6,"s:143:2:148:Infinity":21,"f:154:16:154:Infinity":7,"b:159:2:163:Infinity:161:9:163:Infinity":6,"s:159:2:163:Infinity":22,"s:160:4:160:Infinity":23,"s:162:4:162:Infinity":24,"f:169:16:169:Infinity":8,"s:175:2:175:Infinity":25,"b:175:9:175:36:175:36:175:Infinity":7},"fnNames":{}}}
,"/home/yutiuser/projects/solana/solana-sdk/src/rpc/registry.ts": {"path":"/home/yutiuser/projects/solana/solana-sdk/src/rpc/registry.ts","statementMap":{"0":{"start":{"line":24,"column":2},"end":{"line":26,"column":null}},"1":{"start":{"line":25,"column":4},"end":{"line":25,"column":null}},"2":{"start":{"line":29,"column":42},"end":{"line":29,"column":null}},"3":{"start":{"line":30,"column":18},"end":{"line":30,"column":null}},"4":{"start":{"line":32,"column":2},"end":{"line":46,"column":null}},"5":{"start":{"line":33,"column":10},"end":{"line":33,"column":null}},"6":{"start":{"line":34,"column":4},"end":{"line":36,"column":null}},"7":{"start":{"line":35,"column":6},"end":{"line":35,"column":null}},"8":{"start":{"line":38,"column":30},"end":{"line":38,"column":null}},"9":{"start":{"line":39,"column":10},"end":{"line":39,"column":null}},"10":{"start":{"line":42,"column":4},"end":{"line":45,"column":null}},"11":{"start":{"line":43,"column":6},"end":{"line":43,"column":null}},"12":{"start":{"line":44,"column":6},"end":{"line":44,"column":null}},"13":{"start":{"line":49,"column":17},"end":{"line":49,"column":null}},"14":{"start":{"line":49,"column":33},"end":{"line":49,"column":78}},"15":{"start":{"line":51,"column":2},"end":{"line":51,"column":null}},"16":{"start":{"line":58,"column":50},"end":{"line":58,"column":null}},"17":{"start":{"line":61,"column":4},"end":{"line":63,"column":null}},"18":{"start":{"line":62,"column":6},"end":{"line":62,"column":null}},"19":{"start":{"line":67,"column":4},"end":{"line":67,"column":null}},"20":{"start":{"line":71,"column":4},"end":{"line":71,"column":null}},"21":{"start":{"line":75,"column":4},"end":{"line":75,"column":null}}},"fnMap":{"0":{"name":"createEndpointRegistry","decl":{"start":{"line":21,"column":16},"end":{"line":21,"column":null}},"loc":{"start":{"line":23,"column":38},"end":{"line":52,"column":null}},"line":23},"1":{"name":"(anonymous_1)","decl":{"start":{"line":49,"column":28},"end":{"line":49,"column":33}},"loc":{"start":{"line":49,"column":33},"end":{"line":49,"column":78}},"line":49},"2":{"name":"constructor","decl":{"start":{"line":60,"column":2},"end":{"line":60,"column":14}},"loc":{"start":{"line":60,"column":42},"end":{"line":64,"column":null}},"line":60},"3":{"name":"getAll","decl":{"start":{"line":66,"column":2},"end":{"line":66,"column":31}},"loc":{"start":{"line":66,"column":31},"end":{"line":68,"column":null}},"line":66},"4":{"name":"getById","decl":{"start":{"line":70,"column":2},"end":{"line":70,"column":10}},"loc":{"start":{"line":70,"column":52},"end":{"line":72,"column":null}},"line":70},"5":{"name":"upsert","decl":{"start":{"line":74,"column":2},"end":{"line":74,"column":9}},"loc":{"start":{"line":74,"column":40},"end":{"line":76,"column":null}},"line":74}},"branchMap":{"0":{"loc":{"start":{"line":24,"column":2},"end":{"line":26,"column":null}},"type":"if","locations":[{"start":{"line":24,"column":2},"end":{"line":26,"column":null}},{"start":{},"end":{}}],"line":24},"1":{"loc":{"start":{"line":24,"column":6},"end":{"line":24,"column":40}},"type":"binary-expr","locations":[{"start":{"line":24,"column":6},"end":{"line":24,"column":18}},{"start":{"line":24,"column":18},"end":{"line":24,"column":40}}],"line":24},"2":{"loc":{"start":{"line":34,"column":4},"end":{"line":36,"column":null}},"type":"if","locations":[{"start":{"line":34,"column":4},"end":{"line":36,"column":null}},{"start":{},"end":{}}],"line":34},"3":{"loc":{"start":{"line":42,"column":4},"end":{"line":45,"column":null}},"type":"if","locations":[{"start":{"line":42,"column":4},"end":{"line":45,"column":null}},{"start":{},"end":{}}],"line":42}},"s":{"0":46,"1":1,"2":45,"3":45,"4":45,"5":63,"6":63,"7":1,"8":62,"9":62,"10":62,"11":60,"12":60,"13":44,"14":59,"15":44,"16":44,"17":44,"18":59,"19":150,"20":27,"21":153},"f":{"0":46,"1":59,"2":44,"3":150,"4":27,"5":153},"b":{"0":[1,45],"1":[46,46],"2":[1,62],"3":[60,2]},"meta":{"lastBranch":4,"lastFunction":6,"lastStatement":22,"seen":{"f:21:16:21:Infinity":0,"b:24:2:26:Infinity:undefined:undefined:undefined:undefined":0,"s:24:2:26:Infinity":0,"b:24:6:24:18:24:18:24:40":1,"s:25:4:25:Infinity":1,"s:29:42:29:Infinity":2,"s:30:18:30:Infinity":3,"s:32:2:46:Infinity":4,"s:33:10:33:Infinity":5,"b:34:4:36:Infinity:undefined:undefined:undefined:undefined":2,"s:34:4:36:Infinity":6,"s:35:6:35:Infinity":7,"s:38:30:38:Infinity":8,"s:39:10:39:Infinity":9,"b:42:4:45:Infinity:undefined:undefined:undefined:undefined":3,"s:42:4:45:Infinity":10,"s:43:6:43:Infinity":11,"s:44:6:44:Infinity":12,"s:49:17:49:Infinity":13,"f:49:28:49:33":1,"s:49:33:49:78":14,"s:51:2:51:Infinity":15,"s:58:50:58:Infinity":16,"f:60:2:60:14":2,"s:61:4:63:Infinity":17,"s:62:6:62:Infinity":18,"f:66:2:66:31":3,"s:67:4:67:Infinity":19,"f:70:2:70:10":4,"s:71:4:71:Infinity":20,"f:74:2:74:9":5,"s:75:4:75:Infinity":21},"fnNames":{}}}
,"/home/yutiuser/projects/solana/solana-sdk/src/rpc/resilient-client.ts": {"path":"/home/yutiuser/projects/solana/solana-sdk/src/rpc/resilient-client.ts","statementMap":{"0":{"start":{"line":53,"column":2},"end":{"line":70,"column":null}},"1":{"start":{"line":62,"column":21},"end":{"line":62,"column":null}},"2":{"start":{"line":64,"column":6},"end":{"line":68,"column":null}},"3":{"start":{"line":65,"column":8},"end":{"line":65,"column":null}},"4":{"start":{"line":67,"column":8},"end":{"line":67,"column":null}},"5":{"start":{"line":90,"column":17},"end":{"line":90,"column":null}},"6":{"start":{"line":91,"column":23},"end":{"line":91,"column":null}},"7":{"start":{"line":94,"column":22},"end":{"line":94,"column":null}},"8":{"start":{"line":96,"column":22},"end":{"line":96,"column":null}},"9":{"start":{"line":97,"column":31},"end":{"line":97,"column":null}},"10":{"start":{"line":100,"column":2},"end":{"line":204,"column":null}},"11":{"start":{"line":101,"column":4},"end":{"line":101,"column":null}},"12":{"start":{"line":104,"column":22},"end":{"line":104,"column":null}},"13":{"start":{"line":105,"column":18},"end":{"line":105,"column":null}},"14":{"start":{"line":106,"column":4},"end":{"line":109,"column":null}},"15":{"start":{"line":107,"column":12},"end":{"line":107,"column":null}},"16":{"start":{"line":108,"column":6},"end":{"line":108,"column":null}},"17":{"start":{"line":112,"column":10},"end":{"line":116,"column":null}},"18":{"start":{"line":118,"column":4},"end":{"line":120,"column":null}},"19":{"start":{"line":119,"column":6},"end":{"line":119,"column":null}},"20":{"start":{"line":122,"column":26},"end":{"line":122,"column":null}},"21":{"start":{"line":125,"column":4},"end":{"line":131,"column":null}},"22":{"start":{"line":126,"column":24},"end":{"line":126,"column":null}},"23":{"start":{"line":127,"column":6},"end":{"line":130,"column":null}},"24":{"start":{"line":128,"column":14},"end":{"line":128,"column":null}},"25":{"start":{"line":129,"column":8},"end":{"line":129,"column":null}},"26":{"start":{"line":132,"column":4},"end":{"line":132,"column":null}},"27":{"start":{"line":134,"column":22},"end":{"line":134,"column":null}},"28":{"start":{"line":137,"column":4},"end":{"line":142,"column":null}},"29":{"start":{"line":138,"column":12},"end":{"line":138,"column":null}},"30":{"start":{"line":139,"column":6},"end":{"line":139,"column":null}},"31":{"start":{"line":140,"column":6},"end":{"line":140,"column":null}},"32":{"start":{"line":141,"column":6},"end":{"line":141,"column":null}},"33":{"start":{"line":145,"column":22},"end":{"line":145,"column":null}},"34":{"start":{"line":148,"column":10},"end":{"line":148,"column":null}},"35":{"start":{"line":151,"column":26},"end":{"line":151,"column":null}},"36":{"start":{"line":154,"column":4},"end":{"line":154,"column":null}},"37":{"start":{"line":157,"column":4},"end":{"line":167,"column":null}},"38":{"start":{"line":158,"column":12},"end":{"line":158,"column":null}},"39":{"start":{"line":159,"column":6},"end":{"line":159,"column":null}},"40":{"start":{"line":161,"column":6},"end":{"line":166,"column":null}},"41":{"start":{"line":170,"column":8},"end":{"line":170,"column":null}},"42":{"start":{"line":173,"column":4},"end":{"line":178,"column":null}},"43":{"start":{"line":174,"column":12},"end":{"line":174,"column":null}},"44":{"start":{"line":175,"column":6},"end":{"line":175,"column":null}},"45":{"start":{"line":177,"column":6},"end":{"line":177,"column":null}},"46":{"start":{"line":180,"column":4},"end":{"line":180,"column":null}},"47":{"start":{"line":183,"column":4},"end":{"line":195,"column":null}},"48":{"start":{"line":185,"column":6},"end":{"line":189,"column":null}},"49":{"start":{"line":186,"column":8},"end":{"line":186,"column":null}},"50":{"start":{"line":187,"column":8},"end":{"line":187,"column":null}},"51":{"start":{"line":188,"column":8},"end":{"line":188,"column":null}},"52":{"start":{"line":191,"column":6},"end":{"line":191,"column":null}},"53":{"start":{"line":192,"column":6},"end":{"line":192,"column":null}},"54":{"start":{"line":193,"column":6},"end":{"line":193,"column":null}},"55":{"start":{"line":194,"column":6},"end":{"line":194,"column":null}},"56":{"start":{"line":198,"column":10},"end":{"line":198,"column":null}},"57":{"start":{"line":199,"column":4},"end":{"line":203,"column":null}},"58":{"start":{"line":200,"column":6},"end":{"line":202,"column":null}},"59":{"start":{"line":201,"column":8},"end":{"line":201,"column":null}},"60":{"start":{"line":207,"column":2},"end":{"line":221,"column":null}},"61":{"start":{"line":210,"column":4},"end":{"line":216,"column":null}},"62":{"start":{"line":211,"column":6},"end":{"line":215,"column":null}},"63":{"start":{"line":218,"column":4},"end":{"line":220,"column":null}},"64":{"start":{"line":219,"column":6},"end":{"line":219,"column":null}},"65":{"start":{"line":224,"column":2},"end":{"line":226,"column":null}}},"fnMap":{"0":{"name":"createResilientRpcClient","decl":{"start":{"line":48,"column":16},"end":{"line":48,"column":null}},"loc":{"start":{"line":52,"column":16},"end":{"line":71,"column":null}},"line":52},"1":{"name":"send","decl":{"start":{"line":57,"column":10},"end":{"line":57,"column":null}},"loc":{"start":{"line":61,"column":24},"end":{"line":69,"column":null}},"line":61},"2":{"name":"executeResilientRpcRequest","decl":{"start":{"line":83,"column":22},"end":{"line":83,"column":null}},"loc":{"start":{"line":89,"column":48},"end":{"line":227,"column":null}},"line":89},"3":{"name":"(anonymous_3)","decl":{"start":{"line":200,"column":16},"end":{"line":200,"column":31}},"loc":{"start":{"line":200,"column":43},"end":{"line":202,"column":7}},"line":200}},"branchMap":{"0":{"loc":{"start":{"line":64,"column":6},"end":{"line":68,"column":null}},"type":"if","locations":[{"start":{"line":64,"column":6},"end":{"line":68,"column":null}},{"start":{"line":66,"column":13},"end":{"line":68,"column":null}}],"line":64},"1":{"loc":{"start":{"line":118,"column":4},"end":{"line":120,"column":null}},"type":"if","locations":[{"start":{"line":118,"column":4},"end":{"line":120,"column":null}},{"start":{},"end":{}}],"line":118},"2":{"loc":{"start":{"line":125,"column":4},"end":{"line":131,"column":null}},"type":"if","locations":[{"start":{"line":125,"column":4},"end":{"line":131,"column":null}},{"start":{},"end":{}}],"line":125},"3":{"loc":{"start":{"line":125,"column":8},"end":{"line":125,"column":81}},"type":"binary-expr","locations":[{"start":{"line":125,"column":8},"end":{"line":125,"column":35}},{"start":{"line":125,"column":35},"end":{"line":125,"column":81}}],"line":125},"4":{"loc":{"start":{"line":127,"column":6},"end":{"line":130,"column":null}},"type":"if","locations":[{"start":{"line":127,"column":6},"end":{"line":130,"column":null}},{"start":{},"end":{}}],"line":127},"5":{"loc":{"start":{"line":137,"column":4},"end":{"line":142,"column":null}},"type":"if","locations":[{"start":{"line":137,"column":4},"end":{"line":142,"column":null}},{"start":{},"end":{}}],"line":137},"6":{"loc":{"start":{"line":145,"column":22},"end":{"line":145,"column":null}},"type":"binary-expr","locations":[{"start":{"line":145,"column":22},"end":{"line":145,"column":56}},{"start":{"line":145,"column":56},"end":{"line":145,"column":null}}],"line":145},"7":{"loc":{"start":{"line":157,"column":4},"end":{"line":167,"column":null}},"type":"if","locations":[{"start":{"line":157,"column":4},"end":{"line":167,"column":null}},{"start":{},"end":{}}],"line":157},"8":{"loc":{"start":{"line":173,"column":4},"end":{"line":178,"column":null}},"type":"if","locations":[{"start":{"line":173,"column":4},"end":{"line":178,"column":null}},{"start":{"line":176,"column":11},"end":{"line":178,"column":null}}],"line":173},"9":{"loc":{"start":{"line":183,"column":4},"end":{"line":195,"column":null}},"type":"if","locations":[{"start":{"line":183,"column":4},"end":{"line":195,"column":null}},{"start":{},"end":{}}],"line":183},"10":{"loc":{"start":{"line":185,"column":6},"end":{"line":189,"column":null}},"type":"if","locations":[{"start":{"line":185,"column":6},"end":{"line":189,"column":null}},{"start":{},"end":{}}],"line":185},"11":{"loc":{"start":{"line":199,"column":4},"end":{"line":203,"column":null}},"type":"if","locations":[{"start":{"line":199,"column":4},"end":{"line":203,"column":null}},{"start":{},"end":{}}],"line":199},"12":{"loc":{"start":{"line":207,"column":2},"end":{"line":221,"column":null}},"type":"if","locations":[{"start":{"line":207,"column":2},"end":{"line":221,"column":null}},{"start":{},"end":{}}],"line":207},"13":{"loc":{"start":{"line":210,"column":4},"end":{"line":216,"column":null}},"type":"if","locations":[{"start":{"line":210,"column":4},"end":{"line":216,"column":null}},{"start":{},"end":{}}],"line":210},"14":{"loc":{"start":{"line":218,"column":4},"end":{"line":220,"column":null}},"type":"if","locations":[{"start":{"line":218,"column":4},"end":{"line":220,"column":null}},{"start":{},"end":{}}],"line":218}},"s":{"0":4,"1":3,"2":3,"3":2,"4":1,"5":32,"6":32,"7":32,"8":32,"9":32,"10":32,"11":53,"12":53,"13":53,"14":53,"15":76,"16":76,"17":53,"18":53,"19":2,"20":51,"21":51,"22":9,"23":9,"24":9,"25":9,"26":51,"27":51,"28":51,"29":0,"30":0,"31":0,"32":0,"33":51,"34":53,"35":53,"36":51,"37":51,"38":20,"39":20,"40":20,"41":31,"42":31,"43":5,"44":5,"45":26,"46":31,"47":31,"48":10,"49":4,"50":4,"51":4,"52":6,"53":6,"54":6,"55":6,"56":21,"57":21,"58":0,"59":0,"60":6,"61":6,"62":3,"63":3,"64":3,"65":0},"f":{"0":4,"1":3,"2":32,"3":0},"b":{"0":[2,1],"1":[2,51],"2":[9,42],"3":[51,19],"4":[9,0],"5":[0,51],"6":[51,50],"7":[20,31],"8":[5,26],"9":[10,21],"10":[4,6],"11":[0,21],"12":[6,0],"13":[3,3],"14":[3,0]},"meta":{"lastBranch":15,"lastFunction":4,"lastStatement":66,"seen":{"f:48:16:48:Infinity":0,"s:53:2:70:Infinity":0,"f:57:10:57:Infinity":1,"s:62:21:62:Infinity":1,"b:64:6:68:Infinity:66:13:68:Infinity":0,"s:64:6:68:Infinity":2,"s:65:8:65:Infinity":3,"s:67:8:67:Infinity":4,"f:83:22:83:Infinity":2,"s:90:17:90:Infinity":5,"s:91:23:91:Infinity":6,"s:94:22:94:Infinity":7,"s:96:22:96:Infinity":8,"s:97:31:97:Infinity":9,"s:100:2:204:Infinity":10,"s:101:4:101:Infinity":11,"s:104:22:104:Infinity":12,"s:105:18:105:Infinity":13,"s:106:4:109:Infinity":14,"s:107:12:107:Infinity":15,"s:108:6:108:Infinity":16,"s:112:10:116:Infinity":17,"b:118:4:120:Infinity:undefined:undefined:undefined:undefined":1,"s:118:4:120:Infinity":18,"s:119:6:119:Infinity":19,"s:122:26:122:Infinity":20,"b:125:4:131:Infinity:undefined:undefined:undefined:undefined":2,"s:125:4:131:Infinity":21,"b:125:8:125:35:125:35:125:81":3,"s:126:24:126:Infinity":22,"b:127:6:130:Infinity:undefined:undefined:undefined:undefined":4,"s:127:6:130:Infinity":23,"s:128:14:128:Infinity":24,"s:129:8:129:Infinity":25,"s:132:4:132:Infinity":26,"s:134:22:134:Infinity":27,"b:137:4:142:Infinity:undefined:undefined:undefined:undefined":5,"s:137:4:142:Infinity":28,"s:138:12:138:Infinity":29,"s:139:6:139:Infinity":30,"s:140:6:140:Infinity":31,"s:141:6:141:Infinity":32,"s:145:22:145:Infinity":33,"b:145:22:145:56:145:56:145:Infinity":6,"s:148:10:148:Infinity":34,"s:151:26:151:Infinity":35,"s:154:4:154:Infinity":36,"b:157:4:167:Infinity:undefined:undefined:undefined:undefined":7,"s:157:4:167:Infinity":37,"s:158:12:158:Infinity":38,"s:159:6:159:Infinity":39,"s:161:6:166:Infinity":40,"s:170:8:170:Infinity":41,"b:173:4:178:Infinity:176:11:178:Infinity":8,"s:173:4:178:Infinity":42,"s:174:12:174:Infinity":43,"s:175:6:175:Infinity":44,"s:177:6:177:Infinity":45,"s:180:4:180:Infinity":46,"b:183:4:195:Infinity:undefined:undefined:undefined:undefined":9,"s:183:4:195:Infinity":47,"b:185:6:189:Infinity:undefined:undefined:undefined:undefined":10,"s:185:6:189:Infinity":48,"s:186:8:186:Infinity":49,"s:187:8:187:Infinity":50,"s:188:8:188:Infinity":51,"s:191:6:191:Infinity":52,"s:192:6:192:Infinity":53,"s:193:6:193:Infinity":54,"s:194:6:194:Infinity":55,"s:198:10:198:Infinity":56,"b:199:4:203:Infinity:undefined:undefined:undefined:undefined":11,"s:199:4:203:Infinity":57,"s:200:6:202:Infinity":58,"f:200:16:200:31":3,"s:201:8:201:Infinity":59,"b:207:2:221:Infinity:undefined:undefined:undefined:undefined":12,"s:207:2:221:Infinity":60,"b:210:4:216:Infinity:undefined:undefined:undefined:undefined":13,"s:210:4:216:Infinity":61,"s:211:6:215:Infinity":62,"b:218:4:220:Infinity:undefined:undefined:undefined:undefined":14,"s:218:4:220:Infinity":63,"s:219:6:219:Infinity":64,"s:224:2:226:Infinity":65},"fnNames":{}}}
,"/home/yutiuser/projects/solana/solana-sdk/src/rpc/retry.ts": {"path":"/home/yutiuser/projects/solana/solana-sdk/src/rpc/retry.ts","statementMap":{"0":{"start":{"line":28,"column":2},"end":{"line":30,"column":null}},"1":{"start":{"line":29,"column":4},"end":{"line":29,"column":null}},"2":{"start":{"line":33,"column":2},"end":{"line":35,"column":null}},"3":{"start":{"line":34,"column":4},"end":{"line":34,"column":null}},"4":{"start":{"line":38,"column":2},"end":{"line":38,"column":null}},"5":{"start":{"line":58,"column":27},"end":{"line":58,"column":null}},"6":{"start":{"line":61,"column":22},"end":{"line":61,"column":null}},"7":{"start":{"line":64,"column":22},"end":{"line":64,"column":null}},"8":{"start":{"line":65,"column":27},"end":{"line":65,"column":null}},"9":{"start":{"line":66,"column":26},"end":{"line":66,"column":null}},"10":{"start":{"line":69,"column":2},"end":{"line":69,"column":null}}},"fnMap":{"0":{"name":"shouldRetry","decl":{"start":{"line":22,"column":16},"end":{"line":22,"column":null}},"loc":{"start":{"line":26,"column":11},"end":{"line":39,"column":null}},"line":26},"1":{"name":"computeBackoffMs","decl":{"start":{"line":52,"column":16},"end":{"line":52,"column":null}},"loc":{"start":{"line":56,"column":10},"end":{"line":70,"column":null}},"line":56}},"branchMap":{"0":{"loc":{"start":{"line":28,"column":2},"end":{"line":30,"column":null}},"type":"if","locations":[{"start":{"line":28,"column":2},"end":{"line":30,"column":null}},{"start":{},"end":{}}],"line":28},"1":{"loc":{"start":{"line":33,"column":2},"end":{"line":35,"column":null}},"type":"if","locations":[{"start":{"line":33,"column":2},"end":{"line":35,"column":null}},{"start":{},"end":{}}],"line":33}},"s":{"0":46,"1":1,"2":45,"3":8,"4":37,"5":58,"6":58,"7":58,"8":58,"9":58,"10":58},"f":{"0":46,"1":58},"b":{"0":[1,45],"1":[8,37]},"meta":{"lastBranch":2,"lastFunction":2,"lastStatement":11,"seen":{"f:22:16:22:Infinity":0,"b:28:2:30:Infinity:undefined:undefined:undefined:undefined":0,"s:28:2:30:Infinity":0,"s:29:4:29:Infinity":1,"b:33:2:35:Infinity:undefined:undefined:undefined:undefined":1,"s:33:2:35:Infinity":2,"s:34:4:34:Infinity":3,"s:38:2:38:Infinity":4,"f:52:16:52:Infinity":1,"s:58:27:58:Infinity":5,"s:61:22:61:Infinity":6,"s:64:22:64:Infinity":7,"s:65:27:65:Infinity":8,"s:66:26:66:Infinity":9,"s:69:2:69:Infinity":10},"fnNames":{}}}
,"/home/yutiuser/projects/solana/solana-sdk/src/rpc/scoring.ts": {"path":"/home/yutiuser/projects/solana/solana-sdk/src/rpc/scoring.ts","statementMap":{"0":{"start":{"line":30,"column":14},"end":{"line":30,"column":null}},"1":{"start":{"line":33,"column":2},"end":{"line":33,"column":null}},"2":{"start":{"line":36,"column":24},"end":{"line":36,"column":null}},"3":{"start":{"line":37,"column":22},"end":{"line":37,"column":null}},"4":{"start":{"line":38,"column":2},"end":{"line":38,"column":null}},"5":{"start":{"line":41,"column":2},"end":{"line":46,"column":null}},"6":{"start":{"line":42,"column":31},"end":{"line":42,"column":null}},"7":{"start":{"line":44,"column":26},"end":{"line":44,"column":null}},"8":{"start":{"line":45,"column":4},"end":{"line":45,"column":null}},"9":{"start":{"line":48,"column":2},"end":{"line":48,"column":null}},"10":{"start":{"line":58,"column":2},"end":{"line":58,"column":null}},"11":{"start":{"line":77,"column":20},"end":{"line":77,"column":null}},"12":{"start":{"line":77,"column":45},"end":{"line":77,"column":81}},"13":{"start":{"line":79,"column":2},"end":{"line":81,"column":null}},"14":{"start":{"line":80,"column":4},"end":{"line":80,"column":null}},"15":{"start":{"line":84,"column":24},"end":{"line":84,"column":null}},"16":{"start":{"line":85,"column":2},"end":{"line":87,"column":null}},"17":{"start":{"line":86,"column":4},"end":{"line":86,"column":null}},"18":{"start":{"line":89,"column":21},"end":{"line":89,"column":null}},"19":{"start":{"line":90,"column":18},"end":{"line":90,"column":null}},"20":{"start":{"line":92,"column":2},"end":{"line":101,"column":null}},"21":{"start":{"line":92,"column":15},"end":{"line":92,"column":18}},"22":{"start":{"line":93,"column":21},"end":{"line":93,"column":null}},"23":{"start":{"line":94,"column":4},"end":{"line":100,"column":null}},"24":{"start":{"line":95,"column":20},"end":{"line":95,"column":null}},"25":{"start":{"line":96,"column":6},"end":{"line":99,"column":null}},"26":{"start":{"line":97,"column":8},"end":{"line":97,"column":null}},"27":{"start":{"line":98,"column":8},"end":{"line":98,"column":null}},"28":{"start":{"line":103,"column":2},"end":{"line":103,"column":null}}},"fnMap":{"0":{"name":"scoreEndpoint","decl":{"start":{"line":25,"column":16},"end":{"line":25,"column":null}},"loc":{"start":{"line":29,"column":10},"end":{"line":49,"column":null}},"line":29},"1":{"name":"isEndpointCircuitOpen","decl":{"start":{"line":54,"column":16},"end":{"line":54,"column":null}},"loc":{"start":{"line":57,"column":11},"end":{"line":59,"column":null}},"line":57},"2":{"name":"selectBestEndpoint","decl":{"start":{"line":71,"column":16},"end":{"line":71,"column":null}},"loc":{"start":{"line":75,"column":38},"end":{"line":104,"column":null}},"line":75},"3":{"name":"(anonymous_3)","decl":{"start":{"line":77,"column":27},"end":{"line":77,"column":35}},"loc":{"start":{"line":77,"column":45},"end":{"line":77,"column":81}},"line":77}},"branchMap":{"0":{"loc":{"start":{"line":37,"column":22},"end":{"line":37,"column":null}},"type":"cond-expr","locations":[{"start":{"line":37,"column":42},"end":{"line":37,"column":79}},{"start":{"line":37,"column":79},"end":{"line":37,"column":null}}],"line":37},"1":{"loc":{"start":{"line":41,"column":2},"end":{"line":46,"column":null}},"type":"if","locations":[{"start":{"line":41,"column":2},"end":{"line":46,"column":null}},{"start":{},"end":{}}],"line":41},"2":{"loc":{"start":{"line":58,"column":9},"end":{"line":58,"column":null}},"type":"binary-expr","locations":[{"start":{"line":58,"column":9},"end":{"line":58,"column":49}},{"start":{"line":58,"column":49},"end":{"line":58,"column":null}}],"line":58},"3":{"loc":{"start":{"line":79,"column":2},"end":{"line":81,"column":null}},"type":"if","locations":[{"start":{"line":79,"column":2},"end":{"line":81,"column":null}},{"start":{},"end":{}}],"line":79},"4":{"loc":{"start":{"line":85,"column":2},"end":{"line":87,"column":null}},"type":"if","locations":[{"start":{"line":85,"column":2},"end":{"line":87,"column":null}},{"start":{},"end":{}}],"line":85},"5":{"loc":{"start":{"line":94,"column":4},"end":{"line":100,"column":null}},"type":"if","locations":[{"start":{"line":94,"column":4},"end":{"line":100,"column":null}},{"start":{},"end":{}}],"line":94},"6":{"loc":{"start":{"line":96,"column":6},"end":{"line":99,"column":null}},"type":"if","locations":[{"start":{"line":96,"column":6},"end":{"line":99,"column":null}},{"start":{},"end":{}}],"line":96}},"s":{"0":91,"1":91,"2":91,"3":91,"4":91,"5":91,"6":25,"7":25,"8":25,"9":91,"10":90,"11":60,"12":87,"13":60,"14":4,"15":56,"16":56,"17":0,"18":56,"19":56,"20":56,"21":56,"22":23,"23":23,"24":23,"25":23,"26":13,"27":13,"28":56},"f":{"0":91,"1":90,"2":60,"3":87},"b":{"0":[6,85],"1":[25,66],"2":[90,10],"3":[4,56],"4":[0,56],"5":[23,0],"6":[13,10]},"meta":{"lastBranch":7,"lastFunction":4,"lastStatement":29,"seen":{"f:25:16:25:Infinity":0,"s:30:14:30:Infinity":0,"s:33:2:33:Infinity":1,"s:36:24:36:Infinity":2,"s:37:22:37:Infinity":3,"b:37:42:37:79:37:79:37:Infinity":0,"s:38:2:38:Infinity":4,"b:41:2:46:Infinity:undefined:undefined:undefined:undefined":1,"s:41:2:46:Infinity":5,"s:42:31:42:Infinity":6,"s:44:26:44:Infinity":7,"s:45:4:45:Infinity":8,"s:48:2:48:Infinity":9,"f:54:16:54:Infinity":1,"s:58:2:58:Infinity":10,"b:58:9:58:49:58:49:58:Infinity":2,"f:71:16:71:Infinity":2,"s:77:20:77:Infinity":11,"f:77:27:77:35":3,"s:77:45:77:81":12,"b:79:2:81:Infinity:undefined:undefined:undefined:undefined":3,"s:79:2:81:Infinity":13,"s:80:4:80:Infinity":14,"s:84:24:84:Infinity":15,"b:85:2:87:Infinity:undefined:undefined:undefined:undefined":4,"s:85:2:87:Infinity":16,"s:86:4:86:Infinity":17,"s:89:21:89:Infinity":18,"s:90:18:90:Infinity":19,"s:92:2:101:Infinity":20,"s:92:15:92:18":21,"s:93:21:93:Infinity":22,"b:94:4:100:Infinity:undefined:undefined:undefined:undefined":5,"s:94:4:100:Infinity":23,"s:95:20:95:Infinity":24,"b:96:6:99:Infinity:undefined:undefined:undefined:undefined":6,"s:96:6:99:Infinity":25,"s:97:8:97:Infinity":26,"s:98:8:98:Infinity":27,"s:103:2:103:Infinity":28},"fnNames":{}}}
,"/home/yutiuser/projects/solana/solana-sdk/src/rpc/timeout.ts": {"path":"/home/yutiuser/projects/solana/solana-sdk/src/rpc/timeout.ts","statementMap":{"0":{"start":{"line":26,"column":2},"end":{"line":28,"column":null}},"1":{"start":{"line":27,"column":4},"end":{"line":27,"column":null}},"2":{"start":{"line":29,"column":2},"end":{"line":29,"column":null}},"3":{"start":{"line":40,"column":2},"end":{"line":44,"column":null}},"4":{"start":{"line":64,"column":2},"end":{"line":66,"column":null}},"5":{"start":{"line":65,"column":4},"end":{"line":65,"column":null}},"6":{"start":{"line":68,"column":22},"end":{"line":68,"column":null}},"7":{"start":{"line":70,"column":2},"end":{"line":94,"column":null}},"8":{"start":{"line":71,"column":18},"end":{"line":71,"column":null}},"9":{"start":{"line":73,"column":26},"end":{"line":78,"column":null}},"10":{"start":{"line":74,"column":6},"end":{"line":74,"column":null}},"11":{"start":{"line":74,"column":19},"end":{"line":74,"column":null}},"12":{"start":{"line":75,"column":6},"end":{"line":75,"column":null}},"13":{"start":{"line":76,"column":24},"end":{"line":76,"column":null}},"14":{"start":{"line":77,"column":6},"end":{"line":77,"column":null}},"15":{"start":{"line":80,"column":4},"end":{"line":93,"column":null}},"16":{"start":{"line":82,"column":8},"end":{"line":82,"column":null}},"17":{"start":{"line":82,"column":21},"end":{"line":82,"column":null}},"18":{"start":{"line":83,"column":8},"end":{"line":83,"column":null}},"19":{"start":{"line":84,"column":8},"end":{"line":84,"column":null}},"20":{"start":{"line":85,"column":8},"end":{"line":85,"column":null}},"21":{"start":{"line":88,"column":8},"end":{"line":88,"column":null}},"22":{"start":{"line":88,"column":21},"end":{"line":88,"column":null}},"23":{"start":{"line":89,"column":8},"end":{"line":89,"column":null}},"24":{"start":{"line":90,"column":8},"end":{"line":90,"column":null}},"25":{"start":{"line":91,"column":8},"end":{"line":91,"column":null}}},"fnMap":{"0":{"name":"isWithinTimeout","decl":{"start":{"line":21,"column":16},"end":{"line":21,"column":null}},"loc":{"start":{"line":25,"column":11},"end":{"line":30,"column":null}},"line":25},"1":{"name":"createTimeoutError","decl":{"start":{"line":35,"column":16},"end":{"line":35,"column":null}},"loc":{"start":{"line":39,"column":12},"end":{"line":45,"column":null}},"line":39},"2":{"name":"withTimeout","decl":{"start":{"line":57,"column":22},"end":{"line":57,"column":null}},"loc":{"start":{"line":63,"column":14},"end":{"line":95,"column":null}},"line":63},"3":{"name":"(anonymous_3)","decl":{"start":{"line":70,"column":13},"end":{"line":70,"column":25}},"loc":{"start":{"line":70,"column":45},"end":{"line":94,"column":3}},"line":70},"4":{"name":"(anonymous_4)","decl":{"start":{"line":73,"column":32},"end":{"line":73,"column":49}},"loc":{"start":{"line":73,"column":49},"end":{"line":78,"column":7}},"line":73},"5":{"name":"(anonymous_5)","decl":{"start":{"line":80,"column":12},"end":{"line":80,"column":null}},"loc":{"start":{"line":81,"column":17},"end":{"line":86,"column":null}},"line":81},"6":{"name":"(anonymous_6)","decl":{"start":{"line":86,"column":6},"end":{"line":86,"column":null}},"loc":{"start":{"line":87,"column":17},"end":{"line":92,"column":null}},"line":87}},"branchMap":{"0":{"loc":{"start":{"line":26,"column":2},"end":{"line":28,"column":null}},"type":"if","locations":[{"start":{"line":26,"column":2},"end":{"line":28,"column":null}},{"start":{},"end":{}}],"line":26},"1":{"loc":{"start":{"line":64,"column":2},"end":{"line":66,"column":null}},"type":"if","locations":[{"start":{"line":64,"column":2},"end":{"line":66,"column":null}},{"start":{},"end":{}}],"line":64},"2":{"loc":{"start":{"line":74,"column":6},"end":{"line":74,"column":null}},"type":"if","locations":[{"start":{"line":74,"column":6},"end":{"line":74,"column":null}},{"start":{},"end":{}}],"line":74},"3":{"loc":{"start":{"line":82,"column":8},"end":{"line":82,"column":null}},"type":"if","locations":[{"start":{"line":82,"column":8},"end":{"line":82,"column":null}},{"start":{},"end":{}}],"line":82},"4":{"loc":{"start":{"line":88,"column":8},"end":{"line":88,"column":null}},"type":"if","locations":[{"start":{"line":88,"column":8},"end":{"line":88,"column":null}},{"start":{},"end":{}}],"line":88}},"s":{"0":6,"1":1,"2":5,"3":7,"4":13,"5":1,"6":12,"7":12,"8":12,"9":12,"10":3,"11":0,"12":3,"13":3,"14":3,"15":12,"16":8,"17":1,"18":7,"19":7,"20":7,"21":2,"22":0,"23":2,"24":2,"25":2},"f":{"0":6,"1":7,"2":13,"3":12,"4":3,"5":8,"6":2},"b":{"0":[1,5],"1":[1,12],"2":
[...]
17},"12":{"loc":{"start":{"line":122,"column":4},"end":{"line":130,"column":null}},"type":"if","locations":[{"start":{"line":122,"column":4},"end":{"line":130,"column":null}},{"start":{"line":128,"column":11},"end":{"line":130,"column":null}}],"line":122},"13":{"loc":{"start":{"line":123,"column":6},"end":{"line":127,"column":null}},"type":"if","locations":[{"start":{"line":123,"column":6},"end":{"line":127,"column":null}},{"start":{"line":125,"column":13},"end":{"line":127,"column":null}}],"line":123},"14":{"loc":{"start":{"line":123,"column":10},"end":{"line":123,"column":64}},"type":"binary-expr","locations":[{"start":{"line":123,"column":10},"end":{"line":123,"column":28}},{"start":{"line":123,"column":28},"end":{"line":123,"column":64}}],"line":123},"15":{"loc":{"start":{"line":133,"column":4},"end":{"line":135,"column":null}},"type":"if","locations":[{"start":{"line":133,"column":4},"end":{"line":135,"column":null}},{"start":{},"end":{}}],"line":133},"16":{"loc":{"start":{"line":133,"column":8},"end":{"line":133,"column":43}},"type":"binary-expr","locations":[{"start":{"line":133,"column":8},"end":{"line":133,"column":17}},{"start":{"line":133,"column":17},"end":{"line":133,"column":43}}],"line":133},"17":{"loc":{"start":{"line":140,"column":4},"end":{"line":142,"column":null}},"type":"if","locations":[{"start":{"line":140,"column":4},"end":{"line":142,"column":null}},{"start":{},"end":{}}],"line":140},"18":{"loc":{"start":{"line":140,"column":8},"end":{"line":140,"column":62}},"type":"binary-expr","locations":[{"start":{"line":140,"column":8},"end":{"line":140,"column":32}},{"start":{"line":140,"column":32},"end":{"line":140,"column":62}}],"line":140},"19":{"loc":{"start":{"line":146,"column":6},"end":{"line":148,"column":null}},"type":"if","locations":[{"start":{"line":146,"column":6},"end":{"line":148,"column":null}},{"start":{},"end":{}}],"line":146},"20":{"loc":{"start":{"line":153,"column":4},"end":{"line":158,"column":null}},"type":"if","locations":[{"start":{"line":153,"column":4},"end":{"line":158,"column":null}},{"start":{},"end":{}}],"line":153},"21":{"loc":{"start":{"line":154,"column":6},"end":{"line":156,"column":null}},"type":"if","locations":[{"start":{"line":154,"column":6},"end":{"line":156,"column":null}},{"start":{},"end":{}}],"line":154},"22":{"loc":{"start":{"line":164,"column":4},"end":{"line":166,"column":null}},"type":"if","locations":[{"start":{"line":164,"column":4},"end":{"line":166,"column":null}},{"start":{},"end":{}}],"line":164},"23":{"loc":{"start":{"line":170,"column":4},"end":{"line":172,"column":null}},"type":"if","locations":[{"start":{"line":170,"column":4},"end":{"line":172,"column":null}},{"start":{},"end":{}}],"line":170},"24":{"loc":{"start":{"line":199,"column":4},"end":{"line":201,"column":null}},"type":"if","locations":[{"start":{"line":199,"column":4},"end":{"line":201,"column":null}},{"start":{},"end":{}}],"line":199},"25":{"loc":{"start":{"line":203,"column":4},"end":{"line":205,"column":null}},"type":"if","locations":[{"start":{"line":203,"column":4},"end":{"line":205,"column":null}},{"start":{},"end":{}}],"line":203},"26":{"loc":{"start":{"line":215,"column":4},"end":{"line":229,"column":null}},"type":"if","locations":[{"start":{"line":215,"column":4},"end":{"line":229,"column":null}},{"start":{"line":217,"column":11},"end":{"line":229,"column":null}}],"line":215},"27":{"loc":{"start":{"line":217,"column":11},"end":{"line":229,"column":null}},"type":"if","locations":[{"start":{"line":217,"column":11},"end":{"line":229,"column":null}},{"start":{},"end":{}}],"line":217},"28":{"loc":{"start":{"line":217,"column":15},"end":{"line":217,"column":57}},"type":"binary-expr","locations":[{"start":{"line":217,"column":15},"end":{"line":217,"column":27}},{"start":{"line":217,"column":27},"end":{"line":217,"column":57}}],"line":217},"29":{"loc":{"start":{"line":218,"column":6},"end":{"line":228,"column":null}},"type":"if","locations":[{"start":{"line":218,"column":6},"end":{"line":228,"column":null}},{"start":{"line":223,"column":13},"end":{"line":228,"column":null}}],"line":218},"30":{"loc":{"start":{"line":219,"column":8},"end":{"line":221,"column":null}},"type":"if","locations":[{"start":{"line":219,"column":8},"end":{"line":221,"column":null}},{"start":{},"end":{}}],"line":219},"31":{"loc":{"start":{"line":223,"column":13},"end":{"line":228,"column":null}},"type":"if","locations":[{"start":{"line":223,"column":13},"end":{"line":228,"column":null}},{"start":{},"end":{}}],"line":223},"32":{"loc":{"start":{"line":224,"column":8},"end":{"line":226,"column":null}},"type":"if","locations":[{"start":{"line":224,"column":8},"end":{"line":226,"column":null}},{"start":{},"end":{}}],"line":224},"33":{"loc":{"start":{"line":231,"column":4},"end":{"line":233,"column":null}},"type":"if","locations":[{"start":{"line":231,"column":4},"end":{"line":233,"column":null}},{"start":{},"end":{}}],"line":231},"34":{"loc":{"start":{"line":231,"column":8},"end":{"line":231,"column":53}},"type":"binary-expr","locations":[{"start":{"line":231,"column":8},"end":{"line":231,"column":22}},{"start":{"line":231,"column":22},"end":{"line":231,"column":53}}],"line":231},"35":{"loc":{"start":{"line":240,"column":4},"end":{"line":242,"column":null}},"type":"if","locations":[{"start":{"line":240,"column":4},"end":{"line":242,"column":null}},{"start":{},"end":{}}],"line":240},"36":{"loc":{"start":{"line":263,"column":2},"end":{"line":267,"column":null}},"type":"if","locations":[{"start":{"line":263,"column":2},"end":{"line":267,"column":null}},{"start":{},"end":{}}],"line":263},"37":{"loc":{"start":{"line":264,"column":4},"end":{"line":266,"column":null}},"type":"if","locations":[{"start":{"line":264,"column":4},"end":{"line":266,"column":null}},{"start":{},"end":{}}],"line":264}},"s":{"0":27,"1":2,"2":25,"3":25,"4":25,"5":1,"6":0,"7":24,"8":0,"9":24,"10":1,"11":23,"12":1,"13":22,"14":3,"15":19,"16":1,"17":18,"18":8,"19":12,"20":12,"21":9,"22":1,"23":8,"24":6,"25":6,"26":0,"27":2,"28":8,"29":0,"30":8,"31":8,"32":3,"33":5,"34":7,"35":1,"36":4,"37":3,"38":1,"39":2,"40":3,"41":3,"42":2,"43":3,"44":3,"45":3,"46":0,"47":28,"48":28,"49":28,"50":2,"51":28,"52":2,"53":28,"54":24,"55":20,"56":4,"57":4,"58":2,"59":1,"60":1,"61":2,"62":2,"63":1,"64":1,"65":22,"66":2,"67":20,"68":4,"69":4,"70":0,"71":8,"72":5,"73":2,"74":6},"f":{"0":27,"1":8,"2":12,"3":28,"4":8},"b":{"0":[2,25],"1":[27,25],"2":[1,24],"3":[0,24],"4":[1,23],"5":[24,23],"6":[1,22],"7":[3,19],"8":[22,21],"9":[1,18],"10":[1,8],"11":[9,9],"12":[6,2],"13":[6,0],"14":[6,6],"15":[0,8],"16":[8,8],"17":[3,5],"18":[8,6],"19":[1,6],"20":[3,1],"21":[1,2],"22":[2,1],"23":[3,0],"24":[2,26],"25":[2,26],"26":[20,4],"27":[4,0],"28":[4,4],"29":[2,2],"30":[1,1],"31":[2,0],"32":[1,1],"33":[2,20],"34":[22,21],"35":[4,0],"36":[5,3],"37":[2,3]},"meta":{"lastBranch":38,"lastFunction":5,"lastStatement":75,"seen":{"f:30:16:30:Infinity":0,"b:36:2:38:Infinity:undefined:undefined:undefined:undefined":0,"s:36:2:38:Infinity":0,"b:36:6:36:17:36:17:36:45":1,"s:37:4:37:Infinity":1,"s:42:2:50:Infinity":2,"s:43:4:43:Infinity":3,"b:45:4:47:Infinity:undefined:undefined:undefined:undefined":2,"s:45:4:47:Infinity":4,"s:46:6:46:Infinity":5,"s:49:4:49:Infinity":6,"b:53:2:55:Infinity:undefined:undefined:undefined:undefined":3,"s:53:2:55:Infinity":7,"s:54:4:54:Infinity":8,"b:58:2:60:Infinity:undefined:undefined:undefined:undefined":4,"s:58:2:60:Infinity":9,"b:58:6:58:20:58:20:58:51":5,"s:59:4:59:Infinity":10,"b:63:2:65:Infinity:undefined:undefined:undefined:undefined":6,"s:63:2:65:Infinity":11,"s:64:4:64:Infinity":12,"b:68:2:70:Infinity:undefined:undefined:undefined:undefined":7,"s:68:2:70:Infinity":13,"b:68:6:68:49:68:49:68:76":8,"s:69:4:69:Infinity":14,"b:72:2:74:Infinity:undefined:undefined:undefined:undefined":9,"s:72:2:74:Infinity":15,"s:73:4:73:Infinity":16,"s:76:2:80:Infinity":17,"f:90:16:90:Infinity":1,"s:94:2:94:Infinity":18,"f:104:22:104:Infinity":2,"s:108:2:174:Infinity":19,"s:109:21:112:Infinity":20,"b:117:4:119:Infinity:undefined:undefined:undefined:undefined":10,"s:117:4:119:Infinity":21,"b:117:8:117:21:117:21:117:51":11,"s:118:6:118:Infinity":22,"b:122:4:130:Infinity:128:11:130:Infinity":12,"s:122:4:130:Infinity":23,"b:123:6:127:Infinity:125:13:127:Infinity":13,"s:123:6:127:Infinity":24,"b:123:10:123:28:123:28:123:64":14,"s:124:8:124:Infinity":25,"s:126:8:126:Infinity":26,"s:129:6:129:Infinity":27,"b:133:4:135:Infinity:undefined:undefined:undefined:undefined":15,"s:133:4:135:Infinity":28,"b:133:8:133:17:133:17:133:43":16,"s:134:6:134:Infinity":29,"s:138:20:138:Infinity":30,"b:140:4:142:Infinity:undefined:undefined:undefined:undefined":17,"s:140:4:142:Infinity":31,"b:140:8:140:32:140:32:140:62":18,"s:141:6:141:Infinity":32,"s:145:4:149:Infinity":33,"b:146:6:148:Infinity:undefined:undefined:undefined:undefined":19,"s:146:6:148:Infinity":34,"s:147:8:147:Infinity":35,"b:153:4:158:Infinity:undefined:undefined:undefined:undefined":20,"s:153:4:158:Infinity":36,"b:154:6:156:Infinity:undefined:undefined:undefined:undefined":21,"s:154:6:156:Infinity":37,"s:155:8:155:Infinity":38,"s:157:6:157:Infinity":39,"s:161:48:163:Infinity":40,"b:164:4:166:Infinity:undefined:undefined:undefined:undefined":22,"s:164:4:166:Infinity":41,"s:165:6:165:Infinity":42,"s:168:4:168:Infinity":43,"b:170:4:172:Infinity:undefined:undefined:undefined:undefined":23,"s:170:4:172:Infinity":44,"s:171:6:171:Infinity":45,"s:173:4:173:Infinity":46,"f:185:22:185:Infinity":3,"s:190:2:244:Infinity":47,"s:195:8:197:Infinity":48,"b:199:4:201:Infinity:undefined:undefined:undefined:undefined":24,"s:199:4:201:Infinity":49,"s:200:6:200:Infinity":50,"b:203:4:205:Infinity:undefined:undefined:undefined:undefined":25,"s:203:4:205:Infinity":51,"s:204:6:204:Infinity":52,"s:207:21:210:Infinity":53,"b:215:4:229:Infinity:217:11:229:Infinity":26,"s:215:4:229:Infinity":54,"s:216:6:216:Infinity":55,"b:217:11:229:Infinity:undefined:undefined:undefined:undefined":27,"s:217:11:229:Infinity":56,"b:217:15:217:27:217:27:217:57":28,"b:218:6:228:Infinity:223:13:228:Infinity":29,"s:218:6:228:Infinity":57,"b:219:8:221:Infinity:undefined:undefined:undefined:undefined":30,"s:219:8:221:Infinity":58,"s:220:10:220:Infinity":59,"s:222:8:222:Infinity":60,"b:223:13:228:Infinity:undefined:undefined:undefined:undefined":31,"s:223:13:228:Infinity":61,"b:224:8:226:Infinity:undefined:undefined:undefined:undefined":32,"s:224:8:226:Infinity":62,"s:225:10:225:Infinity":63,"s:227:8:227:Infinity":64,"b:231:4:233:Infinity:undefined:undefined:undefined:undefined":33,"s:231:4:233:Infinity":65,"b:231:8:231:22:231:22:231:53":34,"s:232:6:232:Infinity":66,"s:235:4:238:Infinity":67,"b:240:4:242:Infinity:undefined:undefined:undefined:undefined":35,"s:240:4:242:Infinity":68,"s:241:6:241:Infinity":69,"s:243:4:243:Infinity":70,"f:257:22:257:Infinity":4,"b:263:2:267:Infinity:undefined:undefined:undefined:undefined":36,"s:263:2:267:Infinity":71,"b:264:4:266:Infinity:undefined:undefined:undefined:undefined":37,"s:264:4:266:Infinity":72,"s:265:6:265:Infinity":73,"s:270:2:270:Infinity":74},"fnNames":{}}}
,"/home/yutiuser/projects/solana/solana-sdk/src/wallet/adapter.ts": {"path":"/home/yutiuser/projects/solana/solana-sdk/src/wallet/adapter.ts","statementMap":{"0":{"start":{"line":29,"column":2},"end":{"line":31,"column":null}},"1":{"start":{"line":30,"column":4},"end":{"line":30,"column":null}},"2":{"start":{"line":35,"column":2},"end":{"line":43,"column":null}},"3":{"start":{"line":36,"column":4},"end":{"line":36,"column":null}},"4":{"start":{"line":38,"column":4},"end":{"line":40,"column":null}},"5":{"start":{"line":39,"column":6},"end":{"line":39,"column":null}},"6":{"start":{"line":42,"column":4},"end":{"line":42,"column":null}},"7":{"start":{"line":46,"column":2},"end":{"line":48,"column":null}},"8":{"start":{"line":47,"column":4},"end":{"line":47,"column":null}},"9":{"start":{"line":50,"column":2},"end":{"line":113,"column":null}},"10":{"start":{"line":51,"column":25},"end":{"line":51,"column":null}},"11":{"start":{"line":54,"column":4},"end":{"line":60,"column":null}},"12":{"start":{"line":55,"column":6},"end":{"line":59,"column":null}},"13":{"start":{"line":62,"column":40},"end":{"line":62,"column":null}},"14":{"start":{"line":64,"column":4},"end":{"line":71,"column":null}},"15":{"start":{"line":65,"column":6},"end":{"line":70,"column":null}},"16":{"start":{"line":75,"column":4},"end":{"line":87,"column":null}},"17":{"start":{"line":76,"column":6},"end":{"line":76,"column":null}},"18":{"start":{"line":78,"column":6},"end":{"line":82,"column":null}},"19":{"start":{"line":79,"column":8},"end":{"line":81,"column":null}},"20":{"start":{"line":84,"column":6},"end":{"line":86,"column":null}},"21":{"start":{"line":90,"column":4},"end":{"line":92,"column":null}},"22":{"start":{"line":91,"column":6},"end":{"line":91,"column":null}},"23":{"start":{"line":95,"column":37},"end":{"line":97,"column":null}},"24":{"start":{"line":99,"column":4},"end":{"line":101,"column":null}},"25":{"start":{"line":100,"column":6},"end":{"line":100,"column":null}},"26":{"start":{"line":103,"column":4},"end":{"line":103,"column":null}},"27":{"start":{"line":105,"column":4},"end":{"line":107,"column":null}},"28":{"start":{"line":106,"column":6},"end":{"line":106,"column":null}},"29":{"start":{"line":108,"column":4},"end":{"line":112,"column":null}},"30":{"start":{"line":132,"column":21},"end":{"line":132,"column":null}},"31":{"start":{"line":133,"column":2},"end":{"line":135,"column":null}},"32":{"start":{"line":134,"column":4},"end":{"line":134,"column":null}},"33":{"start":{"line":137,"column":27},"end":{"line":137,"column":null}},"34":{"start":{"line":140,"column":46},"end":{"line":144,"column":null}},"35":{"start":{"line":147,"column":21},"end":{"line":147,"column":null}},"36":{"start":{"line":148,"column":2},"end":{"line":155,"column":null}},"37":{"start":{"line":149,"column":4},"end":{"line":152,"column":null}},"38":{"start":{"line":154,"column":4},"end":{"line":154,"column":null}}},"fnMap":{"0":{"name":"signTransactionWithWallet","decl":{"start":{"line":24,"column":22},"end":{"line":24,"column":null}},"loc":{"start":{"line":27,"column":37},"end":{"line":114,"column":null}},"line":27},"1":{"name":"sendViaWallet","decl":{"start":{"line":125,"column":22},"end":{"line":125,"column":null}},"loc":{"start":{"line":130,"column":37},"end":{"line":156,"column":null}},"line":130}},"branchMap":{"0":{"loc":{"start":{"line":29,"column":2},"end":{"line":31,"column":null}},"type":"if","locations":[{"start":{"line":29,"column":2},"end":{"line":31,"column":null}},{"start":{},"end":{}}],"line":29},"1":{"loc":{"start":{"line":29,"column":6},"end":{"line":29,"column":45}},"type":"binary-expr","locations":[{"start":{"line":29,"column":6},"end":{"line":29,"column":17}},{"start":{"line":29,"column":17},"end":{"line":29,"column":45}}],"line":29},"2":{"loc":{"start":{"line":38,"column":4},"end":{"line":40,"column":null}},"type":"if","locations":[{"start":{"line":38,"column":4},"end":{"line":40,"column":null}},{"start":{},"end":{}}],"line":38},"3":{"loc":{"start":{"line":46,"column":2},"end":{"line":48,"column":null}},"type":"if","locations":[{"start":{"line":46,"column":2},"end":{"line":48,"column":null}},{"start":{},"end":{}}],"line":46},"4":{"loc":{"start":{"line":54,"column":4},"end":{"line":60,"column":null}},"type":"if","locations":[{"start":{"line":54,"column":4},"end":{"line":60,"column":null}},{"start":{},"end":{}}],"line":54},"5":{"loc":{"start":{"line":54,"column":8},"end":{"line":54,"column":59}},"type":"binary-expr","locations":[{"start":{"line":54,"column":8},"end":{"line":54,"column":25}},{"start":{"line":54,"column":25},"end":{"line":54,"column":59}}],"line":54},"6":{"loc":{"start":{"line":64,"column":4},"end":{"line":71,"column":null}},"type":"if","locations":[{"start":{"line":64,"column":4},"end":{"line":71,"column":null}},{"start":{},"end":{}}],"line":64},"7":{"loc":{"start":{"line":64,"column":8},"end":{"line":64,"column":59}},"type":"binary-expr","locations":[{"start":{"line":64,"column":8},"end":{"line":64,"column":25}},{"start":{"line":64,"column":25},"end":{"line":64,"column":59}}],"line":64},"8":{"loc":{"start":{"line":78,"column":6},"end":{"line":82,"column":null}},"type":"if","locations":[{"start":{"line":78,"column":6},"end":{"line":82,"column":null}},{"start":{},"end":{}}],"line":78},"9":{"loc":{"start":{"line":90,"column":4},"end":{"line":92,"column":null}},"type":"if","locations":[{"start":{"line":90,"column":4},"end":{"line":92,"column":null}},{"start":{},"end":{}}],"line":90},"10":{"loc":{"start":{"line":99,"column":4},"end":{"line":101,"column":null}},"type":"if","locations":[{"start":{"line":99,"column":4},"end":{"line":101,"column":null}},{"start":{},"end":{}}],"line":99},"11":{"loc":{"start":{"line":99,"column":8},"end":{"line":99,"column":66}},"type":"binary-expr","locations":[{"start":{"line":99,"column":8},"end":{"line":99,"column":35}},{"start":{"line":99,"column":35},"end":{"line":99,"column":66}}],"line":99},"12":{"loc":{"start":{"line":105,"column":4},"end":{"line":107,"column":null}},"type":"if","locations":[{"start":{"line":105,"column":4},"end":{"line":107,"column":null}},{"start":{},"end":{}}],"line":105},"13":{"loc":{"start":{"line":133,"column":2},"end":{"line":135,"column":null}},"type":"if","locations":[{"start":{"line":133,"column":2},"end":{"line":135,"column":null}},{"start":{},"end":{}}],"line":133},"14":{"loc":{"start":{"line":148,"column":2},"end":{"line":155,"column":null}},"type":"if","locations":[{"start":{"line":148,"column":2},"end":{"line":155,"column":null}},{"start":{"line":153,"column":9},"end":{"line":155,"column":null}}],"line":148}},"s":{"0":18,"1":1,"2":17,"3":17,"4":17,"5":1,"6":0,"7":16,"8":0,"9":16,"10":16,"11":13,"12":0,"13":13,"14":13,"15":1,"16":12,"17":12,"18":12,"19":1,"20":0,"21":11,"22":0,"23":11,"24":11,"25":3,"26":11,"27":3,"28":0,"29":3,"30":8,"31":8,"32":2,"33":6,"34":6,"35":6,"36":6,"37":5,"38":1},"f":{"0":18,"1":8},"b":{"0":[1,17],"1":[18,17],"2":[1,16],"3":[0,16],"4":[0,13],"5":[13,13],"6":[1,12],"7":[13,12],"8":[1,11],"9":[0,11],"10":[3,8],"11":[11,3],"12":[0,3],"13":[2,6],"14":[5,1]},"meta":{"lastBranch":15,"lastFunction":2,"lastStatement":39,"seen":{"f:24:22:24:Infinity":0,"b:29:2:31:Infinity:undefined:undefined:undefined:undefined":0,"s:29:2:31:Infinity":0,"b:29:6:29:17:29:17:29:45":1,"s:30:4:30:Infinity":1,"s:35:2:43:Infinity":2,"s:36:4:36:Infinity":3,"b:38:4:40:Infinity:undefined:undefined:undefined:undefined":2,"s:38:4:40:Infinity":4,"s:39:6:39:Infinity":5,"s:42:4:42:Infinity":6,"b:46:2:48:Infinity:undefined:undefined:undefined:undefined":3,"s:46:2:48:Infinity":7,"s:47:4:47:Infinity":8,"s:50:2:113:Infinity":9,"s:51:25:51:Infinity":10,"b:54:4:60:Infinity:undefined:undefined:undefined:undefined":4,"s:54:4:60:Infinity":11,"b:54:8:54:25:54:25:54:59":5,"s:55:6:59:Infinity":12,"s:62:40:62:Infinity":13,"b:64:4:71:Infinity:undefined:undefined:undefined:undefined":6,"s:64:4:71:Infinity":14,"b:64:8:64:25:64:25:64:59":7,"s:65:6:70:Infinity":15,"s:75:4:87:Infinity":16,"s:76:6:76:Infinity":17,"b:78:6:82:Infinity:undefined:undefined:undefined:undefined":8,"s:78:6:82:Infinity":18,"s:79:8:81:Infinity":19,"s:84:6:86:Infinity":20,"b:90:4:92:Infinity:undefined:undefined:undefined:undefined":9,"s:90:4:92:Infinity":21,"s:91:6:91:Infinity":22,"s:95:37:97:Infinity":23,"b:99:4:101:Infinity:undefined:undefined:undefined:undefined":10,"s:99:4:101:Infinity":24,"b:99:8:99:35:99:35:99:66":11,"s:100:6:100:Infinity":25,"s:103:4:103:Infinity":26,"b:105:4:107:Infinity:undefined:undefined:undefined:undefined":12,"s:105:4:107:Infinity":27,"s:106:6:106:Infinity":28,"s:108:4:112:Infinity":29,"f:125:22:125:Infinity":1,"s:132:21:132:Infinity":30,"b:133:2:135:Infinity:undefined:undefined:undefined:undefined":13,"s:133:2:135:Infinity":31,"s:134:4:134:Infinity":32,"s:137:27:137:Infinity":33,"s:140:46:144:Infinity":34,"s:147:21:147:Infinity":35,"b:148:2:155:Infinity:153:9:155:Infinity":14,"s:148:2:155:Infinity":36,"s:149:4:152:Infinity":37,"s:154:4:154:Infinity":38},"fnNames":{}}}
}
